config file path : config.ini
[2024-04-21 14:19:04] Initializing...
FISCO-BCOS Version : 2.9.1
Build Time         : 20220922 08:57:35
Build Type         : Linux/g++/Release
Git Branch         : HEAD
Git Commit Hash    : 83a87ad749475c0edcc6d5ce2dabd328a36d3bae
[2024-04-21 14:19:04] The FISCO-BCOS is running...
[2024-04-21 16:02:27] FISCO-BCOS program exit normally.
config file path : config.ini
[2024-04-21 16:06:56] Initializing...
FISCO-BCOS Version : 2.9.1
Build Time         : 20220922 08:57:35
Build Type         : Linux/g++/Release
Git Branch         : HEAD
Git Commit Hash    : 83a87ad749475c0edcc6d5ce2dabd328a36d3bae
[2024-04-21 16:06:56] The FISCO-BCOS is running...
[2024-04-22 16:41:20] FISCO-BCOS program exit normally.
config file path : config.ini
[2024-04-22 16:45:58] Initializing...
FISCO-BCOS Version : 2.9.1
Build Time         : 20220922 08:57:35
Build Type         : Linux/g++/Release
Git Branch         : HEAD
Git Commit Hash    : 83a87ad749475c0edcc6d5ce2dabd328a36d3bae
[2024-04-22 16:45:58] The FISCO-BCOS is running...
[2024-04-22 17:55:39] FISCO-BCOS program exit normally.
config file path : config.ini
[2024-04-22 17:56:52] Initializing...
FISCO-BCOS Version : 2.9.1
Build Time         : 20220922 08:57:35
Build Type         : Linux/g++/Release
Git Branch         : HEAD
Git Commit Hash    : 83a87ad749475c0edcc6d5ce2dabd328a36d3bae
[2024-04-22 17:56:52] The FISCO-BCOS is running...
[2024-04-22 18:02:57] FISCO-BCOS program exit normally.
config file path : config.ini
[2024-04-22 18:03:16] Initializing...
FISCO-BCOS Version : 2.9.1
Build Time         : 20220922 08:57:35
Build Type         : Linux/g++/Release
Git Branch         : HEAD
Git Commit Hash    : 83a87ad749475c0edcc6d5ce2dabd328a36d3bae
[2024-04-22 18:03:16] The FISCO-BCOS is running...
[2024-04-22 18:04:14] FISCO-BCOS program exit normally.
config file path : config.ini
[2024-04-22 18:15:05] Initializing...
FISCO-BCOS Version : 2.9.1
Build Time         : 20220922 08:57:35
Build Type         : Linux/g++/Release
Git Branch         : HEAD
Git Commit Hash    : 83a87ad749475c0edcc6d5ce2dabd328a36d3bae
[2024-04-22 18:15:05] The FISCO-BCOS is running...
[2024-04-22 19:44:48] FISCO-BCOS program exit normally.
config file path : config.ini
[2024-04-22 19:45:30] Initializing...
FISCO-BCOS Version : 2.9.1
Build Time         : 20220922 08:57:35
Build Type         : Linux/g++/Release
Git Branch         : HEAD
Git Commit Hash    : 83a87ad749475c0edcc6d5ce2dabd328a36d3bae
[2024-04-22 19:45:30] The FISCO-BCOS is running...
[2024-04-22 23:06:19] FISCO-BCOS program exit normally.
config file path : config.ini
[2024-04-22 23:24:46] Initializing...
FISCO-BCOS Version : 2.9.1
Build Time         : 20220922 08:57:35
Build Type         : Linux/g++/Release
Git Branch         : HEAD
Git Commit Hash    : 83a87ad749475c0edcc6d5ce2dabd328a36d3bae
[2024-04-22 23:24:46] The FISCO-BCOS is running...
[2024-04-22 23:25:59] FISCO-BCOS program exit normally.
config file path : config.ini
[2024-04-22 23:26:11] Initializing...
FISCO-BCOS Version : 2.9.1
Build Time         : 20220922 08:57:35
Build Type         : Linux/g++/Release
Git Branch         : HEAD
Git Commit Hash    : 83a87ad749475c0edcc6d5ce2dabd328a36d3bae
[2024-04-22 23:26:11] The FISCO-BCOS is running...
[2024-04-23 13:13:13] FISCO-BCOS program exit normally.
config file path : config.ini
[2024-04-23 13:31:27] Initializing...
FISCO-BCOS Version : 2.9.1
Build Time         : 20220922 08:57:35
Build Type         : Linux/g++/Release
Git Branch         : HEAD
Git Commit Hash    : 83a87ad749475c0edcc6d5ce2dabd328a36d3bae
[2024-04-23 13:31:27] The FISCO-BCOS is running...
[2024-04-23 17:24:17] FISCO-BCOS program exit normally.
config file path : config.ini
[2024-04-23 18:09:27] Initializing...
FISCO-BCOS Version : 2.9.1
Build Time         : 20220922 08:57:35
Build Type         : Linux/g++/Release
Git Branch         : HEAD
Git Commit Hash    : 83a87ad749475c0edcc6d5ce2dabd328a36d3bae
[2024-04-23 18:09:27] The FISCO-BCOS is running...
[2024-04-23 18:16:41] FISCO-BCOS program exit normally.
config file path : config.ini
[2024-04-23 18:19:26] Initializing...
FISCO-BCOS Version : 2.9.1
Build Time         : 20220922 08:57:35
Build Type         : Linux/g++/Release
Git Branch         : HEAD
Git Commit Hash    : 83a87ad749475c0edcc6d5ce2dabd328a36d3bae
[2024-04-23 18:19:26] The FISCO-BCOS is running...
[2024-04-23 18:34:15] FISCO-BCOS program exit normally.
config file path : config.ini
[2024-04-23 18:35:15] Initializing...
FISCO-BCOS Version : 2.9.1
Build Time         : 20220922 08:57:35
Build Type         : Linux/g++/Release
Git Branch         : HEAD
Git Commit Hash    : 83a87ad749475c0edcc6d5ce2dabd328a36d3bae
[2024-04-23 18:35:15] The FISCO-BCOS is running...
