info|2024-04-22 17:56:52.756686|[INITIALIZER][initGlobalConfig],enableCompress=true,compatibilityVersion=2.9.1,versionNumber=34144512,enableStat=false,chainId=1,useSMCrypto=false
info|2024-04-22 17:56:52.756761|[INITIALIZER][SecureInitializer]loading privateKey
info|2024-04-22 17:56:52.767297|[INITIALIZER][SecureInitializer]get pub of node,nodeID=9559e1b5ea3ec499cf212fca916e51bf75bbe9061ebbec82c1bc594b0c113c39016f540fa5bcff52907dac69827b972d99b56c4d1c48fe4db97232280a6febd8
info|2024-04-22 17:56:52.767389|[INITIALIZER][SecureInitializer]use user certificate,file=conf//node.crt
info|2024-04-22 17:56:52.767577|[INITIALIZER][SecureInitializer]use ca certificate,file=conf//ca.crt
info|2024-04-22 17:56:52.767606|[INITIALIZER][SecureInitializer]use ca,file=conf//
info|2024-04-22 17:56:52.767631|[INITIALIZER][SecureInitializer][initChannelCertConfig]enable rsa cert for channel ,conf//channel_cert/ certs will be used for channel ssl,dataPath=conf/
info|2024-04-22 17:56:52.768068|[NETWORK][Host]Connecting to node,endpoint=127.0.0.1:30300
info|2024-04-22 17:56:52.768149|[NETWORK][Host]Connecting to node,endpoint=127.0.0.1:30301
info|2024-04-22 17:56:52.768171|[NETWORK][Host]Connecting to node,endpoint=127.0.0.1:30302
info|2024-04-22 17:56:52.768194|[P2P][Service] heartBeat,connected count=0
info|2024-04-22 17:56:52.768221|[INITIALIZER][RPCInitializer],network_security.check_cert_issuer=true
info|2024-04-22 17:56:52.768723|[CHANNEL][ChannelServer::run],threadPoolSize=8
info|2024-04-22 17:56:52.768754|[CHANNEL]ChannelRPCServer started
info|2024-04-22 17:56:52.768759|[INITIALIZER][RPCInitializer: ChannelRPCHttpServer started.],disableDynamicGroup=false,threadSize=8
info|2024-04-22 17:56:52.768765|[INITIALIZER][LedgerInitializer]initConfig
info|2024-04-22 17:56:52.768772|[LedgerInitializer],groupConfigPath=conf/
info|2024-04-22 17:56:52.768903|[INITIALIZER][initSingleLedger] [GroupId], LedgerConstructor:  1,configFileName=conf/group.1.genesis,dataDir=data/
info|2024-04-22 17:56:52.768953|[g:1][LedgerParam][parseGenesisConfig]initConsensusConfig/initStorageConfig/initTxConfig,configFile=conf/group.1.genesis
info|2024-04-22 17:56:52.768969|[g:1][LedgerParam][initConsensusConfig],type=pbft,consensusTimeout=3,maxTxNum=1000,txGasLimit=300000000
info|2024-04-22 17:56:52.768980|[g:1][LedgerParam][parsePublicKeyListOfSection],sectionName=consensus,it.first=bccb49480f503cf64595c15da009623a61a18abec95d563c6cff5deec4b59a30c10c0abc91be9b8db680fdd754cabca6d75fd6afd2414464e14c56bbb7f9ec1b
info|2024-04-22 17:56:52.768992|[g:1][LedgerParam][parsePublicKeyListOfSection],sectionName=consensus,it.first=07db25938c67ad0e9ed88ac6b047afd898b7ffb2f921db7bd36457e5962f28fc0e7b0ff9e030cf7e296a11216be5f5107e34aec420683b0236bd5d3a192e7549
info|2024-04-22 17:56:52.769001|[g:1][LedgerParam][parsePublicKeyListOfSection],sectionName=consensus,it.first=9559e1b5ea3ec499cf212fca916e51bf75bbe9061ebbec82c1bc594b0c113c39016f540fa5bcff52907dac69827b972d99b56c4d1c48fe4db97232280a6febd8
info|2024-04-22 17:56:52.769011|[g:1][LedgerParam][parsePublicKeyListOfSection],totalPubKeySize=3
info|2024-04-22 17:56:52.769038|[g:1][LedgerParam][max_block_range],maxBlockRange=0,maxBlockPerProcess=3
info|2024-04-22 17:56:52.769046|[g:1][LedgerParam][parseGenesisConfig],timestamp=1713680268000
info|2024-04-22 17:56:52.769055|[g:1][LedgerParam]setEVMFlags,enableFreeStorageVMSchedule=false,evmFlags=0
info|2024-04-22 17:56:52.769065|[g:1][LedgerParam]store evmFlag,evmFlag=0
info|2024-04-22 17:56:52.769070|[g:1][LedgerParam]store consensus time,consensusTimeout=3
info|2024-04-22 17:56:52.769074|[g:1][LedgerParam][initMark],genesisMark=1-07db25938c67ad0e9ed88ac6b047afd898b7ffb2f921db7bd36457e5962f28fc0e7b0ff9e030cf7e296a11216be5f5107e34aec420683b0236bd5d3a192e7549,9559e1b5ea3ec499cf212fca916e51bf75bbe9061ebbec82c1bc594b0c113c39016f540fa5bcff52907dac69827b972d99b56c4d1c48fe4db97232280a6febd8,bccb49480f503cf64595c15da009623a61a18abec95d563c6cff5deec4b59a30c10c0abc91be9b8db680fdd754cabca6d75fd6afd2414464e14c56bbb7f9ec1b,-pbft-storage-0-1000-300000000-3
info|2024-04-22 17:56:52.769078|[g:1][LedgerParam][initIniConfig]initTxPoolConfig/initSyncConfig/initTxExecuteConfig,configFile=conf/group.1.ini
info|2024-04-22 17:56:52.769198|[g:1][LedgerParam][initStorageConfig],stateType=storage,storageDB=rocksdb,storagePath=data//group1/block/RocksDB,baseDir=data//group1,dbtype=mysql,dbip=127.0.0.1,dbport=3306,dbcharset=utf8mb4,initconnections=15,maxconnections=50,scrollThreshold=2000
info|2024-04-22 17:56:52.769211|[g:1][LedgerParam][initTxPoolConfig],txPoolLimit=150000,memorySizeLimit(MB)=512,notifyWorkerNum=2,txsExpirationTime(ms)=600000
info|2024-04-22 17:56:52.769217|[g:1][LedgerParam][initSyncConfig],idleWaitMs=200
info|2024-04-22 17:56:52.769223|[g:1][LedgerParam][initSyncConfig],enableSendTxsByTree=true,enableSendBlockStatusByTree=true
info|2024-04-22 17:56:52.769227|[g:1][LedgerParam][initSyncConfig],gossipInterval=1000
info|2024-04-22 17:56:52.769233|[g:1][LedgerParam][initSyncConfig],enableSendBlockStatusByTree=true,gossipInterval=1000,gossipPeers=3,syncTreeWidth=3,maxQueueSizeForBlockSync=536870912,txsStatusGossipMaxPeers=5
info|2024-04-22 17:56:52.769238|[g:1][LedgerParam][InitTxExecuteConfig],enableParallel=true
info|2024-04-22 17:56:52.769252|[g:1][LedgerParam][initConsensusIniConfig],maxTTL=2,minBlockGenerationTime=500,enablDynamicBlockSize=true,blockSizeIncreaseRatio=0.5,enableTTLOptimize=true,enablePrepareWithTxsHash=true
info|2024-04-22 17:56:52.769279|[g:1][LedgerParam][initRPBFTConsensusIniConfig],broadcastPrepareByTree=true,prepareStatusBroadcastPercent=33,maxRequestMissedTxsWaitTime=100,maxRequestPrepareWaitTime=100
info|2024-04-22 17:56:52.769283|[g:1][LedgerParam][initFlowControlConfig],maxQPS=9223372036854775807,outGoingBandwidth(Bytes)=9223372036854775807
info|2024-04-22 17:56:52.769289|[g:1][LedgerParam]parseSDKAllowList,sdkAllowList=[],enableSDKAllowListControl=false
info|2024-04-22 17:56:52.769302|[g:1][LEDGER][initLedger][DBInitializer]
info|2024-04-22 17:56:52.769309|[g:1][LEDGER]setSDKAllowList,groupId=1,sdkAllowListSize=0
info|2024-04-22 17:56:52.769314|[g:1][CHANNEL]registerSDKAllowListByGroupId,groupId=1,size=0
info|2024-04-22 17:56:52.769317|[g:1][CHANNEL]Disable group-level sdk permission control for sdk allowlist is empty
info|2024-04-22 17:56:52.769322|[g:1][DBINITIALIZER] [initStorageDB]
info|2024-04-22 17:56:52.769328|[g:1][DBINITIALIZER] [initRocksDBStorage]
info|2024-04-22 17:56:52.769347|[g:1][ROCKSDB]open rocksDB handler,path=data//group1/block/RocksDB
info|2024-04-22 17:56:52.780435|[NETWORK][Host]P2P StartAccept,Host=0.0.0.0:30302
info|2024-04-22 17:56:52.780524|[NETWORK][ASIO]asyncResolveConnect,endpoint=127.0.0.1:30300
info|2024-04-22 17:56:52.780552|[NETWORK][ASIO]asyncResolveConnect,endpoint=127.0.0.1:30301
info|2024-04-22 17:56:52.780581|[NETWORK][ASIO]asyncResolveConnect,endpoint=127.0.0.1:30302
info|2024-04-22 17:56:52.780595|[NETWORK][Host]P2P Recv Connect, From=127.0.0.1:35112
info|2024-04-22 17:56:52.780643|[NETWORK][Host]P2P StartAccept,Host=0.0.0.0:30302
info|2024-04-22 17:56:52.781224|[NETWORK][Host]P2P Recv Connect, From=127.0.0.1:35118
info|2024-04-22 17:56:52.781248|[NETWORK][Host]P2P StartAccept,Host=0.0.0.0:30302
error|2024-04-22 17:56:52.782005|[NETWORK][Host]Get ca basic failed
error|2024-04-22 17:56:52.784857|[NETWORK][Host]Get ca basic failed
info|2024-04-22 17:56:52.786865|[NETWORK][Host]handshakeServer succ,remote endpoint=127.0.0.1:35118
info|2024-04-22 17:56:52.786929|[NETWORK][Host]startPeerSession, Remote=127.0.0.1:35118,local endpoint=127.0.0.1:30302,nodeID=9559e1b5...
error|2024-04-22 17:56:52.787074|[NETWORK][Host]Get ca basic failed
error|2024-04-22 17:56:52.789121|[NETWORK][Host]Get ca basic failed
info|2024-04-22 17:56:52.792173|[NETWORK][Host]handshakeClient succ,local endpoint=127.0.0.1:35118
info|2024-04-22 17:56:52.792192|[NETWORK][Host]startPeerSession, Remote=127.0.0.1:30302,local endpoint=127.0.0.1:35118,nodeID=9559e1b5...
info|2024-04-22 17:56:52.792210|[NETWORK][Host]handshakeServer succ,remote endpoint=127.0.0.1:35112
info|2024-04-22 17:56:52.792218|[NETWORK][Host]startPeerSession, Remote=127.0.0.1:35112,local endpoint=127.0.0.1:30302,nodeID=bccb4948...
info|2024-04-22 17:56:52.792365|[P2P][Service] Connection established,nodeID=bccb4948...,endpoint=127.0.0.1:35112
info|2024-04-22 17:56:52.795432|[NETWORK][Host]P2P Recv Connect, From=127.0.0.1:35124
info|2024-04-22 17:56:52.795460|[NETWORK][Host]P2P StartAccept,Host=0.0.0.0:30302
error|2024-04-22 17:56:52.795636|[NETWORK][Host]Get ca basic failed
info|2024-04-22 17:56:52.798423|[NETWORK][Host]handshakeClient succ,local endpoint=127.0.0.1:49130
info|2024-04-22 17:56:52.798444|[NETWORK][Host]startPeerSession, Remote=127.0.0.1:30300,local endpoint=127.0.0.1:49130,nodeID=bccb4948...
info|2024-04-22 17:56:52.806970|[NETWORK][Host]handshakeClient succ,local endpoint=127.0.0.1:58092
info|2024-04-22 17:56:52.806990|[NETWORK][Host]startPeerSession, Remote=127.0.0.1:30301,local endpoint=127.0.0.1:58092,nodeID=07db2593...
info|2024-04-22 17:56:52.807056|[P2P][Service] Connection established,nodeID=07db2593...,endpoint=127.0.0.1:30301
error|2024-04-22 17:56:52.808056|[NETWORK][Host]Get ca basic failed
info|2024-04-22 17:56:52.810038|[NETWORK][Host]handshakeServer succ,remote endpoint=127.0.0.1:35124
info|2024-04-22 17:56:52.810056|[NETWORK][Host]startPeerSession, Remote=127.0.0.1:35124,local endpoint=127.0.0.1:30302,nodeID=07db2593...
info|2024-04-22 17:56:52.820856|[g:1][g:1][STORAGE][CachedStorage]Init flushStorage thread
info|2024-04-22 17:56:52.821198|[g:1][DBINITIALIZER] [init CachedStorage],maxCapacity=32,maxForwardBlock=10
info|2024-04-22 17:56:52.821209|[g:1][LEDGER][initLedger][initBlockChain]
info|2024-04-22 17:56:52.821518|[g:1][LEDGER]set enableHexBlock to be false,version=34144512
info|2024-04-22 17:56:52.821530|[g:1][BLOCKCHAIN][#checkAndBuildGenesisBlock],shouldBuild=false
info|2024-04-22 17:56:52.821757|[g:1][BLOCKCHAIN][#checkAndBuildGenesisBlock]Already have the 0th block, 0th groupMark is equal to file groupMark.
info|2024-04-22 17:56:52.821764|[g:1][LEDGER][initLedger]initBlockChain SUCC
info|2024-04-22 17:56:52.821789|[g:1][DBINITIALIZER] [createStateFactory],type=storage
info|2024-04-22 17:56:52.821793|[g:1][DBINITIALIZER] createStorageState SUCC
info|2024-04-22 17:56:52.821795|[g:1][DBINITIALIZER] [createStateFactory SUCC]
info|2024-04-22 17:56:52.821798|[g:1][DBINITIALIZER] createExecutiveContext...
info|2024-04-22 17:56:52.821815|[g:1][LEDGER]createGasMetric,vmFlagType=0
info|2024-04-22 17:56:52.821818|[g:1][LEDGER]createGasMetric
info|2024-04-22 17:56:52.821826|[g:1][DBINITIALIZER] create precompiledGasFactory and precompiledResultFactory
info|2024-04-22 17:56:52.821829|[g:1][DBINITIALIZER] createExecutiveContext SUCC
info|2024-04-22 17:56:52.821831|[g:1][DBINITIALIZER] [setSyncNumForCachedStorage],syncNum=106
info|2024-04-22 17:56:52.821838|[g:1][LEDGER][initNetworkBandWidthLimiter: outGoingBandwidthLimit has been disabled],groupId=1
info|2024-04-22 17:56:52.821840|[g:1][LEDGER][QPSLimit has been disabled],groupId=1
info|2024-04-22 17:56:52.821844|[g:1][LEDGER][initLedger][initBlockVerifier]
info|2024-04-22 17:56:52.821856|[g:1][LEDGER][initLedger][initBlockVerifier SUCC],evmFlags=0
info|2024-04-22 17:56:52.821859|[g:1][LEDGER][initLedger][initTxPool],txPoolLimit=150000
info|2024-04-22 17:56:52.827006|[g:1][LEDGER][initLedger]initTxPool SUCC
info|2024-04-22 17:56:52.827019|[g:1][LEDGER][initLedger][initSync],idleWaitMs=200,gossipInterval=1000,gossipPeers=3
info|2024-04-22 17:56:52.827023|[g:1][LEDGER]Init sync master,enableSendBlockStatusByTree=true,enableSendTxsByTree=true
info|2024-04-22 17:56:52.827489|[g:1][LEDGER][initLedger]initSync SUCC
info|2024-04-22 17:56:52.827496|[g:1][LEDGER][initLedger][consensusInitFactory]
info|2024-04-22 17:56:52.827500|[g:1][LEDGER][initLedger][createPBFTSealer]
info|2024-04-22 17:56:52.827503|[g:1][LEDGER][initLedger][createPBFTSealer],baseDir=data//group1,Protocol=65544
info|2024-04-22 17:56:52.827581|[g:1][LEDGER][initLedger]createPBFTSealer for PBFT or rPBFT,consensusType=pbft
info|2024-04-22 17:56:52.827586|[g:1][LEDGER]createConsensusEngine: create PBFTEngine
info|2024-04-22 17:56:52.827599|[g:1][CONSENSUS][PBFT]Register handler for PBFTEngine
info|2024-04-22 17:56:52.827930|[g:1][CONSENSUS][PBFT]setMinBlockGenerationTime,minBlockGenerationTime=500,consensusTime=1000
info|2024-04-22 17:56:52.827943|[g:1][LEDGER][initEventLogFilterManager]initEventLogFilterManager SUCC
info|2024-04-22 17:56:52.827947|[LedgerInitializer init group succ],groupID=1
info|2024-04-22 17:56:52.828092|[SafeHttpServer::StartListening]use default epoll
info|2024-04-22 17:56:52.828380|[INITIALIZER][RPCInitializer JsonrpcHttpServer started],jsonrpc_IP=127.0.0.1,jsonrpc_listen_port=8547,jsonrpc_thread_count=8,ipv6=false,disableDynamicGroup=false
info|2024-04-22 17:56:52.828388|[g:1][LEDGER]startAll...
info|2024-04-22 17:56:52.829109|[g:1][GossipBlockStatus]start GossipBlockStatus succ
info|2024-04-22 17:56:52.829148|[g:1][CONSENSUS][ConsensusEngine][Start ConsensusEngineBase]
info|2024-04-22 17:56:52.829278|[g:1][CONSENSUS][PBFT]^^^^^^^^Report,num=106,sealerIdx=0,hash=d5591c18...,next=107,tx=1,nodeIdx=1
info|2024-04-22 17:56:52.829299|[g:1][ROCKSDB]open rocksDB handler,path=data//group1/pbftMsgBackup/RocksDB
info|2024-04-22 17:56:52.839022|[g:1][NodeTimeMaintenance]updateTimeInfo: update median time offset,updatedMedianTimeOffset=-1,peer=07db2593...,peerTime=1713779812838,peerOffset=-1,utcTime=1713779812839
info|2024-04-22 17:56:52.843383|[g:1][NodeTimeMaintenance]updateTimeInfo: update median time offset,updatedMedianTimeOffset=-1,peer=bccb4948...,peerTime=1713779812842,peerOffset=-1,utcTime=1713779812843
info|2024-04-22 17:56:52.853259|[g:1][CONSENSUS][PBFT][PBFT init env successfully]
info|2024-04-22 17:56:52.853269|[g:1][CONSENSUS][PBFT][Start PBFTEngine...]
info|2024-04-22 17:56:52.853273|[g:1][CONSENSUS][SEALER][Start sealer module]
info|2024-04-22 17:56:52.853554|[g:1][EVENT][EventLogFilterManager]start,m_maxBlockRange=0,m_maxBlockPerLoopFilter=3
info|2024-04-22 17:56:53.829739|[g:1][CONSENSUS][SEALER]++++++++++++++++ Generating seal on,blkNum=107,tx=0,nodeIdx=1,hash=a39ddc2e...
info|2024-04-22 17:56:53.851117|[g:1][CONSENSUS][PBFT]checkTimeout Succ,view=0,toView=1,nodeIdx=1,changeCycle=1,myNode=9559e1b5...,timecost=1
info|2024-04-22 17:56:53.855443|[g:1][CONSENSUS][PBFT]checkAndChangeView: Reach consensus,org_view=0,cur_changeCycle=1,curView=0,view=1
info|2024-04-22 17:56:54.882003|[g:1][CONSENSUS][PBFT]Trigger fast-viewchange,view=1,toView=1,minView=2,INFO=,reqNum=106,curNum=106,GenIdx=0,Cview=2,view=1,fromIdx=0,fromNode=07db2593...,fromIp=127.0.0.1:30301,hash=d5591c18...,nodeIdx=1,myNode=9559e1b5...
info|2024-04-22 17:56:54.882223|[g:1][CONSENSUS][PBFT]checkTimeout Succ,view=1,toView=2,nodeIdx=1,changeCycle=2,myNode=9559e1b5...,timecost=0
info|2024-04-22 17:56:54.882744|[g:1][CONSENSUS][PBFT]checkAndChangeView: Reach consensus,org_view=1,cur_changeCycle=2,curView=1,view=2
info|2024-04-22 17:56:55.909945|[g:1][CONSENSUS][PBFT]Trigger fast-viewchange,view=2,toView=2,minView=3,INFO=,reqNum=106,curNum=106,GenIdx=0,Cview=3,view=2,fromIdx=0,fromNode=07db2593...,fromIp=127.0.0.1:30301,hash=d5591c18...,nodeIdx=1,myNode=9559e1b5...
info|2024-04-22 17:56:55.910119|[g:1][CONSENSUS][PBFT]checkTimeout Succ,view=2,toView=3,nodeIdx=1,changeCycle=3,myNode=9559e1b5...,timecost=1
info|2024-04-22 17:56:55.911642|[g:1][CONSENSUS][PBFT]checkAndChangeView: Reach consensus,org_view=2,cur_changeCycle=3,curView=2,view=3
info|2024-04-22 17:56:56.914037|[g:1][CONSENSUS][SEALER]++++++++++++++++ Generating seal on,blkNum=107,tx=0,nodeIdx=1,hash=f07f3d76...
info|2024-04-22 17:56:56.931816|[g:1][CONSENSUS][PBFT]checkTimeout Succ,view=3,toView=4,nodeIdx=1,changeCycle=1,myNode=9559e1b5...,timecost=0
info|2024-04-22 17:56:56.944218|[g:1][CONSENSUS][PBFT]checkAndChangeView: Reach consensus,org_view=3,cur_changeCycle=1,curView=3,view=4
info|2024-04-22 17:56:57.973259|[g:1][CONSENSUS]addRawPrepare,height=107,reqIdx=2,hash=ecf18513...,time=0
info|2024-04-22 17:56:57.973476|[g:1][CONSENSUS][PBFT]checkTimeout Succ,view=4,toView=5,nodeIdx=1,changeCycle=1,myNode=9559e1b5...,timecost=0
info|2024-04-22 17:56:58.039802|[g:1][CONSENSUS][PBFT]checkAndChangeView: Reach consensus,org_view=4,cur_changeCycle=1,curView=4,view=5
info|2024-04-22 17:56:59.010258|[g:1][CONSENSUS]addRawPrepare,height=107,reqIdx=0,hash=32f1abc8...,time=0
info|2024-04-22 17:56:59.010447|[g:1][CONSENSUS][PBFT]checkTimeout Succ,view=5,toView=6,nodeIdx=1,changeCycle=1,myNode=9559e1b5...,timecost=0
info|2024-04-22 17:56:59.010939|[g:1][CONSENSUS][PBFT]checkAndChangeView: Reach consensus,org_view=5,cur_changeCycle=1,curView=5,view=6
info|2024-04-22 17:57:00.015297|[g:1][CONSENSUS][SEALER]++++++++++++++++ Generating seal on,blkNum=107,tx=0,nodeIdx=1,hash=fa04956d...
info|2024-04-22 17:57:00.025532|[g:1][CONSENSUS][SEALER]++++++++++++++++ Generating seal on,blkNum=107,tx=0,nodeIdx=1,hash=5ab7cfdf...
info|2024-04-22 17:57:00.027647|[g:1][CONSENSUS][PBFT]checkTimeout Succ,view=6,toView=7,nodeIdx=1,changeCycle=1,myNode=9559e1b5...,timecost=0
info|2024-04-22 17:57:00.056305|[g:1][CONSENSUS][PBFT]checkAndChangeView: Reach consensus,org_view=6,cur_changeCycle=1,curView=6,view=7
info|2024-04-22 17:57:01.082930|[g:1][CONSENSUS]addRawPrepare,height=107,reqIdx=2,hash=7008de60...,time=0
info|2024-04-22 17:57:01.083144|[g:1][CONSENSUS][PBFT]checkTimeout Succ,view=7,toView=8,nodeIdx=1,changeCycle=1,myNode=9559e1b5...,timecost=1
info|2024-04-22 17:57:01.083616|[g:1][CONSENSUS][PBFT]checkAndChangeView: Reach consensus,org_view=7,cur_changeCycle=1,curView=7,view=8
info|2024-04-22 17:57:02.094185|[g:1][CONSENSUS]addRawPrepare,height=107,reqIdx=0,hash=bf456c7d...,time=0
info|2024-04-22 17:57:02.094366|[g:1][CONSENSUS][PBFT]checkTimeout Succ,view=8,toView=9,nodeIdx=1,changeCycle=1,myNode=9559e1b5...,timecost=0
info|2024-04-22 17:57:02.108201|[g:1][CONSENSUS][PBFT]checkAndChangeView: Reach consensus,org_view=8,cur_changeCycle=1,curView=8,view=9
info|2024-04-22 17:57:02.773950|[P2P][Service] heartBeat,connected count=2
info|2024-04-22 17:57:03.113082|[g:1][CONSENSUS][SEALER]++++++++++++++++ Generating seal on,blkNum=107,tx=0,nodeIdx=1,hash=6decd4a0...
info|2024-04-22 17:57:03.116552|[g:1][CONSENSUS][PBFT]checkTimeout Succ,view=9,toView=10,nodeIdx=1,changeCycle=1,myNode=9559e1b5...,timecost=0
info|2024-04-22 17:57:03.132242|[g:1][CONSENSUS][PBFT]checkAndChangeView: Reach consensus,org_view=9,cur_changeCycle=1,curView=9,view=10
info|2024-04-22 17:57:04.147936|[g:1][CONSENSUS]addRawPrepare,height=107,reqIdx=2,hash=2e0e21d8...,time=0
info|2024-04-22 17:57:04.148161|[g:1][CONSENSUS][PBFT]checkTimeout Succ,view=10,toView=11,nodeIdx=1,changeCycle=1,myNode=9559e1b5...,timecost=1
info|2024-04-22 17:57:04.182033|[g:1][CONSENSUS][PBFT]checkAndChangeView: Reach consensus,org_view=10,cur_changeCycle=1,curView=10,view=11
info|2024-04-22 17:57:05.251396|[g:1][CONSENSUS]addRawPrepare,height=107,reqIdx=0,hash=4de63348...,time=0
info|2024-04-22 17:57:05.251613|[g:1][CONSENSUS][PBFT]checkTimeout Succ,view=11,toView=12,nodeIdx=1,changeCycle=1,myNode=9559e1b5...,timecost=0
info|2024-04-22 17:57:05.268677|[g:1][CONSENSUS][PBFT]checkAndChangeView: Reach consensus,org_view=11,cur_changeCycle=1,curView=11,view=12
info|2024-04-22 17:57:06.271996|[g:1][CONSENSUS][SEALER]++++++++++++++++ Generating seal on,blkNum=107,tx=0,nodeIdx=1,hash=a43ff92c...
info|2024-04-22 17:57:06.282608|[g:1][CONSENSUS][PBFT]Trigger fast-viewchange,view=12,toView=12,minView=13,INFO=,reqNum=106,curNum=106,GenIdx=2,Cview=13,view=12,fromIdx=2,fromNode=bccb4948...,fromIp=127.0.0.1:35112,hash=d5591c18...,nodeIdx=1,myNode=9559e1b5...
info|2024-04-22 17:57:06.282780|[g:1][CONSENSUS][PBFT]checkTimeout Succ,view=12,toView=13,nodeIdx=1,changeCycle=1,myNode=9559e1b5...,timecost=0
info|2024-04-22 17:57:06.283033|[g:1][CONSENSUS][PBFT]checkAndChangeView: Reach consensus,org_view=12,cur_changeCycle=1,curView=12,view=13
info|2024-04-22 17:57:07.304704|[g:1][CONSENSUS]addRawPrepare,height=107,reqIdx=2,hash=c8af2d61...,time=0
info|2024-04-22 17:57:07.304901|[g:1][CONSENSUS][PBFT]checkTimeout Succ,view=13,toView=14,nodeIdx=1,changeCycle=1,myNode=9559e1b5...,timecost=0
info|2024-04-22 17:57:07.325032|[g:1][CONSENSUS][PBFT]checkAndChangeView: Reach consensus,org_view=13,cur_changeCycle=1,curView=13,view=14
info|2024-04-22 17:57:08.365140|[g:1][CONSENSUS][PBFT]Trigger fast-viewchange,view=14,toView=14,minView=15,INFO=,reqNum=106,curNum=106,GenIdx=2,Cview=15,view=14,fromIdx=2,fromNode=bccb4948...,fromIp=127.0.0.1:35112,hash=d5591c18...,nodeIdx=1,myNode=9559e1b5...
info|2024-04-22 17:57:08.365353|[g:1][CONSENSUS][PBFT]checkTimeout Succ,view=14,toView=15,nodeIdx=1,changeCycle=2,myNode=9559e1b5...,timecost=0
info|2024-04-22 17:57:08.365630|[g:1][CONSENSUS][PBFT]checkAndChangeView: Reach consensus,org_view=14,cur_changeCycle=2,curView=14,view=15
info|2024-04-22 17:57:09.366205|[g:1][CONSENSUS][SEALER]++++++++++++++++ Generating seal on,blkNum=107,tx=0,nodeIdx=1,hash=e27928e8...
info|2024-04-22 17:57:09.376435|[g:1][CONSENSUS][SEALER]++++++++++++++++ Generating seal on,blkNum=107,tx=0,nodeIdx=1,hash=c2fc6b89...
info|2024-04-22 17:57:09.382842|[g:1][CONSENSUS][PBFT]checkTimeout Succ,view=15,toView=16,nodeIdx=1,changeCycle=1,myNode=9559e1b5...,timecost=0
info|2024-04-22 17:57:09.383583|[g:1][CONSENSUS][PBFT]checkAndChangeView: Reach consensus,org_view=15,cur_changeCycle=1,curView=15,view=16
info|2024-04-22 17:57:10.394419|[g:1][CONSENSUS]addRawPrepare,height=107,reqIdx=2,hash=1d05ffb5...,time=0
info|2024-04-22 17:57:10.394600|[g:1][CONSENSUS][PBFT]checkTimeout Succ,view=16,toView=17,nodeIdx=1,changeCycle=1,myNode=9559e1b5...,timecost=0
info|2024-04-22 17:57:10.399333|[g:1][CONSENSUS][PBFT]checkAndChangeView: Reach consensus,org_view=16,cur_changeCycle=1,curView=16,view=17
info|2024-04-22 17:57:11.413924|[g:1][CONSENSUS]addRawPrepare,height=107,reqIdx=0,hash=5382ca1a...,time=0
info|2024-04-22 17:57:11.414121|[g:1][CONSENSUS][PBFT]checkTimeout Succ,view=17,toView=18,nodeIdx=1,changeCycle=1,myNode=9559e1b5...,timecost=1
info|2024-04-22 17:57:11.417288|[g:1][CONSENSUS][PBFT]checkAndChangeView: Reach consensus,org_view=17,cur_changeCycle=1,curView=17,view=18
info|2024-04-22 17:57:12.466696|[g:1][CONSENSUS][SEALER]++++++++++++++++ Generating seal on,blkNum=107,tx=0,nodeIdx=1,hash=74b2ad4f...
info|2024-04-22 17:57:12.474258|[g:1][CONSENSUS][PBFT]checkTimeout Succ,view=18,toView=19,nodeIdx=1,changeCycle=1,myNode=9559e1b5...,timecost=0
info|2024-04-22 17:57:12.477430|[g:1][CONSENSUS][PBFT]checkAndChangeView: Reach consensus,org_view=18,cur_changeCycle=1,curView=18,view=19
info|2024-04-22 17:57:12.783089|[P2P][Service] heartBeat,connected count=2
info|2024-04-22 17:57:12.868998|[NETWORK][Session]Received topic: [2	_block_notify_1] from bccb49480f503cf64595c15da009623a61a18abec95d563c6cff5deec4b59a30c10c0abc91be9b8db680fdd754cabca6d75fd6afd2414464e14c56bbb7f9ec1b
info|2024-04-22 17:57:13.510447|[g:1][CONSENSUS]addRawPrepare,height=107,reqIdx=2,hash=1c097738...,time=0
info|2024-04-22 17:57:13.510692|[g:1][CONSENSUS][PBFT]checkTimeout Succ,view=19,toView=20,nodeIdx=1,changeCycle=1,myNode=9559e1b5...,timecost=0
info|2024-04-22 17:57:13.546772|[g:1][CONSENSUS][PBFT]checkAndChangeView: Reach consensus,org_view=19,cur_changeCycle=1,curView=19,view=20
info|2024-04-22 17:57:14.568616|[g:1][CONSENSUS][PBFT]Trigger fast-viewchange,view=20,toView=20,minView=21,INFO=,reqNum=106,curNum=106,GenIdx=2,Cview=21,view=20,fromIdx=2,fromNode=bccb4948...,fromIp=127.0.0.1:35112,hash=d5591c18...,nodeIdx=1,myNode=9559e1b5...
info|2024-04-22 17:57:14.568806|[g:1][CONSENSUS][PBFT]checkTimeout Succ,view=20,toView=21,nodeIdx=1,changeCycle=2,myNode=9559e1b5...,timecost=0
info|2024-04-22 17:57:14.582242|[g:1][CONSENSUS][PBFT]checkAndChangeView: Reach consensus,org_view=20,cur_changeCycle=2,curView=20,view=21
info|2024-04-22 17:57:15.582758|[g:1][CONSENSUS][SEALER]++++++++++++++++ Generating seal on,blkNum=107,tx=0,nodeIdx=1,hash=4521b973...
info|2024-04-22 17:57:15.588319|[g:1][CONSENSUS][PBFT]checkTimeout Succ,view=21,toView=22,nodeIdx=1,changeCycle=1,myNode=9559e1b5...,timecost=0
info|2024-04-22 17:57:15.592021|[g:1][CONSENSUS][PBFT]checkAndChangeView: Reach consensus,org_view=21,cur_changeCycle=1,curView=21,view=22
info|2024-04-22 17:57:16.621244|[g:1][CONSENSUS]addRawPrepare,height=107,reqIdx=2,hash=58fe134d...,time=0
info|2024-04-22 17:57:16.621437|[g:1][CONSENSUS][PBFT]checkTimeout Succ,view=22,toView=23,nodeIdx=1,changeCycle=1,myNode=9559e1b5...,timecost=0
info|2024-04-22 17:57:16.623266|[g:1][CONSENSUS][PBFT]checkAndChangeView: Reach consensus,org_view=22,cur_changeCycle=1,curView=22,view=23
info|2024-04-22 17:57:17.633989|[g:1][CONSENSUS]addRawPrepare,height=107,reqIdx=0,hash=e6690f92...,time=0
info|2024-04-22 17:57:17.634180|[g:1][CONSENSUS][PBFT]checkTimeout Succ,view=23,toView=24,nodeIdx=1,changeCycle=1,myNode=9559e1b5...,timecost=0
info|2024-04-22 17:57:17.649738|[g:1][CONSENSUS][PBFT]checkAndChangeView: Reach consensus,org_view=23,cur_changeCycle=1,curView=23,view=24
info|2024-04-22 17:57:18.651122|[g:1][CONSENSUS][SEALER]++++++++++++++++ Generating seal on,blkNum=107,tx=0,nodeIdx=1,hash=ae1431a4...
info|2024-04-22 17:57:18.688938|[g:1][CONSENSUS][PBFT]Trigger fast-viewchange,view=24,toView=24,minView=25,INFO=,reqNum=106,curNum=106,GenIdx=2,Cview=25,view=24,fromIdx=2,fromNode=bccb4948...,fromIp=127.0.0.1:35112,hash=d5591c18...,nodeIdx=1,myNode=9559e1b5...
info|2024-04-22 17:57:18.689105|[g:1][CONSENSUS][PBFT]checkTimeout Succ,view=24,toView=25,nodeIdx=1,changeCycle=1,myNode=9559e1b5...,timecost=1
info|2024-04-22 17:57:18.717198|[g:1][CONSENSUS][PBFT]checkAndChangeView: Reach consensus,org_view=24,cur_changeCycle=1,curView=24,view=25
info|2024-04-22 17:57:19.740719|[g:1][CONSENSUS]addRawPrepare,height=107,reqIdx=2,hash=d6ad98c6...,time=0
info|2024-04-22 17:57:19.740965|[g:1][CONSENSUS][PBFT]checkTimeout Succ,view=25,toView=26,nodeIdx=1,changeCycle=1,myNode=9559e1b5...,timecost=0
info|2024-04-22 17:57:19.755981|[g:1][CONSENSUS][PBFT]checkAndChangeView: Reach consensus,org_view=25,cur_changeCycle=1,curView=25,view=26
info|2024-04-22 17:57:20.769555|[g:1][CONSENSUS]addRawPrepare,height=107,reqIdx=0,hash=1e7ebb01...,time=0
info|2024-04-22 17:57:20.769770|[g:1][CONSENSUS][PBFT]checkTimeout Succ,view=26,toView=27,nodeIdx=1,changeCycle=1,myNode=9559e1b5...,timecost=0
info|2024-04-22 17:57:20.772748|[g:1][CONSENSUS][PBFT]checkAndChangeView: Reach consensus,org_view=26,cur_changeCycle=1,curView=26,view=27
info|2024-04-22 17:57:21.776847|[g:1][CONSENSUS][SEALER]++++++++++++++++ Generating seal on,blkNum=107,tx=0,nodeIdx=1,hash=2f8416f5...
info|2024-04-22 17:57:21.790013|[g:1][CONSENSUS][PBFT]checkTimeout Succ,view=27,toView=28,nodeIdx=1,changeCycle=1,myNode=9559e1b5...,timecost=1
info|2024-04-22 17:57:21.794106|[g:1][CONSENSUS][PBFT]checkAndChangeView: Reach consensus,org_view=27,cur_changeCycle=1,curView=27,view=28
info|2024-04-22 17:57:22.791013|[P2P][Service] heartBeat,connected count=2
info|2024-04-22 17:57:22.806827|[g:1][CONSENSUS]addRawPrepare,height=107,reqIdx=2,hash=d4ce40a0...,time=0
info|2024-04-22 17:57:22.807049|[g:1][CONSENSUS][PBFT]checkTimeout Succ,view=28,toView=29,nodeIdx=1,changeCycle=1,myNode=9559e1b5...,timecost=1
info|2024-04-22 17:57:22.820701|[g:1][CONSENSUS][PBFT]checkAndChangeView: Reach consensus,org_view=28,cur_changeCycle=1,curView=28,view=29
info|2024-04-22 17:57:23.837738|[g:1][CONSENSUS]addRawPrepare,height=107,reqIdx=0,hash=9191b32e...,time=0
info|2024-04-22 17:57:23.838013|[g:1][CONSENSUS][PBFT]checkTimeout Succ,view=29,toView=30,nodeIdx=1,changeCycle=1,myNode=9559e1b5...,timecost=1
info|2024-04-22 17:57:23.853134|[g:1][CONSENSUS][PBFT]checkAndChangeView: Reach consensus,org_view=29,cur_changeCycle=1,curView=29,view=30
info|2024-04-22 17:57:24.862085|[g:1][CONSENSUS][SEALER]++++++++++++++++ Generating seal on,blkNum=107,tx=0,nodeIdx=1,hash=4e4be815...
info|2024-04-22 17:57:24.863309|[g:1][CONSENSUS][PBFT]checkTimeout Succ,view=30,toView=31,nodeIdx=1,changeCycle=1,myNode=9559e1b5...,timecost=0
info|2024-04-22 17:57:24.884934|[g:1][CONSENSUS][PBFT]checkAndChangeView: Reach consensus,org_view=30,cur_changeCycle=1,curView=30,view=31
info|2024-04-22 17:57:25.898064|[g:1][CONSENSUS]addRawPrepare,height=107,reqIdx=2,hash=eb52d07b...,time=0
info|2024-04-22 17:57:25.898350|[g:1][CONSENSUS][PBFT]checkTimeout Succ,view=31,toView=32,nodeIdx=1,changeCycle=1,myNode=9559e1b5...,timecost=0
info|2024-04-22 17:57:25.901630|[g:1][CONSENSUS][PBFT]checkAndChangeView: Reach consensus,org_view=31,cur_changeCycle=1,curView=31,view=32
info|2024-04-22 17:57:26.913972|[g:1][CONSENSUS]addRawPrepare,height=107,reqIdx=0,hash=e80f416c...,time=0
info|2024-04-22 17:57:26.914259|[g:1][CONSENSUS][PBFT]checkTimeout Succ,view=32,toView=33,nodeIdx=1,changeCycle=1,myNode=9559e1b5...,timecost=0
info|2024-04-22 17:57:26.932159|[g:1][CONSENSUS][PBFT]checkAndChangeView: Reach consensus,org_view=32,cur_changeCycle=1,curView=32,view=33
info|2024-04-22 17:57:27.932588|[g:1][CONSENSUS][SEALER]++++++++++++++++ Generating seal on,blkNum=107,tx=0,nodeIdx=1,hash=3c63f477...
info|2024-04-22 17:57:27.938452|[g:1][CONSENSUS][PBFT]checkTimeout Succ,view=33,toView=34,nodeIdx=1,changeCycle=1,myNode=9559e1b5...,timecost=0
info|2024-04-22 17:57:27.972855|[g:1][CONSENSUS][PBFT]checkAndChangeView: Reach consensus,org_view=33,cur_changeCycle=1,curView=33,view=34
info|2024-04-22 17:57:29.002233|[g:1][CONSENSUS]addRawPrepare,height=107,reqIdx=2,hash=35acee14...,time=0
info|2024-04-22 17:57:29.002410|[g:1][CONSENSUS][PBFT]checkTimeout Succ,view=34,toView=35,nodeIdx=1,changeCycle=1,myNode=9559e1b5...,timecost=0
info|2024-04-22 17:57:29.004675|[g:1][CONSENSUS][PBFT]checkAndChangeView: Reach consensus,org_view=34,cur_changeCycle=1,curView=34,view=35
info|2024-04-22 17:57:30.027150|[g:1][CONSENSUS][PBFT]Trigger fast-viewchange,view=35,toView=35,minView=36,INFO=,reqNum=106,curNum=106,GenIdx=0,Cview=36,view=35,fromIdx=0,fromNode=07db2593...,fromIp=127.0.0.1:30301,hash=d5591c18...,nodeIdx=1,myNode=9559e1b5...
info|2024-04-22 17:57:30.027301|[g:1][CONSENSUS][PBFT]checkTimeout Succ,view=35,toView=36,nodeIdx=1,changeCycle=2,myNode=9559e1b5...,timecost=0
info|2024-04-22 17:57:30.029377|[g:1][CONSENSUS][PBFT]checkAndChangeView: Reach consensus,org_view=35,cur_changeCycle=2,curView=35,view=36
info|2024-04-22 17:57:31.036289|[g:1][CONSENSUS][SEALER]++++++++++++++++ Generating seal on,blkNum=107,tx=0,nodeIdx=1,hash=6f47caaf...
info|2024-04-22 17:57:31.046071|[g:1][CONSENSUS][PBFT]checkTimeout Succ,view=36,toView=37,nodeIdx=1,changeCycle=1,myNode=9559e1b5...,timecost=1
info|2024-04-22 17:57:31.047090|[g:1][CONSENSUS][PBFT]checkAndChangeView: Reach consensus,org_view=36,cur_changeCycle=1,curView=36,view=37
info|2024-04-22 17:57:32.052254|[g:1][CONSENSUS]addRawPrepare,height=107,reqIdx=2,hash=edc6c2a6...,time=0
info|2024-04-22 17:57:32.052450|[g:1][CONSENSUS][PBFT]checkTimeout Succ,view=37,toView=38,nodeIdx=1,changeCycle=1,myNode=9559e1b5...,timecost=0
info|2024-04-22 17:57:32.055429|[g:1][CONSENSUS][PBFT]checkAndChangeView: Reach consensus,org_view=37,cur_changeCycle=1,curView=37,view=38
info|2024-04-22 17:57:32.791142|[P2P][Service] heartBeat,connected count=2
info|2024-04-22 17:57:33.068798|[g:1][CONSENSUS]addRawPrepare,height=107,reqIdx=0,hash=aec69ea9...,time=0
info|2024-04-22 17:57:33.069016|[g:1][CONSENSUS][PBFT]checkTimeout Succ,view=38,toView=39,nodeIdx=1,changeCycle=1,myNode=9559e1b5...,timecost=1
info|2024-04-22 17:57:33.081110|[g:1][CONSENSUS][PBFT]checkAndChangeView: Reach consensus,org_view=38,cur_changeCycle=1,curView=38,view=39
info|2024-04-22 17:57:34.084089|[g:1][CONSENSUS][SEALER]++++++++++++++++ Generating seal on,blkNum=107,tx=0,nodeIdx=1,hash=f2fefee4...
info|2024-04-22 17:57:34.084858|[g:1][CONSENSUS][PBFT]checkTimeout Succ,view=39,toView=40,nodeIdx=1,changeCycle=1,myNode=9559e1b5...,timecost=0
info|2024-04-22 17:57:34.125048|[g:1][CONSENSUS][PBFT]checkAndChangeView: Reach consensus,org_view=39,cur_changeCycle=1,curView=39,view=40
info|2024-04-22 17:57:35.133260|[g:1][CONSENSUS]addRawPrepare,height=107,reqIdx=2,hash=0a04ae8f...,time=0
info|2024-04-22 17:57:35.133456|[g:1][CONSENSUS][PBFT]checkTimeout Succ,view=40,toView=41,nodeIdx=1,changeCycle=1,myNode=9559e1b5...,timecost=0
info|2024-04-22 17:57:35.135000|[g:1][CONSENSUS][PBFT]checkAndChangeView: Reach consensus,org_view=40,cur_changeCycle=1,curView=40,view=41
info|2024-04-22 17:57:36.143882|[g:1][CONSENSUS]addRawPrepare,height=107,reqIdx=0,hash=5f076ecd...,time=0
info|2024-04-22 17:57:36.144101|[g:1][CONSENSUS][PBFT]checkTimeout Succ,view=41,toView=42,nodeIdx=1,changeCycle=1,myNode=9559e1b5...,timecost=1
info|2024-04-22 17:57:36.155780|[g:1][CONSENSUS][PBFT]checkAndChangeView: Reach consensus,org_view=41,cur_changeCycle=1,curView=41,view=42
info|2024-04-22 17:57:37.165210|[g:1][CONSENSUS][SEALER]++++++++++++++++ Generating seal on,blkNum=107,tx=0,nodeIdx=1,hash=13dd12af...
info|2024-04-22 17:57:37.166907|[g:1][CONSENSUS][PBFT]Trigger fast-viewchange,view=42,toView=42,minView=43,INFO=,reqNum=106,curNum=106,GenIdx=2,Cview=43,view=42,fromIdx=2,fromNode=bccb4948...,fromIp=127.0.0.1:35112,hash=d5591c18...,nodeIdx=1,myNode=9559e1b5...
info|2024-04-22 17:57:37.167070|[g:1][CONSENSUS][PBFT]checkTimeout Succ,view=42,toView=43,nodeIdx=1,changeCycle=1,myNode=9559e1b5...,timecost=1
info|2024-04-22 17:57:37.167314|[g:1][CONSENSUS][PBFT]checkAndChangeView: Reach consensus,org_view=42,cur_changeCycle=1,curView=42,view=43
info|2024-04-22 17:57:38.181659|[g:1][CONSENSUS]addRawPrepare,height=107,reqIdx=2,hash=224f6004...,time=0
info|2024-04-22 17:57:38.181836|[g:1][CONSENSUS][PBFT]checkTimeout Succ,view=43,toView=44,nodeIdx=1,changeCycle=1,myNode=9559e1b5...,timecost=0
info|2024-04-22 17:57:38.194047|[g:1][CONSENSUS][PBFT]checkAndChangeView: Reach consensus,org_view=43,cur_changeCycle=1,curView=43,view=44
info|2024-04-22 17:57:39.211830|[g:1][CONSENSUS]addRawPrepare,height=107,reqIdx=0,hash=0bf60680...,time=0
info|2024-04-22 17:57:39.212018|[g:1][CONSENSUS][PBFT]checkTimeout Succ,view=44,toView=45,nodeIdx=1,changeCycle=1,myNode=9559e1b5...,timecost=1
info|2024-04-22 17:57:39.258394|[g:1][CONSENSUS][PBFT]checkAndChangeView: Reach consensus,org_view=44,cur_changeCycle=1,curView=44,view=45
info|2024-04-22 17:57:40.267169|[g:1][CONSENSUS][SEALER]++++++++++++++++ Generating seal on,blkNum=107,tx=0,nodeIdx=1,hash=c1bde1f4...
info|2024-04-22 17:57:40.286641|[g:1][CONSENSUS][PBFT]checkTimeout Succ,view=45,toView=46,nodeIdx=1,changeCycle=1,myNode=9559e1b5...,timecost=0
info|2024-04-22 17:57:40.289075|[g:1][CONSENSUS][PBFT]checkAndChangeView: Reach consensus,org_view=45,cur_changeCycle=1,curView=45,view=46
info|2024-04-22 17:57:40.513630|[RPC][getPendingTxSize]request,groupID=1
info|2024-04-22 17:57:41.327657|[g:1][CONSENSUS][PBFT]Trigger fast-viewchange,view=46,toView=46,minView=47,INFO=,reqNum=106,curNum=106,GenIdx=0,Cview=47,view=46,fromIdx=0,fromNode=07db2593...,fromIp=127.0.0.1:30301,hash=d5591c18...,nodeIdx=1,myNode=9559e1b5...
info|2024-04-22 17:57:41.327842|[g:1][CONSENSUS][PBFT]checkTimeout Succ,view=46,toView=47,nodeIdx=1,changeCycle=2,myNode=9559e1b5...,timecost=0
info|2024-04-22 17:57:41.339253|[g:1][CONSENSUS][PBFT]checkAndChangeView: Reach consensus,org_view=46,cur_changeCycle=2,curView=46,view=47
info|2024-04-22 17:57:42.331706|[g:1][CONSENSUS]addRawPrepare,height=107,reqIdx=0,hash=7b643766...,time=0
info|2024-04-22 17:57:42.332038|[g:1][CONSENSUS][PBFT]checkTimeout Succ,view=47,toView=48,nodeIdx=1,changeCycle=1,myNode=9559e1b5...,timecost=1
info|2024-04-22 17:57:42.338158|[g:1][CONSENSUS][PBFT]checkAndChangeView: Reach consensus,org_view=47,cur_changeCycle=1,curView=47,view=48
info|2024-04-22 17:57:42.791220|[P2P][Service] heartBeat,connected count=2
info|2024-04-22 17:57:42.844617|[NETWORK][Session]Received topic: [4	#!$TopicNeedVerify_1	#!$VerifyChannel_#!$TopicNeedVerify_1_84e1ab15f5114361a4adaaacfc1a8c77	_block_notify_1] from bccb49480f503cf64595c15da009623a61a18abec95d563c6cff5deec4b59a30c10c0abc91be9b8db680fdd754cabca6d75fd6afd2414464e14c56bbb7f9ec1b
info|2024-04-22 17:57:43.338901|[g:1][CONSENSUS][SEALER]++++++++++++++++ Generating seal on,blkNum=107,tx=0,nodeIdx=1,hash=dd6561ae...
info|2024-04-22 17:57:43.339538|[g:1][CONSENSUS][PBFT]checkTimeout Succ,view=48,toView=49,nodeIdx=1,changeCycle=1,myNode=9559e1b5...,timecost=0
info|2024-04-22 17:57:43.342763|[g:1][CONSENSUS][PBFT]checkAndChangeView: Reach consensus,org_view=48,cur_changeCycle=1,curView=48,view=49
info|2024-04-22 17:57:44.344583|[g:1][CONSENSUS]addRawPrepare,height=107,reqIdx=2,hash=dc67ce93...,time=0
info|2024-04-22 17:57:44.344830|[g:1][CONSENSUS][PBFT]checkTimeout Succ,view=49,toView=50,nodeIdx=1,changeCycle=1,myNode=9559e1b5...,timecost=0
info|2024-04-22 17:57:44.347091|[g:1][CONSENSUS][PBFT]checkAndChangeView: Reach consensus,org_view=49,cur_changeCycle=1,curView=49,view=50
info|2024-04-22 17:57:45.348380|[g:1][CONSENSUS]addRawPrepare,height=107,reqIdx=0,hash=31df4fb9...,time=0
info|2024-04-22 17:57:45.348681|[g:1][CONSENSUS][PBFT]checkTimeout Succ,view=50,toView=51,nodeIdx=1,changeCycle=1,myNode=9559e1b5...,timecost=0
info|2024-04-22 17:57:45.350695|[g:1][CONSENSUS][PBFT]checkAndChangeView: Reach consensus,org_view=50,cur_changeCycle=1,curView=50,view=51
info|2024-04-22 17:57:46.350391|[g:1][CONSENSUS][SEALER]++++++++++++++++ Generating seal on,blkNum=107,tx=0,nodeIdx=1,hash=a2eadcbb...
info|2024-04-22 17:57:46.351776|[g:1][CONSENSUS][PBFT]checkTimeout Succ,view=51,toView=52,nodeIdx=1,changeCycle=1,myNode=9559e1b5...,timecost=0
info|2024-04-22 17:57:46.353170|[g:1][CONSENSUS][PBFT]checkAndChangeView: Reach consensus,org_view=51,cur_changeCycle=1,curView=51,view=52
info|2024-04-22 17:57:47.355173|[g:1][CONSENSUS]addRawPrepare,height=107,reqIdx=2,hash=5a505791...,time=0
info|2024-04-22 17:57:47.355390|[g:1][CONSENSUS][PBFT]checkTimeout Succ,view=52,toView=53,nodeIdx=1,changeCycle=1,myNode=9559e1b5...,timecost=0
info|2024-04-22 17:57:47.356161|[g:1][CONSENSUS][PBFT]checkAndChangeView: Reach consensus,org_view=52,cur_changeCycle=1,curView=52,view=53
info|2024-04-22 17:57:48.357962|[g:1][CONSENSUS]addRawPrepare,height=107,reqIdx=0,hash=a20bf996...,time=0
info|2024-04-22 17:57:48.358180|[g:1][CONSENSUS][PBFT]checkTimeout Succ,view=53,toView=54,nodeIdx=1,changeCycle=1,myNode=9559e1b5...,timecost=0
info|2024-04-22 17:57:48.359849|[g:1][CONSENSUS][PBFT]checkAndChangeView: Reach consensus,org_view=53,cur_changeCycle=1,curView=53,view=54
info|2024-04-22 17:57:49.359849|[g:1][CONSENSUS][SEALER]++++++++++++++++ Generating seal on,blkNum=107,tx=0,nodeIdx=1,hash=9fc46aff...
info|2024-04-22 17:57:49.360665|[g:1][CONSENSUS][PBFT]checkTimeout Succ,view=54,toView=55,nodeIdx=1,changeCycle=1,myNode=9559e1b5...,timecost=0
info|2024-04-22 17:57:49.362309|[g:1][CONSENSUS][PBFT]checkAndChangeView: Reach consensus,org_view=54,cur_changeCycle=1,curView=54,view=55
info|2024-04-22 17:57:50.363756|[g:1][CONSENSUS]addRawPrepare,height=107,reqIdx=2,hash=b4dae59f...,time=0
info|2024-04-22 17:57:50.363996|[g:1][CONSENSUS][PBFT]checkTimeout Succ,view=55,toView=56,nodeIdx=1,changeCycle=1,myNode=9559e1b5...,timecost=1
info|2024-04-22 17:57:50.365721|[g:1][CONSENSUS][PBFT]checkAndChangeView: Reach consensus,org_view=55,cur_changeCycle=1,curView=55,view=56
info|2024-04-22 17:57:51.366807|[g:1][CONSENSUS]addRawPrepare,height=107,reqIdx=0,hash=103e5d56...,time=0
info|2024-04-22 17:57:51.367048|[g:1][CONSENSUS][PBFT]checkTimeout Succ,view=56,toView=57,nodeIdx=1,changeCycle=1,myNode=9559e1b5...,timecost=1
info|2024-04-22 17:57:51.368504|[g:1][CONSENSUS][PBFT]checkAndChangeView: Reach consensus,org_view=56,cur_changeCycle=1,curView=56,view=57
info|2024-04-22 17:57:52.368480|[g:1][CONSENSUS][SEALER]++++++++++++++++ Generating seal on,blkNum=107,tx=0,nodeIdx=1,hash=a46cb4d4...
info|2024-04-22 17:57:52.370017|[g:1][CONSENSUS][PBFT]checkTimeout Succ,view=57,toView=58,nodeIdx=1,changeCycle=1,myNode=9559e1b5...,timecost=1
info|2024-04-22 17:57:52.370519|[g:1][CONSENSUS][PBFT]checkAndChangeView: Reach consensus,org_view=57,cur_changeCycle=1,curView=57,view=58
info|2024-04-22 17:57:52.791308|[P2P][Service] heartBeat,connected count=2
info|2024-04-22 17:57:53.373513|[g:1][CONSENSUS]addRawPrepare,height=107,reqIdx=2,hash=ac238cd6...,time=0
info|2024-04-22 17:57:53.373690|[g:1][CONSENSUS][PBFT]checkTimeout Succ,view=58,toView=59,nodeIdx=1,changeCycle=1,myNode=9559e1b5...,timecost=0
info|2024-04-22 17:57:53.374572|[g:1][CONSENSUS][PBFT]checkAndChangeView: Reach consensus,org_view=58,cur_changeCycle=1,curView=58,view=59
info|2024-04-22 17:57:54.377751|[g:1][CONSENSUS]addRawPrepare,height=107,reqIdx=0,hash=edce002c...,time=0
info|2024-04-22 17:57:54.378077|[g:1][CONSENSUS][PBFT]checkTimeout Succ,view=59,toView=60,nodeIdx=1,changeCycle=1,myNode=9559e1b5...,timecost=1
info|2024-04-22 17:57:54.378854|[g:1][CONSENSUS][PBFT]checkAndChangeView: Reach consensus,org_view=59,cur_changeCycle=1,curView=59,view=60
info|2024-04-22 17:57:55.378469|[g:1][CONSENSUS][SEALER]++++++++++++++++ Generating seal on,blkNum=107,tx=0,nodeIdx=1,hash=7f6b1c14...
info|2024-04-22 17:57:55.379050|[g:1][CONSENSUS][PBFT]checkTimeout Succ,view=60,toView=61,nodeIdx=1,changeCycle=1,myNode=9559e1b5...,timecost=1
info|2024-04-22 17:57:55.380686|[g:1][CONSENSUS][PBFT]checkAndChangeView: Reach consensus,org_view=60,cur_changeCycle=1,curView=60,view=61
info|2024-04-22 17:57:56.382680|[g:1][CONSENSUS]addRawPrepare,height=107,reqIdx=2,hash=4997f275...,time=0
info|2024-04-22 17:57:56.382914|[g:1][CONSENSUS][PBFT]checkTimeout Succ,view=61,toView=62,nodeIdx=1,changeCycle=1,myNode=9559e1b5...,timecost=0
info|2024-04-22 17:57:56.384629|[g:1][CONSENSUS][PBFT]checkAndChangeView: Reach consensus,org_view=61,cur_changeCycle=1,curView=61,view=62
info|2024-04-22 17:57:57.386151|[g:1][CONSENSUS]addRawPrepare,height=107,reqIdx=0,hash=b0648101...,time=0
info|2024-04-22 17:57:57.386343|[g:1][CONSENSUS][PBFT]checkTimeout Succ,view=62,toView=63,nodeIdx=1,changeCycle=1,myNode=9559e1b5...,timecost=0
info|2024-04-22 17:57:57.387555|[g:1][CONSENSUS][PBFT]checkAndChangeView: Reach consensus,org_view=62,cur_changeCycle=1,curView=62,view=63
info|2024-04-22 17:57:58.387352|[g:1][CONSENSUS][SEALER]++++++++++++++++ Generating seal on,blkNum=107,tx=0,nodeIdx=1,hash=037e2606...
info|2024-04-22 17:57:58.387766|[g:1][CONSENSUS][PBFT]checkTimeout Succ,view=63,toView=64,nodeIdx=1,changeCycle=1,myNode=9559e1b5...,timecost=0
info|2024-04-22 17:57:58.389691|[g:1][CONSENSUS][PBFT]checkAndChangeView: Reach consensus,org_view=63,cur_changeCycle=1,curView=63,view=64
info|2024-04-22 17:57:59.391835|[g:1][CONSENSUS][PBFT]Trigger fast-viewchange,view=64,toView=64,minView=65,INFO=,reqNum=106,curNum=106,GenIdx=2,Cview=65,view=64,fromIdx=2,fromNode=bccb4948...,fromIp=127.0.0.1:35112,hash=d5591c18...,nodeIdx=1,myNode=9559e1b5...
info|2024-04-22 17:57:59.392064|[g:1][CONSENSUS][PBFT]checkTimeout Succ,view=64,toView=65,nodeIdx=1,changeCycle=2,myNode=9559e1b5...,timecost=1
info|2024-04-22 17:57:59.393371|[g:1][CONSENSUS][PBFT]checkAndChangeView: Reach consensus,org_view=64,cur_changeCycle=2,curView=64,view=65
info|2024-04-22 17:58:00.066017|[RPC][getPbftView]request,groupID=1
info|2024-04-22 17:58:00.120779|[RPC][getGroupPeers]request,groupID=1
info|2024-04-22 17:58:00.126505|[RPC][getSyncStatus]request,groupID=1
info|2024-04-22 17:58:00.133166|[RPC][getObserverList]request,groupID=1
info|2024-04-22 17:58:00.394836|[g:1][CONSENSUS]addRawPrepare,height=107,reqIdx=0,hash=5f660240...,time=0
info|2024-04-22 17:58:00.395063|[g:1][CONSENSUS][PBFT]checkTimeout Succ,view=65,toView=66,nodeIdx=1,changeCycle=1,myNode=9559e1b5...,timecost=1
info|2024-04-22 17:58:00.396630|[g:1][CONSENSUS][PBFT]checkAndChangeView: Reach consensus,org_view=65,cur_changeCycle=1,curView=65,view=66
info|2024-04-22 17:58:01.396369|[g:1][CONSENSUS][SEALER]++++++++++++++++ Generating seal on,blkNum=107,tx=0,nodeIdx=1,hash=c6214384...
info|2024-04-22 17:58:01.398172|[g:1][CONSENSUS][PBFT]Trigger fast-viewchange,view=66,toView=66,minView=67,INFO=,reqNum=106,curNum=106,GenIdx=0,Cview=67,view=66,fromIdx=0,fromNode=07db2593...,fromIp=127.0.0.1:30301,hash=d5591c18...,nodeIdx=1,myNode=9559e1b5...
info|2024-04-22 17:58:01.398369|[g:1][CONSENSUS][PBFT]checkTimeout Succ,view=66,toView=67,nodeIdx=1,changeCycle=1,myNode=9559e1b5...,timecost=0
info|2024-04-22 17:58:01.398636|[g:1][CONSENSUS][PBFT]checkAndChangeView: Reach consensus,org_view=66,cur_changeCycle=1,curView=66,view=67
info|2024-04-22 17:58:02.400369|[g:1][CONSENSUS]addRawPrepare,height=107,reqIdx=2,hash=0d3f3c6a...,time=0
info|2024-04-22 17:58:02.400577|[g:1][CONSENSUS][PBFT]checkTimeout Succ,view=67,toView=68,nodeIdx=1,changeCycle=1,myNode=9559e1b5...,timecost=0
info|2024-04-22 17:58:02.401643|[g:1][CONSENSUS][PBFT]checkAndChangeView: Reach consensus,org_view=67,cur_changeCycle=1,curView=67,view=68
info|2024-04-22 17:58:02.791358|[P2P][Service] heartBeat,connected count=2
info|2024-04-22 17:58:03.403688|[g:1][CONSENSUS]addRawPrepare,height=107,reqIdx=0,hash=647ff103...,time=0
info|2024-04-22 17:58:03.403965|[g:1][CONSENSUS][PBFT]checkTimeout Succ,view=68,toView=69,nodeIdx=1,changeCycle=1,myNode=9559e1b5...,timecost=0
info|2024-04-22 17:58:03.405101|[g:1][CONSENSUS][PBFT]checkAndChangeView: Reach consensus,org_view=68,cur_changeCycle=1,curView=68,view=69
info|2024-04-22 17:58:04.405942|[g:1][CONSENSUS][SEALER]++++++++++++++++ Generating seal on,blkNum=107,tx=0,nodeIdx=1,hash=46082d1f...
info|2024-04-22 17:58:04.407543|[g:1][CONSENSUS][PBFT]Trigger fast-viewchange,view=69,toView=69,minView=70,INFO=,reqNum=106,curNum=106,GenIdx=0,Cview=70,view=69,fromIdx=0,fromNode=07db2593...,fromIp=127.0.0.1:30301,hash=d5591c18...,nodeIdx=1,myNode=9559e1b5...
info|2024-04-22 17:58:04.407746|[g:1][CONSENSUS][PBFT]checkTimeout Succ,view=69,toView=70,nodeIdx=1,changeCycle=1,myNode=9559e1b5...,timecost=0
info|2024-04-22 17:58:04.408591|[g:1][CONSENSUS][PBFT]checkAndChangeView: Reach consensus,org_view=69,cur_changeCycle=1,curView=69,view=70
info|2024-04-22 17:58:05.409360|[g:1][CONSENSUS]addRawPrepare,height=107,reqIdx=2,hash=452fa826...,time=0
info|2024-04-22 17:58:05.410336|[g:1][CONSENSUS][PBFT]checkTimeout Succ,view=70,toView=71,nodeIdx=1,changeCycle=1,myNode=9559e1b5...,timecost=1
info|2024-04-22 17:58:05.411378|[g:1][CONSENSUS][PBFT]checkAndChangeView: Reach consensus,org_view=70,cur_changeCycle=1,curView=70,view=71
info|2024-04-22 17:58:06.412954|[g:1][CONSENSUS]addRawPrepare,height=107,reqIdx=0,hash=aacfd67f...,time=0
info|2024-04-22 17:58:06.413427|[g:1][CONSENSUS][PBFT]checkTimeout Succ,view=71,toView=72,nodeIdx=1,changeCycle=1,myNode=9559e1b5...,timecost=1
info|2024-04-22 17:58:06.414337|[g:1][CONSENSUS][PBFT]checkAndChangeView: Reach consensus,org_view=71,cur_changeCycle=1,curView=71,view=72
info|2024-04-22 17:58:07.414477|[g:1][CONSENSUS][SEALER]++++++++++++++++ Generating seal on,blkNum=107,tx=0,nodeIdx=1,hash=a773138b...
info|2024-04-22 17:58:07.415031|[g:1][CONSENSUS][PBFT]checkTimeout Succ,view=72,toView=73,nodeIdx=1,changeCycle=1,myNode=9559e1b5...,timecost=1
info|2024-04-22 17:58:07.416904|[g:1][CONSENSUS][PBFT]checkAndChangeView: Reach consensus,org_view=72,cur_changeCycle=1,curView=72,view=73
info|2024-04-22 17:58:08.418839|[g:1][CONSENSUS]addRawPrepare,height=107,reqIdx=2,hash=f4780293...,time=0
info|2024-04-22 17:58:08.419074|[g:1][CONSENSUS][PBFT]checkTimeout Succ,view=73,toView=74,nodeIdx=1,changeCycle=1,myNode=9559e1b5...,timecost=1
info|2024-04-22 17:58:08.420712|[g:1][CONSENSUS][PBFT]checkAndChangeView: Reach consensus,org_view=73,cur_changeCycle=1,curView=73,view=74
info|2024-04-22 17:58:09.421774|[g:1][CONSENSUS]addRawPrepare,height=107,reqIdx=0,hash=027aea44...,time=0
info|2024-04-22 17:58:09.422033|[g:1][CONSENSUS][PBFT]checkTimeout Succ,view=74,toView=75,nodeIdx=1,changeCycle=1,myNode=9559e1b5...,timecost=1
info|2024-04-22 17:58:09.423107|[g:1][CONSENSUS][PBFT]checkAndChangeView: Reach consensus,org_view=74,cur_changeCycle=1,curView=74,view=75
info|2024-04-22 17:58:10.025400|[RPC][getPbftView]request,groupID=1
info|2024-04-22 17:58:10.423947|[g:1][CONSENSUS][SEALER]++++++++++++++++ Generating seal on,blkNum=107,tx=0,nodeIdx=1,hash=a7a57ded...
info|2024-04-22 17:58:10.425755|[g:1][CONSENSUS][PBFT]Trigger fast-viewchange,view=75,toView=75,minView=76,INFO=,reqNum=106,curNum=106,GenIdx=0,Cview=76,view=75,fromIdx=0,fromNode=07db2593...,fromIp=127.0.0.1:30301,hash=d5591c18...,nodeIdx=1,myNode=9559e1b5...
info|2024-04-22 17:58:10.425967|[g:1][CONSENSUS][PBFT]checkTimeout Succ,view=75,toView=76,nodeIdx=1,changeCycle=1,myNode=9559e1b5...,timecost=0
info|2024-04-22 17:58:10.426229|[g:1][CONSENSUS][PBFT]checkAndChangeView: Reach consensus,org_view=75,cur_changeCycle=1,curView=75,view=76
info|2024-04-22 17:58:11.428092|[g:1][CONSENSUS]addRawPrepare,height=107,reqIdx=2,hash=b037e604...,time=0
info|2024-04-22 17:58:11.428310|[g:1][CONSENSUS][PBFT]checkTimeout Succ,view=76,toView=77,nodeIdx=1,changeCycle=1,myNode=9559e1b5...,timecost=0
info|2024-04-22 17:58:11.430263|[g:1][CONSENSUS][PBFT]checkAndChangeView: Reach consensus,org_view=76,cur_changeCycle=1,curView=76,view=77
info|2024-04-22 17:58:12.431906|[g:1][CONSENSUS]addRawPrepare,height=107,reqIdx=0,hash=2619d0d5...,time=0
info|2024-04-22 17:58:12.432094|[g:1][CONSENSUS][PBFT]checkTimeout Succ,view=77,toView=78,nodeIdx=1,changeCycle=1,myNode=9559e1b5...,timecost=1
info|2024-04-22 17:58:12.432544|[g:1][CONSENSUS][PBFT]checkAndChangeView: Reach consensus,org_view=77,cur_changeCycle=1,curView=77,view=78
info|2024-04-22 17:58:12.791434|[P2P][Service] heartBeat,connected count=2
info|2024-04-22 17:58:13.432243|[g:1][CONSENSUS][SEALER]++++++++++++++++ Generating seal on,blkNum=107,tx=0,nodeIdx=1,hash=eda145d1...
info|2024-04-22 17:58:13.432767|[g:1][CONSENSUS][PBFT]checkTimeout Succ,view=78,toView=79,nodeIdx=1,changeCycle=1,myNode=9559e1b5...,timecost=0
info|2024-04-22 17:58:13.434202|[g:1][CONSENSUS][PBFT]checkAndChangeView: Reach consensus,org_view=78,cur_changeCycle=1,curView=78,view=79
info|2024-04-22 17:58:14.436559|[g:1][CONSENSUS]addRawPrepare,height=107,reqIdx=2,hash=c656003a...,time=0
info|2024-04-22 17:58:14.436749|[g:1][CONSENSUS][PBFT]checkTimeout Succ,view=79,toView=80,nodeIdx=1,changeCycle=1,myNode=9559e1b5...,timecost=0
info|2024-04-22 17:58:14.437249|[g:1][CONSENSUS][PBFT]checkAndChangeView: Reach consensus,org_view=79,cur_changeCycle=1,curView=79,view=80
info|2024-04-22 17:58:15.439387|[g:1][CONSENSUS]addRawPrepare,height=107,reqIdx=0,hash=8b68c27d...,time=0
info|2024-04-22 17:58:15.439573|[g:1][CONSENSUS][PBFT]checkTimeout Succ,view=80,toView=81,nodeIdx=1,changeCycle=1,myNode=9559e1b5...,timecost=0
info|2024-04-22 17:58:15.441337|[g:1][CONSENSUS][PBFT]checkAndChangeView: Reach consensus,org_view=80,cur_changeCycle=1,curView=80,view=81
info|2024-04-22 17:58:16.441429|[g:1][CONSENSUS][SEALER]++++++++++++++++ Generating seal on,blkNum=107,tx=0,nodeIdx=1,hash=c6a91913...
info|2024-04-22 17:58:16.442987|[g:1][CONSENSUS][PBFT]Trigger fast-viewchange,view=81,toView=81,minView=82,INFO=,reqNum=106,curNum=106,GenIdx=0,Cview=82,view=81,fromIdx=0,fromNode=07db2593...,fromIp=127.0.0.1:30301,hash=d5591c18...,nodeIdx=1,myNode=9559e1b5...
info|2024-04-22 17:58:16.443168|[g:1][CONSENSUS][PBFT]checkTimeout Succ,view=81,toView=82,nodeIdx=1,changeCycle=1,myNode=9559e1b5...,timecost=0
info|2024-04-22 17:58:16.443808|[g:1][CONSENSUS][PBFT]checkAndChangeView: Reach consensus,org_view=81,cur_changeCycle=1,curView=81,view=82
info|2024-04-22 17:58:17.445109|[g:1][CONSENSUS]addRawPrepare,height=107,reqIdx=2,hash=ddbcc1a0...,time=0
info|2024-04-22 17:58:17.445440|[g:1][CONSENSUS][PBFT]checkTimeout Succ,view=82,toView=83,nodeIdx=1,changeCycle=1,myNode=9559e1b5...,timecost=0
info|2024-04-22 17:58:17.447149|[g:1][CONSENSUS][PBFT]checkAndChangeView: Reach consensus,org_view=82,cur_changeCycle=1,curView=82,view=83
info|2024-04-22 17:58:18.447789|[g:1][CONSENSUS]addRawPrepare,height=107,reqIdx=0,hash=79afd980...,time=0
info|2024-04-22 17:58:18.448064|[g:1][CONSENSUS][PBFT]checkTimeout Succ,view=83,toView=84,nodeIdx=1,changeCycle=1,myNode=9559e1b5...,timecost=1
info|2024-04-22 17:58:18.449380|[g:1][CONSENSUS][PBFT]checkAndChangeView: Reach consensus,org_view=83,cur_changeCycle=1,curView=83,view=84
info|2024-04-22 17:58:19.449269|[g:1][CONSENSUS][SEALER]++++++++++++++++ Generating seal on,blkNum=107,tx=0,nodeIdx=1,hash=25cf3d67...
info|2024-04-22 17:58:19.449712|[g:1][CONSENSUS][PBFT]checkTimeout Succ,view=84,toView=85,nodeIdx=1,changeCycle=1,myNode=9559e1b5...,timecost=0
info|2024-04-22 17:58:19.451579|[g:1][CONSENSUS][PBFT]checkAndChangeView: Reach consensus,org_view=84,cur_changeCycle=1,curView=84,view=85
info|2024-04-22 17:58:20.014680|[RPC][getPendingTxSize]request,groupID=1
info|2024-04-22 17:58:20.020512|[RPC][getPbftView]request,groupID=1
info|2024-04-22 17:58:20.453378|[g:1][CONSENSUS]addRawPrepare,height=107,reqIdx=2,hash=4f1983e3...,time=0
info|2024-04-22 17:58:20.453566|[g:1][CONSENSUS][PBFT]checkTimeout Succ,view=85,toView=86,nodeIdx=1,changeCycle=1,myNode=9559e1b5...,timecost=0
info|2024-04-22 17:58:20.455248|[g:1][CONSENSUS][PBFT]checkAndChangeView: Reach consensus,org_view=85,cur_changeCycle=1,curView=85,view=86
info|2024-04-22 17:58:21.456620|[g:1][CONSENSUS]addRawPrepare,height=107,reqIdx=0,hash=b407f59a...,time=0
info|2024-04-22 17:58:21.456833|[g:1][CONSENSUS][PBFT]checkTimeout Succ,view=86,toView=87,nodeIdx=1,changeCycle=1,myNode=9559e1b5...,timecost=0
info|2024-04-22 17:58:21.457340|[g:1][CONSENSUS][PBFT]checkAndChangeView: Reach consensus,org_view=86,cur_changeCycle=1,curView=86,view=87
info|2024-04-22 17:58:22.457653|[g:1][CONSENSUS][SEALER]++++++++++++++++ Generating seal on,blkNum=107,tx=0,nodeIdx=1,hash=8938750f...
info|2024-04-22 17:58:22.458212|[g:1][CONSENSUS][PBFT]checkTimeout Succ,view=87,toView=88,nodeIdx=1,changeCycle=1,myNode=9559e1b5...,timecost=0
info|2024-04-22 17:58:22.459836|[g:1][CONSENSUS][PBFT]checkAndChangeView: Reach consensus,org_view=87,cur_changeCycle=1,curView=87,view=88
info|2024-04-22 17:58:22.791506|[P2P][Service] heartBeat,connected count=2
info|2024-04-22 17:58:23.461427|[g:1][CONSENSUS]addRawPrepare,height=107,reqIdx=2,hash=292629b9...,time=0
info|2024-04-22 17:58:23.461644|[g:1][CONSENSUS][PBFT]checkTimeout Succ,view=88,toView=89,nodeIdx=1,changeCycle=1,myNode=9559e1b5...,timecost=0
info|2024-04-22 17:58:23.463016|[g:1][CONSENSUS][PBFT]checkAndChangeView: Reach consensus,org_view=88,cur_changeCycle=1,curView=88,view=89
info|2024-04-22 17:58:24.463473|[g:1][CONSENSUS]addRawPrepare,height=107,reqIdx=0,hash=669c8542...,time=0
info|2024-04-22 17:58:24.463673|[g:1][CONSENSUS][PBFT]checkTimeout Succ,view=89,toView=90,nodeIdx=1,changeCycle=1,myNode=9559e1b5...,timecost=0
info|2024-04-22 17:58:24.464989|[g:1][CONSENSUS][PBFT]checkAndChangeView: Reach consensus,org_view=89,cur_changeCycle=1,curView=89,view=90
info|2024-04-22 17:58:25.465496|[g:1][CONSENSUS][SEALER]++++++++++++++++ Generating seal on,blkNum=107,tx=0,nodeIdx=1,hash=21c0d0a8...
info|2024-04-22 17:58:25.465954|[g:1][CONSENSUS][PBFT]checkTimeout Succ,view=90,toView=91,nodeIdx=1,changeCycle=1,myNode=9559e1b5...,timecost=0
info|2024-04-22 17:58:25.467667|[g:1][CONSENSUS][PBFT]checkAndChangeView: Reach consensus,org_view=90,cur_changeCycle=1,curView=90,view=91
info|2024-04-22 17:58:26.471089|[g:1][CONSENSUS]addRawPrepare,height=107,reqIdx=2,hash=91eb9c5f...,time=0
info|2024-04-22 17:58:26.471303|[g:1][CONSENSUS][PBFT]checkTimeout Succ,view=91,toView=92,nodeIdx=1,changeCycle=1,myNode=9559e1b5...,timecost=0
info|2024-04-22 17:58:26.471813|[g:1][CONSENSUS][PBFT]checkAndChangeView: Reach consensus,org_view=91,cur_changeCycle=1,curView=91,view=92
info|2024-04-22 17:58:27.473050|[g:1][CONSENSUS]addRawPrepare,height=107,reqIdx=0,hash=9aa076ac...,time=0
info|2024-04-22 17:58:27.473265|[g:1][CONSENSUS][PBFT]checkTimeout Succ,view=92,toView=93,nodeIdx=1,changeCycle=1,myNode=9559e1b5...,timecost=0
info|2024-04-22 17:58:27.475019|[g:1][CONSENSUS][PBFT]checkAndChangeView: Reach consensus,org_view=92,cur_changeCycle=1,curView=92,view=93
info|2024-04-22 17:58:28.475081|[g:1][CONSENSUS][SEALER]++++++++++++++++ Generating seal on,blkNum=107,tx=0,nodeIdx=1,hash=a25a9977...
info|2024-04-22 17:58:28.475601|[g:1][CONSENSUS][PBFT]checkTimeout Succ,view=93,toView=94,nodeIdx=1,changeCycle=1,myNode=9559e1b5...,timecost=0
info|2024-04-22 17:58:28.477363|[g:1][CONSENSUS][PBFT]checkAndChangeView: Reach consensus,org_view=93,cur_changeCycle=1,curView=93,view=94
info|2024-04-22 17:58:29.479063|[g:1][CONSENSUS]addRawPrepare,height=107,reqIdx=2,hash=9154273d...,time=0
info|2024-04-22 17:58:29.479242|[g:1][CONSENSUS][PBFT]checkTimeout Succ,view=94,toView=95,nodeIdx=1,changeCycle=1,myNode=9559e1b5...,timecost=0
info|2024-04-22 17:58:29.480288|[g:1][CONSENSUS][PBFT]checkAndChangeView: Reach consensus,org_view=94,cur_changeCycle=1,curView=94,view=95
info|2024-04-22 17:58:30.482063|[g:1][CONSENSUS]addRawPrepare,height=107,reqIdx=0,hash=2927d442...,time=0
info|2024-04-22 17:58:30.482298|[g:1][CONSENSUS][PBFT]checkTimeout Succ,view=95,toView=96,nodeIdx=1,changeCycle=1,myNode=9559e1b5...,timecost=0
info|2024-04-22 17:58:30.483759|[g:1][CONSENSUS][PBFT]checkAndChangeView: Reach consensus,org_view=95,cur_changeCycle=1,curView=95,view=96
info|2024-04-22 17:58:31.484072|[g:1][CONSENSUS][SEALER]++++++++++++++++ Generating seal on,blkNum=107,tx=0,nodeIdx=1,hash=f908069e...
info|2024-04-22 17:58:31.485529|[g:1][CONSENSUS][PBFT]checkTimeout Succ,view=96,toView=97,nodeIdx=1,changeCycle=1,myNode=9559e1b5...,timecost=0
info|2024-04-22 17:58:31.486080|[g:1][CONSENSUS][PBFT]checkAndChangeView: Reach consensus,org_view=96,cur_changeCycle=1,curView=96,view=97
info|2024-04-22 17:58:32.488112|[g:1][CONSENSUS]addRawPrepare,height=107,reqIdx=2,hash=b5d5f5d6...,time=0
info|2024-04-22 17:58:32.488338|[g:1][CONSENSUS][PBFT]checkTimeout Succ,view=97,toView=98,nodeIdx=1,changeCycle=1,myNode=9559e1b5...,timecost=0
info|2024-04-22 17:58:32.489288|[g:1][CONSENSUS][PBFT]checkAndChangeView: Reach consensus,org_view=97,cur_changeCycle=1,curView=97,view=98
info|2024-04-22 17:58:32.791559|[P2P][Service] heartBeat,connected count=2
info|2024-04-22 17:58:33.490109|[g:1][CONSENSUS]addRawPrepare,height=107,reqIdx=0,hash=151ef0a3...,time=0
info|2024-04-22 17:58:33.490319|[g:1][CONSENSUS][PBFT]checkTimeout Succ,view=98,toView=99,nodeIdx=1,changeCycle=1,myNode=9559e1b5...,timecost=0
info|2024-04-22 17:58:33.491620|[g:1][CONSENSUS][PBFT]checkAndChangeView: Reach consensus,org_view=98,cur_changeCycle=1,curView=98,view=99
info|2024-04-22 17:58:34.491685|[g:1][CONSENSUS][SEALER]++++++++++++++++ Generating seal on,blkNum=107,tx=0,nodeIdx=1,hash=5869cb20...
info|2024-04-22 17:58:34.492245|[g:1][CONSENSUS][PBFT]checkTimeout Succ,view=99,toView=100,nodeIdx=1,changeCycle=1,myNode=9559e1b5...,timecost=0
info|2024-04-22 17:58:34.494087|[g:1][CONSENSUS][PBFT]checkAndChangeView: Reach consensus,org_view=99,cur_changeCycle=1,curView=99,view=100
info|2024-04-22 17:58:35.494956|[g:1][CONSENSUS]addRawPrepare,height=107,reqIdx=2,hash=449a3346...,time=0
info|2024-04-22 17:58:35.495176|[g:1][CONSENSUS][PBFT]checkTimeout Succ,view=100,toView=101,nodeIdx=1,changeCycle=1,myNode=9559e1b5...,timecost=1
info|2024-04-22 17:58:35.496999|[g:1][CONSENSUS][PBFT]checkAndChangeView: Reach consensus,org_view=100,cur_changeCycle=1,curView=100,view=101
info|2024-04-22 17:58:36.497116|[g:1][CONSENSUS]addRawPrepare,height=107,reqIdx=0,hash=105c5749...,time=0
info|2024-04-22 17:58:36.497356|[g:1][CONSENSUS][PBFT]checkTimeout Succ,view=101,toView=102,nodeIdx=1,changeCycle=1,myNode=9559e1b5...,timecost=0
info|2024-04-22 17:58:36.500646|[g:1][CONSENSUS][PBFT]checkAndChangeView: Reach consensus,org_view=101,cur_changeCycle=1,curView=101,view=102
info|2024-04-22 17:58:37.501021|[g:1][CONSENSUS][SEALER]++++++++++++++++ Generating seal on,blkNum=107,tx=0,nodeIdx=1,hash=3d6b691b...
info|2024-04-22 17:58:37.501656|[g:1][CONSENSUS][PBFT]checkTimeout Succ,view=102,toView=103,nodeIdx=1,changeCycle=1,myNode=9559e1b5...,timecost=0
info|2024-04-22 17:58:37.503268|[g:1][CONSENSUS][PBFT]checkAndChangeView: Reach consensus,org_view=102,cur_changeCycle=1,curView=102,view=103
info|2024-04-22 17:58:38.505029|[g:1][CONSENSUS]addRawPrepare,height=107,reqIdx=2,hash=44703efa...,time=0
info|2024-04-22 17:58:38.505233|[g:1][CONSENSUS][PBFT]checkTimeout Succ,view=103,toView=104,nodeIdx=1,changeCycle=1,myNode=9559e1b5...,timecost=0
info|2024-04-22 17:58:38.506393|[g:1][CONSENSUS][PBFT]checkAndChangeView: Reach consensus,org_view=103,cur_changeCycle=1,curView=103,view=104
info|2024-04-22 17:58:39.507778|[g:1][CONSENSUS]addRawPrepare,height=107,reqIdx=0,hash=b0fe640b...,time=0
info|2024-04-22 17:58:39.507977|[g:1][CONSENSUS][PBFT]checkTimeout Succ,view=104,toView=105,nodeIdx=1,changeCycle=1,myNode=9559e1b5...,timecost=0
info|2024-04-22 17:58:39.509382|[g:1][CONSENSUS][PBFT]checkAndChangeView: Reach consensus,org_view=104,cur_changeCycle=1,curView=104,view=105
info|2024-04-22 17:58:40.015492|[RPC][getPbftView]request,groupID=1
info|2024-04-22 17:58:40.510032|[g:1][CONSENSUS][SEALER]++++++++++++++++ Generating seal on,blkNum=107,tx=0,nodeIdx=1,hash=572f65cd...
info|2024-04-22 17:58:40.511717|[g:1][CONSENSUS][PBFT]Trigger fast-viewchange,view=105,toView=105,minView=106,INFO=,reqNum=106,curNum=106,GenIdx=2,Cview=106,view=105,fromIdx=2,fromNode=bccb4948...,fromIp=127.0.0.1:35112,hash=d5591c18...,nodeIdx=1,myNode=9559e1b5...
info|2024-04-22 17:58:40.511905|[g:1][CONSENSUS][PBFT]checkTimeout Succ,view=105,toView=106,nodeIdx=1,changeCycle=1,myNode=9559e1b5...,timecost=0
info|2024-04-22 17:58:40.512137|[g:1][CONSENSUS][PBFT]checkAndChangeView: Reach consensus,org_view=105,cur_changeCycle=1,curView=105,view=106
info|2024-04-22 17:58:41.513171|[g:1][CONSENSUS]addRawPrepare,height=107,reqIdx=2,hash=de5174e3...,time=0
info|2024-04-22 17:58:41.513386|[g:1][CONSENSUS][PBFT]checkTimeout Succ,view=106,toView=107,nodeIdx=1,changeCycle=1,myNode=9559e1b5...,timecost=0
info|2024-04-22 17:58:41.514985|[g:1][CONSENSUS][PBFT]checkAndChangeView: Reach consensus,org_view=106,cur_changeCycle=1,curView=106,view=107
info|2024-04-22 17:58:42.514788|[g:1][CONSENSUS]addRawPrepare,height=107,reqIdx=0,hash=908b014f...,time=0
info|2024-04-22 17:58:42.515014|[g:1][CONSENSUS][PBFT]checkTimeout Succ,view=107,toView=108,nodeIdx=1,changeCycle=1,myNode=9559e1b5...,timecost=1
info|2024-04-22 17:58:42.516647|[g:1][CONSENSUS][PBFT]checkAndChangeView: Reach consensus,org_view=107,cur_changeCycle=1,curView=107,view=108
info|2024-04-22 17:58:42.791612|[P2P][Service] heartBeat,connected count=2
info|2024-04-22 17:58:43.516043|[g:1][CONSENSUS][SEALER]++++++++++++++++ Generating seal on,blkNum=107,tx=0,nodeIdx=1,hash=1e851bd1...
info|2024-04-22 17:58:43.516485|[g:1][CONSENSUS][PBFT]checkTimeout Succ,view=108,toView=109,nodeIdx=1,changeCycle=1,myNode=9559e1b5...,timecost=0
info|2024-04-22 17:58:43.518499|[g:1][CONSENSUS][PBFT]checkAndChangeView: Reach consensus,org_view=108,cur_changeCycle=1,curView=108,view=109
info|2024-04-22 17:58:44.519459|[g:1][CONSENSUS]addRawPrepare,height=107,reqIdx=2,hash=7099f878...,time=0
info|2024-04-22 17:58:44.519661|[g:1][CONSENSUS][PBFT]checkTimeout Succ,view=109,toView=110,nodeIdx=1,changeCycle=1,myNode=9559e1b5...,timecost=0
info|2024-04-22 17:58:44.521046|[g:1][CONSENSUS][PBFT]checkAndChangeView: Reach consensus,org_view=109,cur_changeCycle=1,curView=109,view=110
info|2024-04-22 17:58:45.521606|[g:1][CONSENSUS]addRawPrepare,height=107,reqIdx=0,hash=429e3526...,time=0
info|2024-04-22 17:58:45.521813|[g:1][CONSENSUS][PBFT]checkTimeout Succ,view=110,toView=111,nodeIdx=1,changeCycle=1,myNode=9559e1b5...,timecost=0
info|2024-04-22 17:58:45.523146|[g:1][CONSENSUS][PBFT]checkAndChangeView: Reach consensus,org_view=110,cur_changeCycle=1,curView=110,view=111
info|2024-04-22 17:58:46.523701|[g:1][CONSENSUS][SEALER]++++++++++++++++ Generating seal on,blkNum=107,tx=0,nodeIdx=1,hash=1009bb4e...
info|2024-04-22 17:58:46.524474|[g:1][CONSENSUS][PBFT]checkTimeout Succ,view=111,toView=112,nodeIdx=1,changeCycle=1,myNode=9559e1b5...,timecost=0
info|2024-04-22 17:58:46.526393|[g:1][CONSENSUS][PBFT]checkAndChangeView: Reach consensus,org_view=111,cur_changeCycle=1,curView=111,view=112
info|2024-04-22 17:58:47.528108|[g:1][CONSENSUS]addRawPrepare,height=107,reqIdx=2,hash=aa277770...,time=0
info|2024-04-22 17:58:47.528315|[g:1][CONSENSUS][PBFT]checkTimeout Succ,view=112,toView=113,nodeIdx=1,changeCycle=1,myNode=9559e1b5...,timecost=0
info|2024-04-22 17:58:47.529730|[g:1][CONSENSUS][PBFT]checkAndChangeView: Reach consensus,org_view=112,cur_changeCycle=1,curView=112,view=113
info|2024-04-22 17:58:48.530442|[g:1][CONSENSUS]addRawPrepare,height=107,reqIdx=0,hash=c7735aa3...,time=0
info|2024-04-22 17:58:48.530656|[g:1][CONSENSUS][PBFT]checkTimeout Succ,view=113,toView=114,nodeIdx=1,changeCycle=1,myNode=9559e1b5...,timecost=0
info|2024-04-22 17:58:48.531638|[g:1][CONSENSUS][PBFT]checkAndChangeView: Reach consensus,org_view=113,cur_changeCycle=1,curView=113,view=114
info|2024-04-22 17:58:49.531996|[g:1][CONSENSUS][SEALER]++++++++++++++++ Generating seal on,blkNum=107,tx=0,nodeIdx=1,hash=1c6ad909...
info|2024-04-22 17:58:49.532577|[g:1][CONSENSUS][PBFT]checkTimeout Succ,view=114,toView=115,nodeIdx=1,changeCycle=1,myNode=9559e1b5...,timecost=0
info|2024-04-22 17:58:49.534605|[g:1][CONSENSUS][PBFT]checkAndChangeView: Reach consensus,org_view=114,cur_changeCycle=1,curView=114,view=115
info|2024-04-22 17:58:50.535739|[g:1][CONSENSUS]addRawPrepare,height=107,reqIdx=2,hash=76ea90ac...,time=0
info|2024-04-22 17:58:50.535968|[g:1][CONSENSUS][PBFT]checkTimeout Succ,view=115,toView=116,nodeIdx=1,changeCycle=1,myNode=9559e1b5...,timecost=0
info|2024-04-22 17:58:50.537588|[g:1][CONSENSUS][PBFT]checkAndChangeView: Reach consensus,org_view=115,cur_changeCycle=1,curView=115,view=116
info|2024-04-22 17:58:51.539816|[g:1][CONSENSUS]addRawPrepare,height=107,reqIdx=0,hash=bb6430c0...,time=0
info|2024-04-22 17:58:51.540011|[g:1][CONSENSUS][PBFT]checkTimeout Succ,view=116,toView=117,nodeIdx=1,changeCycle=1,myNode=9559e1b5...,timecost=1
info|2024-04-22 17:58:51.540495|[g:1][CONSENSUS][PBFT]checkAndChangeView: Reach consensus,org_view=116,cur_changeCycle=1,curView=116,view=117
info|2024-04-22 17:58:52.540940|[g:1][CONSENSUS][SEALER]++++++++++++++++ Generating seal on,blkNum=107,tx=0,nodeIdx=1,hash=1f8f8b97...
info|2024-04-22 17:58:52.541517|[g:1][CONSENSUS][PBFT]checkTimeout Succ,view=117,toView=118,nodeIdx=1,changeCycle=1,myNode=9559e1b5...,timecost=0
info|2024-04-22 17:58:52.543455|[g:1][CONSENSUS][PBFT]checkAndChangeView: Reach consensus,org_view=117,cur_changeCycle=1,curView=117,view=118
info|2024-04-22 17:58:52.791725|[P2P][Service] heartBeat,connected count=2
info|2024-04-22 17:58:53.544869|[g:1][CONSENSUS]addRawPrepare,height=107,reqIdx=2,hash=a3a62d3d...,time=0
info|2024-04-22 17:58:53.545118|[g:1][CONSENSUS][PBFT]checkTimeout Succ,view=118,toView=119,nodeIdx=1,changeCycle=1,myNode=9559e1b5...,timecost=1
info|2024-04-22 17:58:53.546232|[g:1][CONSENSUS][PBFT]checkAndChangeView: Reach consensus,org_view=118,cur_changeCycle=1,curView=118,view=119
info|2024-04-22 17:58:54.546915|[g:1][CONSENSUS]addRawPrepare,height=107,reqIdx=0,hash=2423beb7...,time=0
info|2024-04-22 17:58:54.547133|[g:1][CONSENSUS][PBFT]checkTimeout Succ,view=119,toView=120,nodeIdx=1,changeCycle=1,myNode=9559e1b5...,timecost=1
info|2024-04-22 17:58:54.548233|[g:1][CONSENSUS][PBFT]checkAndChangeView: Reach consensus,org_view=119,cur_changeCycle=1,curView=119,view=120
info|2024-04-22 17:58:55.548701|[g:1][CONSENSUS][SEALER]++++++++++++++++ Generating seal on,blkNum=107,tx=0,nodeIdx=1,hash=df8d5f23...
info|2024-04-22 17:58:55.549204|[g:1][CONSENSUS][PBFT]checkTimeout Succ,view=120,toView=121,nodeIdx=1,changeCycle=1,myNode=9559e1b5...,timecost=0
info|2024-04-22 17:58:55.551071|[g:1][CONSENSUS][PBFT]checkAndChangeView: Reach consensus,org_view=120,cur_changeCycle=1,curView=120,view=121
info|2024-04-22 17:58:56.554365|[g:1][CONSENSUS]addRawPrepare,height=107,reqIdx=2,hash=621a767a...,time=0
info|2024-04-22 17:58:56.554592|[g:1][CONSENSUS][PBFT]checkTimeout Succ,view=121,toView=122,nodeIdx=1,changeCycle=1,myNode=9559e1b5...,timecost=0
info|2024-04-22 17:58:56.556023|[g:1][CONSENSUS][PBFT]checkAndChangeView: Reach consensus,org_view=121,cur_changeCycle=1,curView=121,view=122
info|2024-04-22 17:58:57.557136|[g:1][CONSENSUS][PBFT]Trigger fast-viewchange,view=122,toView=122,minView=123,INFO=,reqNum=106,curNum=106,GenIdx=0,Cview=123,view=122,fromIdx=0,fromNode=07db2593...,fromIp=127.0.0.1:30301,hash=d5591c18...,nodeIdx=1,myNode=9559e1b5...
info|2024-04-22 17:58:57.557331|[g:1][CONSENSUS][PBFT]checkTimeout Succ,view=122,toView=123,nodeIdx=1,changeCycle=2,myNode=9559e1b5...,timecost=0
info|2024-04-22 17:58:57.558271|[g:1][CONSENSUS][PBFT]checkAndChangeView: Reach consensus,org_view=122,cur_changeCycle=2,curView=122,view=123
info|2024-04-22 17:58:58.558307|[g:1][CONSENSUS][SEALER]++++++++++++++++ Generating seal on,blkNum=107,tx=0,nodeIdx=1,hash=82da9c62...
info|2024-04-22 17:58:58.558761|[g:1][CONSENSUS][PBFT]checkTimeout Succ,view=123,toView=124,nodeIdx=1,changeCycle=1,myNode=9559e1b5...,timecost=0
info|2024-04-22 17:58:58.560943|[g:1][CONSENSUS][PBFT]checkAndChangeView: Reach consensus,org_view=123,cur_changeCycle=1,curView=123,view=124
info|2024-04-22 17:58:59.561273|[g:1][CONSENSUS]addRawPrepare,height=107,reqIdx=2,hash=82376887...,time=0
info|2024-04-22 17:58:59.561474|[g:1][CONSENSUS][PBFT]checkTimeout Succ,view=124,toView=125,nodeIdx=1,changeCycle=1,myNode=9559e1b5...,timecost=0
info|2024-04-22 17:58:59.562766|[g:1][CONSENSUS][PBFT]checkAndChangeView: Reach consensus,org_view=124,cur_changeCycle=1,curView=124,view=125
info|2024-04-22 17:59:00.016722|[RPC][getSyncStatus]request,groupID=1
info|2024-04-22 17:59:00.019745|[RPC][getConsensusStatus]request,groupID=1
info|2024-04-22 17:59:00.044630|[RPC][getPendingTxSize]request,groupID=1
info|2024-04-22 17:59:00.564885|[g:1][CONSENSUS]addRawPrepare,height=107,reqIdx=0,hash=56aa461e...,time=0
info|2024-04-22 17:59:00.565126|[g:1][CONSENSUS][PBFT]checkTimeout Succ,view=125,toView=126,nodeIdx=1,changeCycle=1,myNode=9559e1b5...,timecost=1
info|2024-04-22 17:59:00.566969|[g:1][CONSENSUS][PBFT]checkAndChangeView: Reach consensus,org_view=125,cur_changeCycle=1,curView=125,view=126
info|2024-04-22 17:59:01.567427|[g:1][CONSENSUS][SEALER]++++++++++++++++ Generating seal on,blkNum=107,tx=0,nodeIdx=1,hash=c0f84a81...
info|2024-04-22 17:59:01.568196|[g:1][CONSENSUS][PBFT]checkTimeout Succ,view=126,toView=127,nodeIdx=1,changeCycle=1,myNode=9559e1b5...,timecost=1
info|2024-04-22 17:59:01.570299|[g:1][CONSENSUS][PBFT]checkAndChangeView: Reach consensus,org_view=126,cur_changeCycle=1,curView=126,view=127
info|2024-04-22 17:59:02.571921|[g:1][CONSENSUS]addRawPrepare,height=107,reqIdx=2,hash=919b6ea2...,time=0
info|2024-04-22 17:59:02.572121|[g:1][CONSENSUS][PBFT]checkTimeout Succ,view=127,toView=128,nodeIdx=1,changeCycle=1,myNode=9559e1b5...,timecost=1
info|2024-04-22 17:59:02.573042|[g:1][CONSENSUS][PBFT]checkAndChangeView: Reach consensus,org_view=127,cur_changeCycle=1,curView=127,view=128
info|2024-04-22 17:59:02.791805|[P2P][Service] heartBeat,connected count=2
info|2024-04-22 17:59:03.575757|[g:1][CONSENSUS]addRawPrepare,height=107,reqIdx=0,hash=f09489b3...,time=0
info|2024-04-22 17:59:03.575985|[g:1][CONSENSUS][PBFT]checkTimeout Succ,view=128,toView=129,nodeIdx=1,changeCycle=1,myNode=9559e1b5...,timecost=0
info|2024-04-22 17:59:03.578153|[g:1][CONSENSUS][PBFT]checkAndChangeView: Reach consensus,org_view=128,cur_changeCycle=1,curView=128,view=129
info|2024-04-22 17:59:04.578417|[g:1][CONSENSUS][SEALER]++++++++++++++++ Generating seal on,blkNum=107,tx=0,nodeIdx=1,hash=b65770bc...
info|2024-04-22 17:59:04.579960|[g:1][CONSENSUS][PBFT]checkTimeout Succ,view=129,toView=130,nodeIdx=1,changeCycle=1,myNode=9559e1b5...,timecost=0
info|2024-04-22 17:59:04.581591|[g:1][CONSENSUS][PBFT]checkAndChangeView: Reach consensus,org_view=129,cur_changeCycle=1,curView=129,view=130
info|2024-04-22 17:59:05.581111|[g:1][CONSENSUS][PBFT]Trigger fast-viewchange,view=130,toView=130,minView=131,INFO=,reqNum=106,curNum=106,GenIdx=2,Cview=131,view=130,fromIdx=2,fromNode=bccb4948...,fromIp=127.0.0.1:35112,hash=d5591c18...,nodeIdx=1,myNode=9559e1b5...
info|2024-04-22 17:59:05.581277|[g:1][CONSENSUS][PBFT]checkTimeout Succ,view=130,toView=131,nodeIdx=1,changeCycle=2,myNode=9559e1b5...,timecost=0
info|2024-04-22 17:59:05.582645|[g:1][CONSENSUS][PBFT]checkAndChangeView: Reach consensus,org_view=130,cur_changeCycle=2,curView=130,view=131
info|2024-04-22 17:59:06.584347|[g:1][CONSENSUS]addRawPrepare,height=107,reqIdx=0,hash=797f2401...,time=0
info|2024-04-22 17:59:06.584526|[g:1][CONSENSUS][PBFT]checkTimeout Succ,view=131,toView=132,nodeIdx=1,changeCycle=1,myNode=9559e1b5...,timecost=0
info|2024-04-22 17:59:06.585810|[g:1][CONSENSUS][PBFT]checkAndChangeView: Reach consensus,org_view=131,cur_changeCycle=1,curView=131,view=132
info|2024-04-22 17:59:07.585430|[g:1][CONSENSUS][SEALER]++++++++++++++++ Generating seal on,blkNum=107,tx=0,nodeIdx=1,hash=3e47fcfb...
info|2024-04-22 17:59:07.585977|[g:1][CONSENSUS][PBFT]checkTimeout Succ,view=132,toView=133,nodeIdx=1,changeCycle=1,myNode=9559e1b5...,timecost=0
info|2024-04-22 17:59:07.587864|[g:1][CONSENSUS][PBFT]checkAndChangeView: Reach consensus,org_view=132,cur_changeCycle=1,curView=132,view=133
info|2024-04-22 17:59:08.589461|[g:1][CONSENSUS][PBFT]Trigger fast-viewchange,view=133,toView=133,minView=134,INFO=,reqNum=106,curNum=106,GenIdx=2,Cview=134,view=133,fromIdx=2,fromNode=bccb4948...,fromIp=127.0.0.1:35112,hash=d5591c18...,nodeIdx=1,myNode=9559e1b5...
info|2024-04-22 17:59:08.589645|[g:1][CONSENSUS][PBFT]checkTimeout Succ,view=133,toView=134,nodeIdx=1,changeCycle=2,myNode=9559e1b5...,timecost=0
info|2024-04-22 17:59:08.589873|[g:1][CONSENSUS][PBFT]checkAndChangeView: Reach consensus,org_view=133,cur_changeCycle=2,curView=133,view=134
info|2024-04-22 17:59:09.591786|[g:1][CONSENSUS][PBFT]Trigger fast-viewchange,view=134,toView=134,minView=135,INFO=,reqNum=106,curNum=106,GenIdx=0,Cview=135,view=134,fromIdx=0,fromNode=07db2593...,fromIp=127.0.0.1:30301,hash=d5591c18...,nodeIdx=1,myNode=9559e1b5...
info|2024-04-22 17:59:09.592006|[g:1][CONSENSUS][PBFT]checkTimeout Succ,view=134,toView=135,nodeIdx=1,changeCycle=3,myNode=9559e1b5...,timecost=1
info|2024-04-22 17:59:09.593332|[g:1][CONSENSUS][PBFT]checkAndChangeView: Reach consensus,org_view=134,cur_changeCycle=3,curView=134,view=135
info|2024-04-22 17:59:10.593666|[g:1][CONSENSUS][SEALER]++++++++++++++++ Generating seal on,blkNum=107,tx=0,nodeIdx=1,hash=6f3bb9f9...
info|2024-04-22 17:59:10.594251|[g:1][CONSENSUS][PBFT]checkTimeout Succ,view=135,toView=136,nodeIdx=1,changeCycle=1,myNode=9559e1b5...,timecost=0
info|2024-04-22 17:59:10.596649|[g:1][CONSENSUS][PBFT]checkAndChangeView: Reach consensus,org_view=135,cur_changeCycle=1,curView=135,view=136
info|2024-04-22 17:59:11.597602|[g:1][CONSENSUS]addRawPrepare,height=107,reqIdx=2,hash=686146d9...,time=0
info|2024-04-22 17:59:11.597843|[g:1][CONSENSUS][PBFT]checkTimeout Succ,view=136,toView=137,nodeIdx=1,changeCycle=1,myNode=9559e1b5...,timecost=0
info|2024-04-22 17:59:11.598834|[g:1][CONSENSUS][PBFT]checkAndChangeView: Reach consensus,org_view=136,cur_changeCycle=1,curView=136,view=137
info|2024-04-22 17:59:12.601015|[g:1][CONSENSUS]addRawPrepare,height=107,reqIdx=0,hash=1cf430e5...,time=0
info|2024-04-22 17:59:12.601202|[g:1][CONSENSUS][PBFT]checkTimeout Succ,view=137,toView=138,nodeIdx=1,changeCycle=1,myNode=9559e1b5...,timecost=0
info|2024-04-22 17:59:12.601677|[g:1][CONSENSUS][PBFT]checkAndChangeView: Reach consensus,org_view=137,cur_changeCycle=1,curView=137,view=138
info|2024-04-22 17:59:12.791860|[P2P][Service] heartBeat,connected count=2
info|2024-04-22 17:59:13.601317|[g:1][CONSENSUS][SEALER]++++++++++++++++ Generating seal on,blkNum=107,tx=0,nodeIdx=1,hash=50082e91...
info|2024-04-22 17:59:13.601759|[g:1][CONSENSUS][PBFT]checkTimeout Succ,view=138,toView=139,nodeIdx=1,changeCycle=1,myNode=9559e1b5...,timecost=0
info|2024-04-22 17:59:13.603413|[g:1][CONSENSUS][PBFT]checkAndChangeView: Reach consensus,org_view=138,cur_changeCycle=1,curView=138,view=139
info|2024-04-22 17:59:14.605709|[g:1][CONSENSUS]addRawPrepare,height=107,reqIdx=2,hash=2c812b0f...,time=0
info|2024-04-22 17:59:14.605968|[g:1][CONSENSUS][PBFT]checkTimeout Succ,view=139,toView=140,nodeIdx=1,changeCycle=1,myNode=9559e1b5...,timecost=0
info|2024-04-22 17:59:14.606859|[g:1][CONSENSUS][PBFT]checkAndChangeView: Reach consensus,org_view=139,cur_changeCycle=1,curView=139,view=140
info|2024-04-22 17:59:15.607422|[g:1][CONSENSUS]addRawPrepare,height=107,reqIdx=0,hash=dea0b4f3...,time=0
info|2024-04-22 17:59:15.607667|[g:1][CONSENSUS][PBFT]checkTimeout Succ,view=140,toView=141,nodeIdx=1,changeCycle=1,myNode=9559e1b5...,timecost=0
info|2024-04-22 17:59:15.609439|[g:1][CONSENSUS][PBFT]checkAndChangeView: Reach consensus,org_view=140,cur_changeCycle=1,curView=140,view=141
info|2024-04-22 17:59:16.609998|[g:1][CONSENSUS][SEALER]++++++++++++++++ Generating seal on,blkNum=107,tx=0,nodeIdx=1,hash=3fe33d6f...
info|2024-04-22 17:59:16.611532|[g:1][CONSENSUS][PBFT]checkTimeout Succ,view=141,toView=142,nodeIdx=1,changeCycle=1,myNode=9559e1b5...,timecost=1
info|2024-04-22 17:59:16.613102|[g:1][CONSENSUS][PBFT]checkAndChangeView: Reach consensus,org_view=141,cur_changeCycle=1,curView=141,view=142
info|2024-04-22 17:59:17.615247|[g:1][CONSENSUS]addRawPrepare,height=107,reqIdx=2,hash=cac1f8e1...,time=0
info|2024-04-22 17:59:17.615549|[g:1][CONSENSUS][PBFT]checkTimeout Succ,view=142,toView=143,nodeIdx=1,changeCycle=1,myNode=9559e1b5...,timecost=0
info|2024-04-22 17:59:17.616545|[g:1][CONSENSUS][PBFT]checkAndChangeView: Reach consensus,org_view=142,cur_changeCycle=1,curView=142,view=143
info|2024-04-22 17:59:18.616986|[g:1][CONSENSUS]addRawPrepare,height=107,reqIdx=0,hash=5d4feb87...,time=0
info|2024-04-22 17:59:18.617207|[g:1][CONSENSUS][PBFT]checkTimeout Succ,view=143,toView=144,nodeIdx=1,changeCycle=1,myNode=9559e1b5...,timecost=0
info|2024-04-22 17:59:18.618812|[g:1][CONSENSUS][PBFT]checkAndChangeView: Reach consensus,org_view=143,cur_changeCycle=1,curView=143,view=144
info|2024-04-22 17:59:19.619163|[g:1][CONSENSUS][SEALER]++++++++++++++++ Generating seal on,blkNum=107,tx=0,nodeIdx=1,hash=aafa26d9...
info|2024-04-22 17:59:19.619649|[g:1][CONSENSUS][PBFT]checkTimeout Succ,view=144,toView=145,nodeIdx=1,changeCycle=1,myNode=9559e1b5...,timecost=0
info|2024-04-22 17:59:19.621451|[g:1][CONSENSUS][PBFT]checkAndChangeView: Reach consensus,org_view=144,cur_changeCycle=1,curView=144,view=145
info|2024-04-22 17:59:20.016520|[RPC][getPbftView]request,groupID=1
info|2024-04-22 17:59:20.623055|[g:1][CONSENSUS]addRawPrepare,height=107,reqIdx=2,hash=597d779b...,time=0
info|2024-04-22 17:59:20.623275|[g:1][CONSENSUS][PBFT]checkTimeout Succ,view=145,toView=146,nodeIdx=1,changeCycle=1,myNode=9559e1b5...,timecost=0
info|2024-04-22 17:59:20.624534|[g:1][CONSENSUS][PBFT]checkAndChangeView: Reach consensus,org_view=145,cur_changeCycle=1,curView=145,view=146
info|2024-04-22 17:59:21.625167|[g:1][CONSENSUS]addRawPrepare,height=107,reqIdx=0,hash=34d875d1...,time=0
info|2024-04-22 17:59:21.625374|[g:1][CONSENSUS][PBFT]checkTimeout Succ,view=146,toView=147,nodeIdx=1,changeCycle=1,myNode=9559e1b5...,timecost=0
info|2024-04-22 17:59:21.626997|[g:1][CONSENSUS][PBFT]checkAndChangeView: Reach consensus,org_view=146,cur_changeCycle=1,curView=146,view=147
info|2024-04-22 17:59:22.627243|[g:1][CONSENSUS][SEALER]++++++++++++++++ Generating seal on,blkNum=107,tx=0,nodeIdx=1,hash=dfbcfe48...
info|2024-04-22 17:59:22.628149|[g:1][CONSENSUS][PBFT]checkTimeout Succ,view=147,toView=148,nodeIdx=1,changeCycle=1,myNode=9559e1b5...,timecost=1
info|2024-04-22 17:59:22.630197|[g:1][CONSENSUS][PBFT]checkAndChangeView: Reach consensus,org_view=147,cur_changeCycle=1,curView=147,view=148
info|2024-04-22 17:59:22.791989|[P2P][Service] heartBeat,connected count=2
info|2024-04-22 17:59:23.630392|[g:1][CONSENSUS]addRawPrepare,height=107,reqIdx=2,hash=9955754d...,time=0
info|2024-04-22 17:59:23.630735|[g:1][CONSENSUS][PBFT]checkTimeout Succ,view=148,toView=149,nodeIdx=1,changeCycle=1,myNode=9559e1b5...,timecost=0
info|2024-04-22 17:59:23.632441|[g:1][CONSENSUS][PBFT]checkAndChangeView: Reach consensus,org_view=148,cur_changeCycle=1,curView=148,view=149
info|2024-04-22 17:59:24.633341|[g:1][CONSENSUS]addRawPrepare,height=107,reqIdx=0,hash=c5e36a6a...,time=0
info|2024-04-22 17:59:24.633634|[g:1][CONSENSUS][PBFT]checkTimeout Succ,view=149,toView=150,nodeIdx=1,changeCycle=1,myNode=9559e1b5...,timecost=0
info|2024-04-22 17:59:24.635558|[g:1][CONSENSUS][PBFT]checkAndChangeView: Reach consensus,org_view=149,cur_changeCycle=1,curView=149,view=150
info|2024-04-22 17:59:25.636057|[g:1][CONSENSUS][SEALER]++++++++++++++++ Generating seal on,blkNum=107,tx=0,nodeIdx=1,hash=fc2d19c6...
info|2024-04-22 17:59:25.638233|[g:1][CONSENSUS][PBFT]checkTimeout Succ,view=150,toView=151,nodeIdx=1,changeCycle=1,myNode=9559e1b5...,timecost=0
info|2024-04-22 17:59:25.638728|[g:1][CONSENSUS][PBFT]checkAndChangeView: Reach consensus,org_view=150,cur_changeCycle=1,curView=150,view=151
info|2024-04-22 17:59:26.639094|[g:1][CONSENSUS]addRawPrepare,height=107,reqIdx=2,hash=f60638c8...,time=0
info|2024-04-22 17:59:26.639313|[g:1][CONSENSUS][PBFT]checkTimeout Succ,view=151,toView=152,nodeIdx=1,changeCycle=1,myNode=9559e1b5...,timecost=0
info|2024-04-22 17:59:26.641340|[g:1][CONSENSUS][PBFT]checkAndChangeView: Reach consensus,org_view=151,cur_changeCycle=1,curView=151,view=152
info|2024-04-22 17:59:27.642874|[g:1][CONSENSUS][PBFT]Trigger fast-viewchange,view=152,toView=152,minView=153,INFO=,reqNum=106,curNum=106,GenIdx=0,Cview=153,view=152,fromIdx=0,fromNode=07db2593...,fromIp=127.0.0.1:30301,hash=d5591c18...,nodeIdx=1,myNode=9559e1b5...
info|2024-04-22 17:59:27.643087|[g:1][CONSENSUS][PBFT]checkTimeout Succ,view=152,toView=153,nodeIdx=1,changeCycle=2,myNode=9559e1b5...,timecost=1
info|2024-04-22 17:59:27.643350|[g:1][CONSENSUS][PBFT]checkAndChangeView: Reach consensus,org_view=152,cur_changeCycle=2,curView=152,view=153
info|2024-04-22 17:59:28.643508|[g:1][CONSENSUS][SEALER]++++++++++++++++ Generating seal on,blkNum=107,tx=0,nodeIdx=1,hash=ffa84ba4...
info|2024-04-22 17:59:28.644077|[g:1][CONSENSUS][PBFT]checkTimeout Succ,view=153,toView=154,nodeIdx=1,changeCycle=1,myNode=9559e1b5...,timecost=1
info|2024-04-22 17:59:28.646161|[g:1][CONSENSUS][PBFT]checkAndChangeView: Reach consensus,org_view=153,cur_changeCycle=1,curView=153,view=154
info|2024-04-22 17:59:29.648150|[g:1][CONSENSUS]addRawPrepare,height=107,reqIdx=2,hash=70df7bdf...,time=0
info|2024-04-22 17:59:29.648359|[g:1][CONSENSUS][PBFT]checkTimeout Succ,view=154,toView=155,nodeIdx=1,changeCycle=1,myNode=9559e1b5...,timecost=0
info|2024-04-22 17:59:29.649647|[g:1][CONSENSUS][PBFT]checkAndChangeView: Reach consensus,org_view=154,cur_changeCycle=1,curView=154,view=155
info|2024-04-22 17:59:30.026184|[RPC][getPendingTxSize]request,groupID=1
info|2024-04-22 17:59:30.027951|[RPC][getPbftView]request,groupID=1
info|2024-04-22 17:59:30.650559|[g:1][CONSENSUS]addRawPrepare,height=107,reqIdx=0,hash=662e54d9...,time=0
info|2024-04-22 17:59:30.650791|[g:1][CONSENSUS][PBFT]checkTimeout Succ,view=155,toView=156,nodeIdx=1,changeCycle=1,myNode=9559e1b5...,timecost=0
info|2024-04-22 17:59:30.652562|[g:1][CONSENSUS][PBFT]checkAndChangeView: Reach consensus,org_view=155,cur_changeCycle=1,curView=155,view=156
info|2024-04-22 17:59:31.652269|[g:1][CONSENSUS][SEALER]++++++++++++++++ Generating seal on,blkNum=107,tx=0,nodeIdx=1,hash=9f72bc6b...
info|2024-04-22 17:59:31.654217|[g:1][CONSENSUS][PBFT]checkTimeout Succ,view=156,toView=157,nodeIdx=1,changeCycle=1,myNode=9559e1b5...,timecost=0
info|2024-04-22 17:59:31.654667|[g:1][CONSENSUS][PBFT]checkAndChangeView: Reach consensus,org_view=156,cur_changeCycle=1,curView=156,view=157
info|2024-04-22 17:59:32.656209|[g:1][CONSENSUS]addRawPrepare,height=107,reqIdx=2,hash=6d7551b5...,time=0
info|2024-04-22 17:59:32.656411|[g:1][CONSENSUS][PBFT]checkTimeout Succ,view=157,toView=158,nodeIdx=1,changeCycle=1,myNode=9559e1b5...,timecost=0
info|2024-04-22 17:59:32.658406|[g:1][CONSENSUS][PBFT]checkAndChangeView: Reach consensus,org_view=157,cur_changeCycle=1,curView=157,view=158
info|2024-04-22 17:59:32.792079|[P2P][Service] heartBeat,connected count=2
info|2024-04-22 17:59:33.659640|[g:1][CONSENSUS]addRawPrepare,height=107,reqIdx=0,hash=9cf263e2...,time=0
info|2024-04-22 17:59:33.659841|[g:1][CONSENSUS][PBFT]checkTimeout Succ,view=158,toView=159,nodeIdx=1,changeCycle=1,myNode=9559e1b5...,timecost=0
info|2024-04-22 17:59:33.661169|[g:1][CONSENSUS][PBFT]checkAndChangeView: Reach consensus,org_view=158,cur_changeCycle=1,curView=158,view=159
info|2024-04-22 17:59:34.661492|[g:1][CONSENSUS][SEALER]++++++++++++++++ Generating seal on,blkNum=107,tx=0,nodeIdx=1,hash=8f2b5e93...
info|2024-04-22 17:59:34.662074|[g:1][CONSENSUS][PBFT]checkTimeout Succ,view=159,toView=160,nodeIdx=1,changeCycle=1,myNode=9559e1b5...,timecost=1
info|2024-04-22 17:59:34.663590|[g:1][CONSENSUS][PBFT]checkAndChangeView: Reach consensus,org_view=159,cur_changeCycle=1,curView=159,view=160
info|2024-04-22 17:59:35.665130|[g:1][CONSENSUS]addRawPrepare,height=107,reqIdx=2,hash=0113dad6...,time=0
info|2024-04-22 17:59:35.665322|[g:1][CONSENSUS][PBFT]checkTimeout Succ,view=160,toView=161,nodeIdx=1,changeCycle=1,myNode=9559e1b5...,timecost=0
info|2024-04-22 17:59:35.666463|[g:1][CONSENSUS][PBFT]checkAndChangeView: Reach consensus,org_view=160,cur_changeCycle=1,curView=160,view=161
info|2024-04-22 17:59:36.668496|[g:1][CONSENSUS]addRawPrepare,height=107,reqIdx=0,hash=4ba603da...,time=0
info|2024-04-22 17:59:36.668738|[g:1][CONSENSUS][PBFT]checkTimeout Succ,view=161,toView=162,nodeIdx=1,changeCycle=1,myNode=9559e1b5...,timecost=0
info|2024-04-22 17:59:36.670620|[g:1][CONSENSUS][PBFT]checkAndChangeView: Reach consensus,org_view=161,cur_changeCycle=1,curView=161,view=162
info|2024-04-22 17:59:37.670402|[g:1][CONSENSUS][SEALER]++++++++++++++++ Generating seal on,blkNum=107,tx=0,nodeIdx=1,hash=edf442dc...
info|2024-04-22 17:59:37.670930|[g:1][CONSENSUS][PBFT]checkTimeout Succ,view=162,toView=163,nodeIdx=1,changeCycle=1,myNode=9559e1b5...,timecost=0
info|2024-04-22 17:59:37.672317|[g:1][CONSENSUS][PBFT]checkAndChangeView: Reach consensus,org_view=162,cur_changeCycle=1,curView=162,view=163
info|2024-04-22 17:59:38.673754|[g:1][CONSENSUS]addRawPrepare,height=107,reqIdx=2,hash=09843338...,time=0
info|2024-04-22 17:59:38.673989|[g:1][CONSENSUS][PBFT]checkTimeout Succ,view=163,toView=164,nodeIdx=1,changeCycle=1,myNode=9559e1b5...,timecost=0
info|2024-04-22 17:59:38.675031|[g:1][CONSENSUS][PBFT]checkAndChangeView: Reach consensus,org_view=163,cur_changeCycle=1,curView=163,view=164
info|2024-04-22 17:59:39.675700|[g:1][CONSENSUS]addRawPrepare,height=107,reqIdx=0,hash=be27daf0...,time=0
info|2024-04-22 17:59:39.675919|[g:1][CONSENSUS][PBFT]checkTimeout Succ,view=164,toView=165,nodeIdx=1,changeCycle=1,myNode=9559e1b5...,timecost=0
info|2024-04-22 17:59:39.676942|[g:1][CONSENSUS][PBFT]checkAndChangeView: Reach consensus,org_view=164,cur_changeCycle=1,curView=164,view=165
info|2024-04-22 17:59:40.678018|[g:1][CONSENSUS][SEALER]++++++++++++++++ Generating seal on,blkNum=107,tx=0,nodeIdx=1,hash=eb05eb6d...
info|2024-04-22 17:59:40.680202|[g:1][CONSENSUS][PBFT]Trigger fast-viewchange,view=165,toView=165,minView=166,INFO=,reqNum=106,curNum=106,GenIdx=0,Cview=166,view=165,fromIdx=0,fromNode=07db2593...,fromIp=127.0.0.1:30301,hash=d5591c18...,nodeIdx=1,myNode=9559e1b5...
info|2024-04-22 17:59:40.680390|[g:1][CONSENSUS][PBFT]checkTimeout Succ,view=165,toView=166,nodeIdx=1,changeCycle=1,myNode=9559e1b5...,timecost=0
info|2024-04-22 17:59:40.680656|[g:1][CONSENSUS][PBFT]checkAndChangeView: Reach consensus,org_view=165,cur_changeCycle=1,curView=165,view=166
info|2024-04-22 17:59:41.682486|[g:1][CONSENSUS]addRawPrepare,height=107,reqIdx=2,hash=cd8a0dd3...,time=0
info|2024-04-22 17:59:41.682705|[g:1][CONSENSUS][PBFT]checkTimeout Succ,view=166,toView=167,nodeIdx=1,changeCycle=1,myNode=9559e1b5...,timecost=0
info|2024-04-22 17:59:41.684180|[g:1][CONSENSUS][PBFT]checkAndChangeView: Reach consensus,org_view=166,cur_changeCycle=1,curView=166,view=167
info|2024-04-22 17:59:42.684444|[g:1][CONSENSUS]addRawPrepare,height=107,reqIdx=0,hash=09132f9a...,time=0
info|2024-04-22 17:59:42.684658|[g:1][CONSENSUS][PBFT]checkTimeout Succ,view=167,toView=168,nodeIdx=1,changeCycle=1,myNode=9559e1b5...,timecost=0
info|2024-04-22 17:59:42.686305|[g:1][CONSENSUS][PBFT]checkAndChangeView: Reach consensus,org_view=167,cur_changeCycle=1,curView=167,view=168
info|2024-04-22 17:59:42.792127|[P2P][Service] heartBeat,connected count=2
info|2024-04-22 17:59:43.686251|[g:1][CONSENSUS][SEALER]++++++++++++++++ Generating seal on,blkNum=107,tx=0,nodeIdx=1,hash=001fedbd...
info|2024-04-22 17:59:43.686849|[g:1][CONSENSUS][PBFT]checkTimeout Succ,view=168,toView=169,nodeIdx=1,changeCycle=1,myNode=9559e1b5...,timecost=0
info|2024-04-22 17:59:43.688431|[g:1][CONSENSUS][PBFT]checkAndChangeView: Reach consensus,org_view=168,cur_changeCycle=1,curView=168,view=169
info|2024-04-22 17:59:44.689433|[g:1][CONSENSUS][PBFT]Trigger fast-viewchange,view=169,toView=169,minView=170,INFO=,reqNum=106,curNum=106,GenIdx=2,Cview=170,view=169,fromIdx=2,fromNode=bccb4948...,fromIp=127.0.0.1:35112,hash=d5591c18...,nodeIdx=1,myNode=9559e1b5...
info|2024-04-22 17:59:44.689624|[g:1][CONSENSUS][PBFT]checkTimeout Succ,view=169,toView=170,nodeIdx=1,changeCycle=2,myNode=9559e1b5...,timecost=0
info|2024-04-22 17:59:44.691080|[g:1][CONSENSUS][PBFT]checkAndChangeView: Reach consensus,org_view=169,cur_changeCycle=2,curView=169,view=170
info|2024-04-22 17:59:45.692503|[g:1][CONSENSUS]addRawPrepare,height=107,reqIdx=0,hash=6fcd22e6...,time=0
info|2024-04-22 17:59:45.692747|[g:1][CONSENSUS][PBFT]checkTimeout Succ,view=170,toView=171,nodeIdx=1,changeCycle=1,myNode=9559e1b5...,timecost=0
info|2024-04-22 17:59:45.694355|[g:1][CONSENSUS][PBFT]checkAndChangeView: Reach consensus,org_view=170,cur_changeCycle=1,curView=170,view=171
info|2024-04-22 17:59:46.695060|[g:1][CONSENSUS][SEALER]++++++++++++++++ Generating seal on,blkNum=107,tx=0,nodeIdx=1,hash=746e450e...
info|2024-04-22 17:59:46.695531|[g:1][CONSENSUS][PBFT]checkTimeout Succ,view=171,toView=172,nodeIdx=1,changeCycle=1,myNode=9559e1b5...,timecost=0
info|2024-04-22 17:59:46.697144|[g:1][CONSENSUS][PBFT]checkAndChangeView: Reach consensus,org_view=171,cur_changeCycle=1,curView=171,view=172
info|2024-04-22 17:59:47.699163|[g:1][CONSENSUS]addRawPrepare,height=107,reqIdx=2,hash=407544ba...,time=0
info|2024-04-22 17:59:47.699382|[g:1][CONSENSUS][PBFT]checkTimeout Succ,view=172,toView=173,nodeIdx=1,changeCycle=1,myNode=9559e1b5...,timecost=0
info|2024-04-22 17:59:47.699925|[g:1][CONSENSUS][PBFT]checkAndChangeView: Reach consensus,org_view=172,cur_changeCycle=1,curView=172,view=173
info|2024-04-22 17:59:48.701641|[g:1][CONSENSUS]addRawPrepare,height=107,reqIdx=0,hash=99780b78...,time=0
info|2024-04-22 17:59:48.701830|[g:1][CONSENSUS][PBFT]checkTimeout Succ,view=173,toView=174,nodeIdx=1,changeCycle=1,myNode=9559e1b5...,timecost=0
info|2024-04-22 17:59:48.702821|[g:1][CONSENSUS][PBFT]checkAndChangeView: Reach consensus,org_view=173,cur_changeCycle=1,curView=173,view=174
info|2024-04-22 17:59:49.702782|[g:1][CONSENSUS][SEALER]++++++++++++++++ Generating seal on,blkNum=107,tx=0,nodeIdx=1,hash=8a27e31d...
info|2024-04-22 17:59:49.703354|[g:1][CONSENSUS][PBFT]checkTimeout Succ,view=174,toView=175,nodeIdx=1,changeCycle=1,myNode=9559e1b5...,timecost=0
info|2024-04-22 17:59:49.705707|[g:1][CONSENSUS][PBFT]checkAndChangeView: Reach consensus,org_view=174,cur_changeCycle=1,curView=174,view=175
info|2024-04-22 17:59:50.023956|[RPC][getPbftView]request,groupID=1
info|2024-04-22 17:59:50.706247|[g:1][CONSENSUS]addRawPrepare,height=107,reqIdx=2,hash=596bf753...,time=0
info|2024-04-22 17:59:50.706427|[g:1][CONSENSUS][PBFT]checkTimeout Succ,view=175,toView=176,nodeIdx=1,changeCycle=1,myNode=9559e1b5...,timecost=0
info|2024-04-22 17:59:50.707938|[g:1][CONSENSUS][PBFT]checkAndChangeView: Reach consensus,org_view=175,cur_changeCycle=1,curView=175,view=176
info|2024-04-22 17:59:51.709174|[g:1][CONSENSUS]addRawPrepare,height=107,reqIdx=0,hash=491c347c...,time=0
info|2024-04-22 17:59:51.709368|[g:1][CONSENSUS][PBFT]checkTimeout Succ,view=176,toView=177,nodeIdx=1,changeCycle=1,myNode=9559e1b5...,timecost=0
info|2024-04-22 17:59:51.711190|[g:1][CONSENSUS][PBFT]checkAndChangeView: Reach consensus,org_view=176,cur_changeCycle=1,curView=176,view=177
info|2024-04-22 17:59:52.711550|[g:1][CONSENSUS][SEALER]++++++++++++++++ Generating seal on,blkNum=107,tx=0,nodeIdx=1,hash=c806f2e3...
info|2024-04-22 17:59:52.712240|[g:1][CONSENSUS][PBFT]checkTimeout Succ,view=177,toView=178,nodeIdx=1,changeCycle=1,myNode=9559e1b5...,timecost=0
info|2024-04-22 17:59:52.714863|[g:1][CONSENSUS][PBFT]checkAndChangeView: Reach consensus,org_view=177,cur_changeCycle=1,curView=177,view=178
info|2024-04-22 17:59:52.792184|[P2P][Service] heartBeat,connected count=2
info|2024-04-22 17:59:53.716329|[g:1][CONSENSUS]addRawPrepare,height=107,reqIdx=2,hash=b22e7370...,time=0
info|2024-04-22 17:59:53.716528|[g:1][CONSENSUS][PBFT]checkTimeout Succ,view=178,toView=179,nodeIdx=1,changeCycle=1,myNode=9559e1b5...,timecost=0
info|2024-04-22 17:59:53.717559|[g:1][CONSENSUS][PBFT]checkAndChangeView: Reach consensus,org_view=178,cur_changeCycle=1,curView=178,view=179
info|2024-04-22 17:59:54.719453|[g:1][CONSENSUS][PBFT]Trigger fast-viewchange,view=179,toView=179,minView=180,INFO=,reqNum=106,curNum=106,GenIdx=0,Cview=180,view=179,fromIdx=0,fromNode=07db2593...,fromIp=127.0.0.1:30301,hash=d5591c18...,nodeIdx=1,myNode=9559e1b5...
info|2024-04-22 17:59:54.719620|[g:1][CONSENSUS][PBFT]checkTimeout Succ,view=179,toView=180,nodeIdx=1,changeCycle=2,myNode=9559e1b5...,timecost=0
info|2024-04-22 17:59:54.720794|[g:1][CONSENSUS][PBFT]checkAndChangeView: Reach consensus,org_view=179,cur_changeCycle=2,curView=179,view=180
info|2024-04-22 17:59:55.720816|[g:1][CONSENSUS][SEALER]++++++++++++++++ Generating seal on,blkNum=107,tx=0,nodeIdx=1,hash=6dc1e9cc...
info|2024-04-22 17:59:55.721298|[g:1][CONSENSUS][PBFT]checkTimeout Succ,view=180,toView=181,nodeIdx=1,changeCycle=1,myNode=9559e1b5...,timecost=0
info|2024-04-22 17:59:55.723196|[g:1][CONSENSUS][PBFT]checkAndChangeView: Reach consensus,org_view=180,cur_changeCycle=1,curView=180,view=181
info|2024-04-22 17:59:56.724274|[g:1][CONSENSUS]addRawPrepare,height=107,reqIdx=2,hash=8c9a4731...,time=0
info|2024-04-22 17:59:56.724471|[g:1][CONSENSUS][PBFT]checkTimeout Succ,view=181,toView=182,nodeIdx=1,changeCycle=1,myNode=9559e1b5...,timecost=0
info|2024-04-22 17:59:56.725990|[g:1][CONSENSUS][PBFT]checkAndChangeView: Reach consensus,org_view=181,cur_changeCycle=1,curView=181,view=182
info|2024-04-22 17:59:57.727690|[g:1][CONSENSUS]addRawPrepare,height=107,reqIdx=0,hash=a71bcbda...,time=0
info|2024-04-22 17:59:57.727923|[g:1][CONSENSUS][PBFT]checkTimeout Succ,view=182,toView=183,nodeIdx=1,changeCycle=1,myNode=9559e1b5...,timecost=0
info|2024-04-22 17:59:57.729762|[g:1][CONSENSUS][PBFT]checkAndChangeView: Reach consensus,org_view=182,cur_changeCycle=1,curView=182,view=183
info|2024-04-22 17:59:58.729988|[g:1][CONSENSUS][SEALER]++++++++++++++++ Generating seal on,blkNum=107,tx=0,nodeIdx=1,hash=f594f116...
info|2024-04-22 17:59:58.730493|[g:1][CONSENSUS][PBFT]checkTimeout Succ,view=183,toView=184,nodeIdx=1,changeCycle=1,myNode=9559e1b5...,timecost=0
info|2024-04-22 17:59:58.732830|[g:1][CONSENSUS][PBFT]checkAndChangeView: Reach consensus,org_view=183,cur_changeCycle=1,curView=183,view=184
info|2024-04-22 17:59:59.733267|[g:1][CONSENSUS]addRawPrepare,height=107,reqIdx=2,hash=f1bef0fa...,time=0
info|2024-04-22 17:59:59.733456|[g:1][CONSENSUS][PBFT]checkTimeout Succ,view=184,toView=185,nodeIdx=1,changeCycle=1,myNode=9559e1b5...,timecost=0
info|2024-04-22 17:59:59.734443|[g:1][CONSENSUS][PBFT]checkAndChangeView: Reach consensus,org_view=184,cur_changeCycle=1,curView=184,view=185
