2024-04-21 14:24:52.837 INFO  org.fisco.bcos.sdk.BcosSDK 58 build -- create BcosSDK, configPath: /root/fisco/console/conf/config.toml
2024-04-21 14:24:52.968 INFO  org.fisco.bcos.sdk.network.ConnectionManager 88 <init> --  all connections, size: 2, list: [ConnectionInfo{host='127.0.0.1', port=20200}, ConnectionInfo{host='127.0.0.1', port=20201}]
2024-04-21 14:24:52.969 INFO  org.fisco.bcos.sdk.network.NetworkImp 167 start -- 
* TRACE INFORMATION:
----------------------------
====> STEP1: try to connect nodes with ecdsa context...

2024-04-21 14:24:52.969 INFO  org.fisco.bcos.sdk.network.NetworkImp 174 start -- ====> <==== STEP1-1: Load certificates for ecdsa context success..., start connManager with ECDSA sslContext
2024-04-21 14:24:52.996 INFO  org.fisco.bcos.sdk.network.ConnectionManager 238 initSslContext --  build ECDSA ssl context with configured certificates 
2024-04-21 14:24:53.251 INFO  io.netty.handler.ssl.OpenSsl 357 <clinit> -- Using supported configured namedGroups: [SM2, secp256k1, secp256r1, secp384r1, secp521r1]. Unsupported namedGroups: [x25519]. 
2024-04-21 14:24:53.345 INFO  org.fisco.bcos.sdk.network.ChannelHandler 73 userEventTriggered --  handshake success, host: 127.0.0.1, port: 20201, ctx: 1567183746
2024-04-21 14:24:53.360 INFO  org.fisco.bcos.sdk.network.ConnectionManager 402 checkConnectionResult --  ssl handshake success 127.0.0.1:20200
2024-04-21 14:24:53.360 INFO  org.fisco.bcos.sdk.network.ConnectionManager 402 checkConnectionResult --  ssl handshake success 127.0.0.1:20201
2024-04-21 14:24:53.359 INFO  org.fisco.bcos.sdk.network.ChannelHandler 73 userEventTriggered --  handshake success, host: 127.0.0.1, port: 20200, ctx: 1868462389
2024-04-21 14:24:53.421 INFO  org.fisco.bcos.sdk.channel.ChannelMsgHandler$1 225 onResponse --  node: ClientVersion{version='2.9.1', supportedVersion='2.9.1', chainId='1', buildTime='20220922 08:57:35', buildType='Linux/g++/Release', gitBranch='HEAD', gitCommitHash='83a87ad749475c0edcc6d5ce2dabd328a36d3bae'}, content: {"id":1,"jsonrpc":"2.0","result":{"Build Time":"20220922 08:57:35","Build Type":"Linux/g++/Release","Chain Id":"1","FISCO-BCOS Version":"2.9.1","Git Branch":"HEAD","Git Commit Hash":"83a87ad749475c0edcc6d5ce2dabd328a36d3bae","Supported Version":"2.9.1"}}

2024-04-21 14:24:53.422 INFO  org.fisco.bcos.sdk.channel.ChannelMsgHandler$1 233 onResponse --  support channel handshake node
2024-04-21 14:24:53.425 INFO  org.fisco.bcos.sdk.channel.ChannelMsgHandler$1 225 onResponse --  node: ClientVersion{version='2.9.1', supportedVersion='2.9.1', chainId='1', buildTime='20220922 08:57:35', buildType='Linux/g++/Release', gitBranch='HEAD', gitCommitHash='83a87ad749475c0edcc6d5ce2dabd328a36d3bae'}, content: {"id":0,"jsonrpc":"2.0","result":{"Build Time":"20220922 08:57:35","Build Type":"Linux/g++/Release","Chain Id":"1","FISCO-BCOS Version":"2.9.1","Git Branch":"HEAD","Git Commit Hash":"83a87ad749475c0edcc6d5ce2dabd328a36d3bae","Supported Version":"2.9.1"}}

2024-04-21 14:24:53.425 INFO  org.fisco.bcos.sdk.channel.ChannelMsgHandler$1 233 onResponse --  support channel handshake node
2024-04-21 14:24:53.427 INFO  org.fisco.bcos.sdk.channel.ChannelMsgHandler$2 309 onResponse --  channel protocol handshake success, set socket channel protocol, host: 127.0.0.1:20200, channel protocol: ChannelProtocol [protocol=3, nodeVersion=2.9.1, EnumProtocol=VERSION_3]
2024-04-21 14:24:53.428 INFO  org.fisco.bcos.sdk.channel.ChannelMsgHandler$2 309 onResponse --  channel protocol handshake success, set socket channel protocol, host: 127.0.0.1:20201, channel protocol: ChannelProtocol [protocol=3, nodeVersion=2.9.1, EnumProtocol=VERSION_3]
2024-04-21 14:24:53.445 INFO  org.fisco.bcos.sdk.channel.ChannelImp 126 checkConnectionsToStartPeriodTask --  Connect to  nodes: 127.0.0.1:20200, 127.0.0.1:20201, 
2024-04-21 14:24:53.446 INFO  org.fisco.bcos.sdk.BcosSDK 77 <init> -- create BcosSDK, start channel success, cryptoType: 0
2024-04-21 14:24:53.448 INFO  org.fisco.bcos.sdk.BcosSDK 87 <init> -- create BcosSDK, start channel succ, channelProcessorThreadSize: 2, receiptProcessorThreadSize: 2
2024-04-21 14:24:53.454 INFO  org.fisco.bcos.sdk.service.GroupManagerServiceImpl 260 registerBlockNumberNotifyHandler -- registerBlockNumberNotifyHandler
2024-04-21 14:24:53.455 INFO  org.fisco.bcos.sdk.service.GroupManagerServiceImpl 282 registerTransactionNotifyHandler -- registerTransactionNotifyHandler
2024-04-21 14:24:53.471 INFO  org.fisco.bcos.sdk.BcosSDK 98 <init> -- create BcosSDK, create groupManagerService success
2024-04-21 14:24:53.970 INFO  org.fisco.bcos.sdk.amop.AmopImp 216 sendSubscribe -- update subscribe inform 2 peers
2024-04-21 14:24:53.974 INFO  org.fisco.bcos.sdk.amop.AmopImp 216 sendSubscribe -- update subscribe inform 2 peers
2024-04-21 14:24:53.974 INFO  org.fisco.bcos.sdk.amop.AmopImp 188 start -- amop module started
2024-04-21 14:24:53.974 INFO  org.fisco.bcos.sdk.amop.AmopImp 216 sendSubscribe -- update subscribe inform 2 peers
2024-04-21 14:24:53.974 INFO  org.fisco.bcos.sdk.BcosSDK 103 <init> -- create BcosSDK, create Amop success
2024-04-21 14:24:54.005 INFO  org.fisco.bcos.sdk.client.Client 114 build -- build client success for group 1, crypto type 0
2024-04-21 14:24:54.009 INFO  org.fisco.bcos.sdk.BcosSDK 178 getClient -- create client for group 1 success
2024-04-21 14:24:54.032 INFO  org.fisco.bcos.sdk.eventsub.EventSubscribeImp 173 resendWaitingFilters -- Resend waiting filters, size: 0
2024-04-21 14:24:54.034 INFO  org.fisco.bcos.sdk.eventsub.EventSubscribeImp 173 resendWaitingFilters -- Resend waiting filters, size: 0
2024-04-21 14:24:54.035 INFO  org.fisco.bcos.sdk.eventsub.EventSubscribeImp 173 resendWaitingFilters -- Resend waiting filters, size: 0
2024-04-21 14:24:54.036 INFO  org.fisco.bcos.sdk.eventsub.EventSubscribeImp 173 resendWaitingFilters -- Resend waiting filters, size: 0
2024-04-21 14:24:54.037 INFO  org.fisco.bcos.sdk.eventsub.EventSubscribeImp 173 resendWaitingFilters -- Resend waiting filters, size: 0
2024-04-21 14:24:54.040 INFO  org.fisco.bcos.sdk.eventsub.EventSubscribeImp 173 resendWaitingFilters -- Resend waiting filters, size: 0
2024-04-21 14:24:54.046 INFO  org.fisco.bcos.sdk.eventsub.EventSubscribeImp 173 resendWaitingFilters -- Resend waiting filters, size: 0
2024-04-21 14:24:54.047 INFO  org.fisco.bcos.sdk.eventsub.EventSubscribeImp 173 resendWaitingFilters -- Resend waiting filters, size: 0
2024-04-21 14:24:54.052 INFO  org.fisco.bcos.sdk.eventsub.EventSubscribeImp 173 resendWaitingFilters -- Resend waiting filters, size: 0
2024-04-21 14:24:54.075 INFO  org.fisco.bcos.sdk.eventsub.EventSubscribeImp 173 resendWaitingFilters -- Resend waiting filters, size: 0
2024-04-21 14:25:04.032 INFO  org.fisco.bcos.sdk.eventsub.EventSubscribeImp 173 resendWaitingFilters -- Resend waiting filters, size: 0
2024-04-21 14:25:04.033 INFO  org.fisco.bcos.sdk.eventsub.EventSubscribeImp 173 resendWaitingFilters -- Resend waiting filters, size: 0
2024-04-21 14:25:04.034 INFO  org.fisco.bcos.sdk.eventsub.EventSubscribeImp 173 resendWaitingFilters -- Resend waiting filters, size: 0
2024-04-21 14:25:04.035 INFO  org.fisco.bcos.sdk.eventsub.EventSubscribeImp 173 resendWaitingFilters -- Resend waiting filters, size: 0
2024-04-21 14:25:04.036 INFO  org.fisco.bcos.sdk.eventsub.EventSubscribeImp 173 resendWaitingFilters -- Resend waiting filters, size: 0
2024-04-21 14:25:04.038 INFO  org.fisco.bcos.sdk.eventsub.EventSubscribeImp 173 resendWaitingFilters -- Resend waiting filters, size: 0
2024-04-21 14:25:04.040 INFO  org.fisco.bcos.sdk.eventsub.EventSubscribeImp 173 resendWaitingFilters -- Resend waiting filters, size: 0
2024-04-21 14:25:04.046 INFO  org.fisco.bcos.sdk.eventsub.EventSubscribeImp 173 resendWaitingFilters -- Resend waiting filters, size: 0
2024-04-21 14:25:04.047 INFO  org.fisco.bcos.sdk.eventsub.EventSubscribeImp 173 resendWaitingFilters -- Resend waiting filters, size: 0
2024-04-21 14:25:04.052 INFO  org.fisco.bcos.sdk.eventsub.EventSubscribeImp 173 resendWaitingFilters -- Resend waiting filters, size: 0
2024-04-21 14:25:14.032 INFO  org.fisco.bcos.sdk.eventsub.EventSubscribeImp 173 resendWaitingFilters -- Resend waiting filters, size: 0
2024-04-21 14:25:14.033 INFO  org.fisco.bcos.sdk.eventsub.EventSubscribeImp 173 resendWaitingFilters -- Resend waiting filters, size: 0
2024-04-21 14:25:14.034 INFO  org.fisco.bcos.sdk.eventsub.EventSubscribeImp 173 resendWaitingFilters -- Resend waiting filters, size: 0
2024-04-21 14:25:14.035 INFO  org.fisco.bcos.sdk.eventsub.EventSubscribeImp 173 resendWaitingFilters -- Resend waiting filters, size: 0
2024-04-21 14:25:14.036 INFO  org.fisco.bcos.sdk.eventsub.EventSubscribeImp 173 resendWaitingFilters -- Resend waiting filters, size: 0
2024-04-21 14:25:14.038 INFO  org.fisco.bcos.sdk.eventsub.EventSubscribeImp 173 resendWaitingFilters -- Resend waiting filters, size: 0
2024-04-21 14:25:14.040 INFO  org.fisco.bcos.sdk.eventsub.EventSubscribeImp 173 resendWaitingFilters -- Resend waiting filters, size: 0
2024-04-21 14:25:14.046 INFO  org.fisco.bcos.sdk.eventsub.EventSubscribeImp 173 resendWaitingFilters -- Resend waiting filters, size: 0
2024-04-21 14:25:14.047 INFO  org.fisco.bcos.sdk.eventsub.EventSubscribeImp 173 resendWaitingFilters -- Resend waiting filters, size: 0
2024-04-21 14:25:14.052 INFO  org.fisco.bcos.sdk.eventsub.EventSubscribeImp 173 resendWaitingFilters -- Resend waiting filters, size: 0
2024-04-21 14:25:24.032 INFO  org.fisco.bcos.sdk.eventsub.EventSubscribeImp 173 resendWaitingFilters -- Resend waiting filters, size: 0
2024-04-21 14:25:24.033 INFO  org.fisco.bcos.sdk.eventsub.EventSubscribeImp 173 resendWaitingFilters -- Resend waiting filters, size: 0
2024-04-21 14:25:24.034 INFO  org.fisco.bcos.sdk.eventsub.EventSubscribeImp 173 resendWaitingFilters -- Resend waiting filters, size: 0
2024-04-21 14:25:24.035 INFO  org.fisco.bcos.sdk.eventsub.EventSubscribeImp 173 resendWaitingFilters -- Resend waiting filters, size: 0
2024-04-21 14:25:24.036 INFO  org.fisco.bcos.sdk.eventsub.EventSubscribeImp 173 resendWaitingFilters -- Resend waiting filters, size: 0
2024-04-21 14:25:24.038 INFO  org.fisco.bcos.sdk.eventsub.EventSubscribeImp 173 resendWaitingFilters -- Resend waiting filters, size: 0
2024-04-21 14:25:24.040 INFO  org.fisco.bcos.sdk.eventsub.EventSubscribeImp 173 resendWaitingFilters -- Resend waiting filters, size: 0
2024-04-21 14:25:24.046 INFO  org.fisco.bcos.sdk.eventsub.EventSubscribeImp 173 resendWaitingFilters -- Resend waiting filters, size: 0
2024-04-21 14:25:24.047 INFO  org.fisco.bcos.sdk.eventsub.EventSubscribeImp 173 resendWaitingFilters -- Resend waiting filters, size: 0
2024-04-21 14:25:24.052 INFO  org.fisco.bcos.sdk.eventsub.EventSubscribeImp 173 resendWaitingFilters -- Resend waiting filters, size: 0
2024-04-21 14:25:34.032 INFO  org.fisco.bcos.sdk.eventsub.EventSubscribeImp 173 resendWaitingFilters -- Resend waiting filters, size: 0
2024-04-21 14:25:34.033 INFO  org.fisco.bcos.sdk.eventsub.EventSubscribeImp 173 resendWaitingFilters -- Resend waiting filters, size: 0
2024-04-21 14:25:34.034 INFO  org.fisco.bcos.sdk.eventsub.EventSubscribeImp 173 resendWaitingFilters -- Resend waiting filters, size: 0
2024-04-21 14:25:34.035 INFO  org.fisco.bcos.sdk.eventsub.EventSubscribeImp 173 resendWaitingFilters -- Resend waiting filters, size: 0
2024-04-21 14:25:34.036 INFO  org.fisco.bcos.sdk.eventsub.EventSubscribeImp 173 resendWaitingFilters -- Resend waiting filters, size: 0
2024-04-21 14:25:34.038 INFO  org.fisco.bcos.sdk.eventsub.EventSubscribeImp 173 resendWaitingFilters -- Resend waiting filters, size: 0
2024-04-21 14:25:34.040 INFO  org.fisco.bcos.sdk.eventsub.EventSubscribeImp 173 resendWaitingFilters -- Resend waiting filters, size: 0
2024-04-21 14:25:34.046 INFO  org.fisco.bcos.sdk.eventsub.EventSubscribeImp 173 resendWaitingFilters -- Resend waiting filters, size: 0
2024-04-21 14:25:34.047 INFO  org.fisco.bcos.sdk.eventsub.EventSubscribeImp 173 resendWaitingFilters -- Resend waiting filters, size: 0
2024-04-21 14:25:34.052 INFO  org.fisco.bcos.sdk.eventsub.EventSubscribeImp 173 resendWaitingFilters -- Resend waiting filters, size: 0
2024-04-21 14:25:44.032 INFO  org.fisco.bcos.sdk.eventsub.EventSubscribeImp 173 resendWaitingFilters -- Resend waiting filters, size: 0
2024-04-21 14:25:44.033 INFO  org.fisco.bcos.sdk.eventsub.EventSubscribeImp 173 resendWaitingFilters -- Resend waiting filters, size: 0
2024-04-21 14:25:44.034 INFO  org.fisco.bcos.sdk.eventsub.EventSubscribeImp 173 resendWaitingFilters -- Resend waiting filters, size: 0
2024-04-21 14:25:44.035 INFO  org.fisco.bcos.sdk.eventsub.EventSubscribeImp 173 resendWaitingFilters -- Resend waiting filters, size: 0
2024-04-21 14:25:44.036 INFO  org.fisco.bcos.sdk.eventsub.EventSubscribeImp 173 resendWaitingFilters -- Resend waiting filters, size: 0
2024-04-21 14:25:44.038 INFO  org.fisco.bcos.sdk.eventsub.EventSubscribeImp 173 resendWaitingFilters -- Resend waiting filters, size: 0
2024-04-21 14:25:44.040 INFO  org.fisco.bcos.sdk.eventsub.EventSubscribeImp 173 resendWaitingFilters -- Resend waiting filters, size: 0
2024-04-21 14:25:44.046 INFO  org.fisco.bcos.sdk.eventsub.EventSubscribeImp 173 resendWaitingFilters -- Resend waiting filters, size: 0
2024-04-21 14:25:44.047 INFO  org.fisco.bcos.sdk.eventsub.EventSubscribeImp 173 resendWaitingFilters -- Resend waiting filters, size: 0
2024-04-21 14:25:44.052 INFO  org.fisco.bcos.sdk.eventsub.EventSubscribeImp 173 resendWaitingFilters -- Resend waiting filters, size: 0
2024-04-21 14:25:49.445 INFO  org.fisco.bcos.sdk.abi.wrapper.ContractABIDefinition 86 addFunction --  name: set, methodId: 0x4ed3885e, methodSignature: set(string), abi: org.fisco.bcos.sdk.abi.wrapper.ABIDefinition@4698e77f
2024-04-21 14:25:49.445 INFO  org.fisco.bcos.sdk.abi.wrapper.ABIDefinitionFactory 64 loadABI --  abiDefinition: org.fisco.bcos.sdk.abi.wrapper.ABIDefinition@4698e77f
2024-04-21 14:25:49.445 INFO  org.fisco.bcos.sdk.abi.wrapper.ContractABIDefinition 86 addFunction --  name: get, methodId: 0x6d4ce63c, methodSignature: get(), abi: org.fisco.bcos.sdk.abi.wrapper.ABIDefinition@7b026e56
2024-04-21 14:25:49.445 INFO  org.fisco.bcos.sdk.abi.wrapper.ABIDefinitionFactory 64 loadABI --  abiDefinition: org.fisco.bcos.sdk.abi.wrapper.ABIDefinition@7b026e56
2024-04-21 14:25:49.445 INFO  org.fisco.bcos.sdk.abi.wrapper.ABIDefinitionFactory 64 loadABI --  abiDefinition: org.fisco.bcos.sdk.abi.wrapper.ABIDefinition@4ec4c50d
2024-04-21 14:25:49.445 INFO  org.fisco.bcos.sdk.abi.wrapper.ABIDefinitionFactory 71 loadABI --  contractABIDefinition org.fisco.bcos.sdk.abi.wrapper.ContractABIDefinition@208e9ef6 
2024-04-21 14:25:49.447 INFO  org.fisco.bcos.sdk.abi.wrapper.ABIObjectFactory 32 createObject --  name: null
2024-04-21 14:25:49.526 INFO  org.fisco.bcos.sdk.abi.wrapper.ContractABIDefinition 86 addFunction --  name: set, methodId: 0x4ed3885e, methodSignature: set(string), abi: org.fisco.bcos.sdk.abi.wrapper.ABIDefinition@4698e77f
2024-04-21 14:25:49.526 INFO  org.fisco.bcos.sdk.abi.wrapper.ABIDefinitionFactory 64 loadABI --  abiDefinition: org.fisco.bcos.sdk.abi.wrapper.ABIDefinition@4698e77f
2024-04-21 14:25:49.526 INFO  org.fisco.bcos.sdk.abi.wrapper.ContractABIDefinition 86 addFunction --  name: get, methodId: 0x6d4ce63c, methodSignature: get(), abi: org.fisco.bcos.sdk.abi.wrapper.ABIDefinition@7b026e56
2024-04-21 14:25:49.526 INFO  org.fisco.bcos.sdk.abi.wrapper.ABIDefinitionFactory 64 loadABI --  abiDefinition: org.fisco.bcos.sdk.abi.wrapper.ABIDefinition@7b026e56
2024-04-21 14:25:49.526 INFO  org.fisco.bcos.sdk.abi.wrapper.ABIDefinitionFactory 64 loadABI --  abiDefinition: org.fisco.bcos.sdk.abi.wrapper.ABIDefinition@4ec4c50d
2024-04-21 14:25:49.527 INFO  org.fisco.bcos.sdk.abi.wrapper.ABIDefinitionFactory 71 loadABI --  contractABIDefinition org.fisco.bcos.sdk.abi.wrapper.ContractABIDefinition@470a9030 
2024-04-21 14:25:49.532 INFO  org.fisco.bcos.sdk.abi.wrapper.ContractABIDefinition 86 addFunction --  name: set, methodId: 0x4ed3885e, methodSignature: set(string), abi: org.fisco.bcos.sdk.abi.wrapper.ABIDefinition@4698e77f
2024-04-21 14:25:49.532 INFO  org.fisco.bcos.sdk.abi.wrapper.ABIDefinitionFactory 64 loadABI --  abiDefinition: org.fisco.bcos.sdk.abi.wrapper.ABIDefinition@4698e77f
2024-04-21 14:25:49.532 INFO  org.fisco.bcos.sdk.abi.wrapper.ContractABIDefinition 86 addFunction --  name: get, methodId: 0x6d4ce63c, methodSignature: get(), abi: org.fisco.bcos.sdk.abi.wrapper.ABIDefinition@7b026e56
2024-04-21 14:25:49.532 INFO  org.fisco.bcos.sdk.abi.wrapper.ABIDefinitionFactory 64 loadABI --  abiDefinition: org.fisco.bcos.sdk.abi.wrapper.ABIDefinition@7b026e56
2024-04-21 14:25:49.532 INFO  org.fisco.bcos.sdk.abi.wrapper.ABIDefinitionFactory 64 loadABI --  abiDefinition: org.fisco.bcos.sdk.abi.wrapper.ABIDefinition@4ec4c50d
2024-04-21 14:25:49.532 INFO  org.fisco.bcos.sdk.abi.wrapper.ABIDefinitionFactory 71 loadABI --  contractABIDefinition org.fisco.bcos.sdk.abi.wrapper.ContractABIDefinition@138a7441 
2024-04-21 14:25:49.536 INFO  org.fisco.bcos.sdk.abi.wrapper.ABIObjectFactory 32 createObject --  name: null
2024-04-21 14:25:54.032 INFO  org.fisco.bcos.sdk.eventsub.EventSubscribeImp 173 resendWaitingFilters -- Resend waiting filters, size: 0
2024-04-21 14:25:54.033 INFO  org.fisco.bcos.sdk.eventsub.EventSubscribeImp 173 resendWaitingFilters -- Resend waiting filters, size: 0
2024-04-21 14:25:54.034 INFO  org.fisco.bcos.sdk.eventsub.EventSubscribeImp 173 resendWaitingFilters -- Resend waiting filters, size: 0
2024-04-21 14:25:54.035 INFO  org.fisco.bcos.sdk.eventsub.EventSubscribeImp 173 resendWaitingFilters -- Resend waiting filters, size: 0
2024-04-21 14:25:54.036 INFO  org.fisco.bcos.sdk.eventsub.EventSubscribeImp 173 resendWaitingFilters -- Resend waiting filters, size: 0
2024-04-21 14:25:54.038 INFO  org.fisco.bcos.sdk.eventsub.EventSubscribeImp 173 resendWaitingFilters -- Resend waiting filters, size: 0
2024-04-21 14:25:54.040 INFO  org.fisco.bcos.sdk.eventsub.EventSubscribeImp 173 resendWaitingFilters -- Resend waiting filters, size: 0
2024-04-21 14:25:54.046 INFO  org.fisco.bcos.sdk.eventsub.EventSubscribeImp 173 resendWaitingFilters -- Resend waiting filters, size: 0
2024-04-21 14:25:54.047 INFO  org.fisco.bcos.sdk.eventsub.EventSubscribeImp 173 resendWaitingFilters -- Resend waiting filters, size: 0
2024-04-21 14:25:54.052 INFO  org.fisco.bcos.sdk.eventsub.EventSubscribeImp 173 resendWaitingFilters -- Resend waiting filters, size: 0
2024-04-21 14:26:04.032 INFO  org.fisco.bcos.sdk.eventsub.EventSubscribeImp 173 resendWaitingFilters -- Resend waiting filters, size: 0
2024-04-21 14:26:04.033 INFO  org.fisco.bcos.sdk.eventsub.EventSubscribeImp 173 resendWaitingFilters -- Resend waiting filters, size: 0
2024-04-21 14:26:04.034 INFO  org.fisco.bcos.sdk.eventsub.EventSubscribeImp 173 resendWaitingFilters -- Resend waiting filters, size: 0
2024-04-21 14:26:04.035 INFO  org.fisco.bcos.sdk.eventsub.EventSubscribeImp 173 resendWaitingFilters -- Resend waiting filters, size: 0
2024-04-21 14:26:04.036 INFO  org.fisco.bcos.sdk.eventsub.EventSubscribeImp 173 resendWaitingFilters -- Resend waiting filters, size: 0
2024-04-21 14:26:04.038 INFO  org.fisco.bcos.sdk.eventsub.EventSubscribeImp 173 resendWaitingFilters -- Resend waiting filters, size: 0
2024-04-21 14:26:04.040 INFO  org.fisco.bcos.sdk.eventsub.EventSubscribeImp 173 resendWaitingFilters -- Resend waiting filters, size: 0
2024-04-21 14:26:04.046 INFO  org.fisco.bcos.sdk.eventsub.EventSubscribeImp 173 resendWaitingFilters -- Resend waiting filters, size: 0
2024-04-21 14:26:04.047 INFO  org.fisco.bcos.sdk.eventsub.EventSubscribeImp 173 resendWaitingFilters -- Resend waiting filters, size: 0
2024-04-21 14:26:04.052 INFO  org.fisco.bcos.sdk.eventsub.EventSubscribeImp 173 resendWaitingFilters -- Resend waiting filters, size: 0
2024-04-21 14:26:14.032 INFO  org.fisco.bcos.sdk.eventsub.EventSubscribeImp 173 resendWaitingFilters -- Resend waiting filters, size: 0
2024-04-21 14:26:14.033 INFO  org.fisco.bcos.sdk.eventsub.EventSubscribeImp 173 resendWaitingFilters -- Resend waiting filters, size: 0
2024-04-21 14:26:14.034 INFO  org.fisco.bcos.sdk.eventsub.EventSubscribeImp 173 resendWaitingFilters -- Resend waiting filters, size: 0
2024-04-21 14:26:14.035 INFO  org.fisco.bcos.sdk.eventsub.EventSubscribeImp 173 resendWaitingFilters -- Resend waiting filters, size: 0
2024-04-21 14:26:14.036 INFO  org.fisco.bcos.sdk.eventsub.EventSubscribeImp 173 resendWaitingFilters -- Resend waiting filters, size: 0
2024-04-21 14:26:14.038 INFO  org.fisco.bcos.sdk.eventsub.EventSubscribeImp 173 resendWaitingFilters -- Resend waiting filters, size: 0
2024-04-21 14:26:14.040 INFO  org.fisco.bcos.sdk.eventsub.EventSubscribeImp 173 resendWaitingFilters -- Resend waiting filters, size: 0
2024-04-21 14:26:14.046 INFO  org.fisco.bcos.sdk.eventsub.EventSubscribeImp 173 resendWaitingFilters -- Resend waiting filters, size: 0
2024-04-21 14:26:14.047 INFO  org.fisco.bcos.sdk.eventsub.EventSubscribeImp 173 resendWaitingFilters -- Resend waiting filters, size: 0
2024-04-21 14:26:14.052 INFO  org.fisco.bcos.sdk.eventsub.EventSubscribeImp 173 resendWaitingFilters -- Resend waiting filters, size: 0
2024-04-21 14:26:24.032 INFO  org.fisco.bcos.sdk.eventsub.EventSubscribeImp 173 resendWaitingFilters -- Resend waiting filters, size: 0
2024-04-21 14:26:24.033 INFO  org.fisco.bcos.sdk.eventsub.EventSubscribeImp 173 resendWaitingFilters -- Resend waiting filters, size: 0
2024-04-21 14:26:24.034 INFO  org.fisco.bcos.sdk.eventsub.EventSubscribeImp 173 resendWaitingFilters -- Resend waiting filters, size: 0
2024-04-21 14:26:24.035 INFO  org.fisco.bcos.sdk.eventsub.EventSubscribeImp 173 resendWaitingFilters -- Resend waiting filters, size: 0
2024-04-21 14:26:24.036 INFO  org.fisco.bcos.sdk.eventsub.EventSubscribeImp 173 resendWaitingFilters -- Resend waiting filters, size: 0
2024-04-21 14:26:24.038 INFO  org.fisco.bcos.sdk.eventsub.EventSubscribeImp 173 resendWaitingFilters -- Resend waiting filters, size: 0
2024-04-21 14:26:24.040 INFO  org.fisco.bcos.sdk.eventsub.EventSubscribeImp 173 resendWaitingFilters -- Resend waiting filters, size: 0
2024-04-21 14:26:24.046 INFO  org.fisco.bcos.sdk.eventsub.EventSubscribeImp 173 resendWaitingFilters -- Resend waiting filters, size: 0
2024-04-21 14:26:24.047 INFO  org.fisco.bcos.sdk.eventsub.EventSubscribeImp 173 resendWaitingFilters -- Resend waiting filters, size: 0
2024-04-21 14:26:24.052 INFO  org.fisco.bcos.sdk.eventsub.EventSubscribeImp 173 resendWaitingFilters -- Resend waiting filters, size: 0
2024-04-21 14:26:34.032 INFO  org.fisco.bcos.sdk.eventsub.EventSubscribeImp 173 resendWaitingFilters -- Resend waiting filters, size: 0
2024-04-21 14:26:34.033 INFO  org.fisco.bcos.sdk.eventsub.EventSubscribeImp 173 resendWaitingFilters -- Resend waiting filters, size: 0
2024-04-21 14:26:34.034 INFO  org.fisco.bcos.sdk.eventsub.EventSubscribeImp 173 resendWaitingFilters -- Resend waiting filters, size: 0
2024-04-21 14:26:34.035 INFO  org.fisco.bcos.sdk.eventsub.EventSubscribeImp 173 resendWaitingFilters -- Resend waiting filters, size: 0
2024-04-21 14:26:34.036 INFO  org.fisco.bcos.sdk.eventsub.EventSubscribeImp 173 resendWaitingFilters -- Resend waiting filters, size: 0
2024-04-21 14:26:34.038 INFO  org.fisco.bcos.sdk.eventsub.EventSubscribeImp 173 resendWaitingFilters -- Resend waiting filters, size: 0
2024-04-21 14:26:34.040 INFO  org.fisco.bcos.sdk.eventsub.EventSubscribeImp 173 resendWaitingFilters -- Resend waiting filters, size: 0
2024-04-21 14:26:34.046 INFO  org.fisco.bcos.sdk.eventsub.EventSubscribeImp 173 resendWaitingFilters -- Resend waiting filters, size: 0
2024-04-21 14:26:34.047 INFO  org.fisco.bcos.sdk.eventsub.EventSubscribeImp 173 resendWaitingFilters -- Resend waiting filters, size: 0
2024-04-21 14:26:34.052 INFO  org.fisco.bcos.sdk.eventsub.EventSubscribeImp 173 resendWaitingFilters -- Resend waiting filters, size: 0
2024-04-21 14:26:39.254 INFO  org.fisco.bcos.sdk.abi.wrapper.ContractABIDefinition 86 addFunction --  name: set, methodId: 0x4ed3885e, methodSignature: set(string), abi: org.fisco.bcos.sdk.abi.wrapper.ABIDefinition@4698e77f
2024-04-21 14:26:39.254 INFO  org.fisco.bcos.sdk.abi.wrapper.ABIDefinitionFactory 64 loadABI --  abiDefinition: org.fisco.bcos.sdk.abi.wrapper.ABIDefinition@4698e77f
2024-04-21 14:26:39.254 INFO  org.fisco.bcos.sdk.abi.wrapper.ContractABIDefinition 86 addFunction --  name: get, methodId: 0x6d4ce63c, methodSignature: get(), abi: org.fisco.bcos.sdk.abi.wrapper.ABIDefinition@7b026e56
2024-04-21 14:26:39.255 INFO  org.fisco.bcos.sdk.abi.wrapper.ABIDefinitionFactory 64 loadABI --  abiDefinition: org.fisco.bcos.sdk.abi.wrapper.ABIDefinition@7b026e56
2024-04-21 14:26:39.255 INFO  org.fisco.bcos.sdk.abi.wrapper.ABIDefinitionFactory 64 loadABI --  abiDefinition: org.fisco.bcos.sdk.abi.wrapper.ABIDefinition@4ec4c50d
2024-04-21 14:26:39.255 INFO  org.fisco.bcos.sdk.abi.wrapper.ABIDefinitionFactory 71 loadABI --  contractABIDefinition org.fisco.bcos.sdk.abi.wrapper.ContractABIDefinition@7fae4d4a 
2024-04-21 14:26:39.255 INFO  org.fisco.bcos.sdk.abi.wrapper.ABIObjectFactory 32 createObject --  name: get
2024-04-21 14:26:39.262 INFO  org.fisco.bcos.sdk.abi.wrapper.ContractABIDefinition 86 addFunction --  name: set, methodId: 0x4ed3885e, methodSignature: set(string), abi: org.fisco.bcos.sdk.abi.wrapper.ABIDefinition@4698e77f
2024-04-21 14:26:39.262 INFO  org.fisco.bcos.sdk.abi.wrapper.ABIDefinitionFactory 64 loadABI --  abiDefinition: org.fisco.bcos.sdk.abi.wrapper.ABIDefinition@4698e77f
2024-04-21 14:26:39.263 INFO  org.fisco.bcos.sdk.abi.wrapper.ContractABIDefinition 86 addFunction --  name: get, methodId: 0x6d4ce63c, methodSignature: get(), abi: org.fisco.bcos.sdk.abi.wrapper.ABIDefinition@7b026e56
2024-04-21 14:26:39.263 INFO  org.fisco.bcos.sdk.abi.wrapper.ABIDefinitionFactory 64 loadABI --  abiDefinition: org.fisco.bcos.sdk.abi.wrapper.ABIDefinition@7b026e56
2024-04-21 14:26:39.263 INFO  org.fisco.bcos.sdk.abi.wrapper.ABIDefinitionFactory 64 loadABI --  abiDefinition: org.fisco.bcos.sdk.abi.wrapper.ABIDefinition@4ec4c50d
2024-04-21 14:26:39.263 INFO  org.fisco.bcos.sdk.abi.wrapper.ABIDefinitionFactory 71 loadABI --  contractABIDefinition org.fisco.bcos.sdk.abi.wrapper.ContractABIDefinition@408a247c 
2024-04-21 14:26:39.263 INFO  org.fisco.bcos.sdk.abi.wrapper.ABIObjectFactory 32 createObject --  name: get
2024-04-21 14:26:44.032 INFO  org.fisco.bcos.sdk.eventsub.EventSubscribeImp 173 resendWaitingFilters -- Resend waiting filters, size: 0
2024-04-21 14:26:44.033 INFO  org.fisco.bcos.sdk.eventsub.EventSubscribeImp 173 resendWaitingFilters -- Resend waiting filters, size: 0
2024-04-21 14:26:44.034 INFO  org.fisco.bcos.sdk.eventsub.EventSubscribeImp 173 resendWaitingFilters -- Resend waiting filters, size: 0
2024-04-21 14:26:44.035 INFO  org.fisco.bcos.sdk.eventsub.EventSubscribeImp 173 resendWaitingFilters -- Resend waiting filters, size: 0
2024-04-21 14:26:44.036 INFO  org.fisco.bcos.sdk.eventsub.EventSubscribeImp 173 resendWaitingFilters -- Resend waiting filters, size: 0
2024-04-21 14:26:44.038 INFO  org.fisco.bcos.sdk.eventsub.EventSubscribeImp 173 resendWaitingFilters -- Resend waiting filters, size: 0
2024-04-21 14:26:44.040 INFO  org.fisco.bcos.sdk.eventsub.EventSubscribeImp 173 resendWaitingFilters -- Resend waiting filters, size: 0
2024-04-21 14:26:44.046 INFO  org.fisco.bcos.sdk.eventsub.EventSubscribeImp 173 resendWaitingFilters -- Resend waiting filters, size: 0
2024-04-21 14:26:44.047 INFO  org.fisco.bcos.sdk.eventsub.EventSubscribeImp 173 resendWaitingFilters -- Resend waiting filters, size: 0
2024-04-21 14:26:44.052 INFO  org.fisco.bcos.sdk.eventsub.EventSubscribeImp 173 resendWaitingFilters -- Resend waiting filters, size: 0
2024-04-21 14:26:54.032 INFO  org.fisco.bcos.sdk.eventsub.EventSubscribeImp 173 resendWaitingFilters -- Resend waiting filters, size: 0
2024-04-21 14:26:54.033 INFO  org.fisco.bcos.sdk.eventsub.EventSubscribeImp 173 resendWaitingFilters -- Resend waiting filters, size: 0
2024-04-21 14:26:54.034 INFO  org.fisco.bcos.sdk.eventsub.EventSubscribeImp 173 resendWaitingFilters -- Resend waiting filters, size: 0
2024-04-21 14:26:54.035 INFO  org.fisco.bcos.sdk.eventsub.EventSubscribeImp 173 resendWaitingFilters -- Resend waiting filters, size: 0
2024-04-21 14:26:54.036 INFO  org.fisco.bcos.sdk.eventsub.EventSubscribeImp 173 resendWaitingFilters -- Resend waiting filters, size: 0
2024-04-21 14:26:54.038 INFO  org.fisco.bcos.sdk.eventsub.EventSubscribeImp 173 resendWaitingFilters -- Resend waiting filters, size: 0
2024-04-21 14:26:54.040 INFO  org.fisco.bcos.sdk.eventsub.EventSubscribeImp 173 resendWaitingFilters -- Resend waiting filters, size: 0
2024-04-21 14:26:54.046 INFO  org.fisco.bcos.sdk.eventsub.EventSubscribeImp 173 resendWaitingFilters -- Resend waiting filters, size: 0
2024-04-21 14:26:54.047 INFO  org.fisco.bcos.sdk.eventsub.EventSubscribeImp 173 resendWaitingFilters -- Resend waiting filters, size: 0
2024-04-21 14:26:54.052 INFO  org.fisco.bcos.sdk.eventsub.EventSubscribeImp 173 resendWaitingFilters -- Resend waiting filters, size: 0
2024-04-21 14:27:04.032 INFO  org.fisco.bcos.sdk.eventsub.EventSubscribeImp 173 resendWaitingFilters -- Resend waiting filters, size: 0
2024-04-21 14:27:04.033 INFO  org.fisco.bcos.sdk.eventsub.EventSubscribeImp 173 resendWaitingFilters -- Resend waiting filters, size: 0
2024-04-21 14:27:04.034 INFO  org.fisco.bcos.sdk.eventsub.EventSubscribeImp 173 resendWaitingFilters -- Resend waiting filters, size: 0
2024-04-21 14:27:04.035 INFO  org.fisco.bcos.sdk.eventsub.EventSubscribeImp 173 resendWaitingFilters -- Resend waiting filters, size: 0
2024-04-21 14:27:04.036 INFO  org.fisco.bcos.sdk.eventsub.EventSubscribeImp 173 resendWaitingFilters -- Resend waiting filters, size: 0
2024-04-21 14:27:04.038 INFO  org.fisco.bcos.sdk.eventsub.EventSubscribeImp 173 resendWaitingFilters -- Resend waiting filters, size: 0
2024-04-21 14:27:04.040 INFO  org.fisco.bcos.sdk.eventsub.EventSubscribeImp 173 resendWaitingFilters -- Resend waiting filters, size: 0
2024-04-21 14:27:04.046 INFO  org.fisco.bcos.sdk.eventsub.EventSubscribeImp 173 resendWaitingFilters -- Resend waiting filters, size: 0
2024-04-21 14:27:04.047 INFO  org.fisco.bcos.sdk.eventsub.EventSubscribeImp 173 resendWaitingFilters -- Resend waiting filters, size: 0
2024-04-21 14:27:04.052 INFO  org.fisco.bcos.sdk.eventsub.EventSubscribeImp 173 resendWaitingFilters -- Resend waiting filters, size: 0
2024-04-21 14:27:14.032 INFO  org.fisco.bcos.sdk.eventsub.EventSubscribeImp 173 resendWaitingFilters -- Resend waiting filters, size: 0
2024-04-21 14:27:14.033 INFO  org.fisco.bcos.sdk.eventsub.EventSubscribeImp 173 resendWaitingFilters -- Resend waiting filters, size: 0
2024-04-21 14:27:14.034 INFO  org.fisco.bcos.sdk.eventsub.EventSubscribeImp 173 resendWaitingFilters -- Resend waiting filters, size: 0
2024-04-21 14:27:14.035 INFO  org.fisco.bcos.sdk.eventsub.EventSubscribeImp 173 resendWaitingFilters -- Resend waiting filters, size: 0
2024-04-21 14:27:14.036 INFO  org.fisco.bcos.sdk.eventsub.EventSubscribeImp 173 resendWaitingFilters -- Resend waiting filters, size: 0
2024-04-21 14:27:14.038 INFO  org.fisco.bcos.sdk.eventsub.EventSubscribeImp 173 resendWaitingFilters -- Resend waiting filters, size: 0
2024-04-21 14:27:14.040 INFO  org.fisco.bcos.sdk.eventsub.EventSubscribeImp 173 resendWaitingFilters -- Resend waiting filters, size: 0
2024-04-21 14:27:14.046 INFO  org.fisco.bcos.sdk.eventsub.EventSubscribeImp 173 resendWaitingFilters -- Resend waiting filters, size: 0
2024-04-21 14:27:14.047 INFO  org.fisco.bcos.sdk.eventsub.EventSubscribeImp 173 resendWaitingFilters -- Resend waiting filters, size: 0
2024-04-21 14:27:14.052 INFO  org.fisco.bcos.sdk.eventsub.EventSubscribeImp 173 resendWaitingFilters -- Resend waiting filters, size: 0
2024-04-21 14:27:24.032 INFO  org.fisco.bcos.sdk.eventsub.EventSubscribeImp 173 resendWaitingFilters -- Resend waiting filters, size: 0
2024-04-21 14:27:24.033 INFO  org.fisco.bcos.sdk.eventsub.EventSubscribeImp 173 resendWaitingFilters -- Resend waiting filters, size: 0
2024-04-21 14:27:24.034 INFO  org.fisco.bcos.sdk.eventsub.EventSubscribeImp 173 resendWaitingFilters -- Resend waiting filters, size: 0
2024-04-21 14:27:24.035 INFO  org.fisco.bcos.sdk.eventsub.EventSubscribeImp 173 resendWaitingFilters -- Resend waiting filters, size: 0
2024-04-21 14:27:24.036 INFO  org.fisco.bcos.sdk.eventsub.EventSubscribeImp 173 resendWaitingFilters -- Resend waiting filters, size: 0
2024-04-21 14:27:24.038 INFO  org.fisco.bcos.sdk.eventsub.EventSubscribeImp 173 resendWaitingFilters -- Resend waiting filters, size: 0
2024-04-21 14:27:24.040 INFO  org.fisco.bcos.sdk.eventsub.EventSubscribeImp 173 resendWaitingFilters -- Resend waiting filters, size: 0
2024-04-21 14:27:24.046 INFO  org.fisco.bcos.sdk.eventsub.EventSubscribeImp 173 resendWaitingFilters -- Resend waiting filters, size: 0
2024-04-21 14:27:24.047 INFO  org.fisco.bcos.sdk.eventsub.EventSubscribeImp 173 resendWaitingFilters -- Resend waiting filters, size: 0
2024-04-21 14:27:24.052 INFO  org.fisco.bcos.sdk.eventsub.EventSubscribeImp 173 resendWaitingFilters -- Resend waiting filters, size: 0
2024-04-21 14:27:28.119 INFO  org.fisco.bcos.sdk.abi.wrapper.ContractABIDefinition 86 addFunction --  name: set, methodId: 0x4ed3885e, methodSignature: set(string), abi: org.fisco.bcos.sdk.abi.wrapper.ABIDefinition@4698e77f
2024-04-21 14:27:28.119 INFO  org.fisco.bcos.sdk.abi.wrapper.ABIDefinitionFactory 64 loadABI --  abiDefinition: org.fisco.bcos.sdk.abi.wrapper.ABIDefinition@4698e77f
2024-04-21 14:27:28.119 INFO  org.fisco.bcos.sdk.abi.wrapper.ContractABIDefinition 86 addFunction --  name: get, methodId: 0x6d4ce63c, methodSignature: get(), abi: org.fisco.bcos.sdk.abi.wrapper.ABIDefinition@7b026e56
2024-04-21 14:27:28.119 INFO  org.fisco.bcos.sdk.abi.wrapper.ABIDefinitionFactory 64 loadABI --  abiDefinition: org.fisco.bcos.sdk.abi.wrapper.ABIDefinition@7b026e56
2024-04-21 14:27:28.119 INFO  org.fisco.bcos.sdk.abi.wrapper.ABIDefinitionFactory 64 loadABI --  abiDefinition: org.fisco.bcos.sdk.abi.wrapper.ABIDefinition@4ec4c50d
2024-04-21 14:27:28.120 INFO  org.fisco.bcos.sdk.abi.wrapper.ABIDefinitionFactory 71 loadABI --  contractABIDefinition org.fisco.bcos.sdk.abi.wrapper.ContractABIDefinition@deb3b60 
2024-04-21 14:27:28.120 INFO  org.fisco.bcos.sdk.abi.wrapper.ABIObjectFactory 32 createObject --  name: set
2024-04-21 14:27:28.278 INFO  org.fisco.bcos.sdk.abi.wrapper.ContractABIDefinition 86 addFunction --  name: set, methodId: 0x4ed3885e, methodSignature: set(string), abi: org.fisco.bcos.sdk.abi.wrapper.ABIDefinition@4698e77f
2024-04-21 14:27:28.278 INFO  org.fisco.bcos.sdk.abi.wrapper.ABIDefinitionFactory 64 loadABI --  abiDefinition: org.fisco.bcos.sdk.abi.wrapper.ABIDefinition@4698e77f
2024-04-21 14:27:28.278 INFO  org.fisco.bcos.sdk.abi.wrapper.ContractABIDefinition 86 addFunction --  name: get, methodId: 0x6d4ce63c, methodSignature: get(), abi: org.fisco.bcos.sdk.abi.wrapper.ABIDefinition@7b026e56
2024-04-21 14:27:28.278 INFO  org.fisco.bcos.sdk.abi.wrapper.ABIDefinitionFactory 64 loadABI --  abiDefinition: org.fisco.bcos.sdk.abi.wrapper.ABIDefinition@7b026e56
2024-04-21 14:27:28.278 INFO  org.fisco.bcos.sdk.abi.wrapper.ABIDefinitionFactory 64 loadABI --  abiDefinition: org.fisco.bcos.sdk.abi.wrapper.ABIDefinition@4ec4c50d
2024-04-21 14:27:28.278 INFO  org.fisco.bcos.sdk.abi.wrapper.ABIDefinitionFactory 71 loadABI --  contractABIDefinition org.fisco.bcos.sdk.abi.wrapper.ContractABIDefinition@6ea94d6a 
2024-04-21 14:27:28.279 INFO  org.fisco.bcos.sdk.abi.wrapper.ContractABIDefinition 86 addFunction --  name: set, methodId: 0x4ed3885e, methodSignature: set(string), abi: org.fisco.bcos.sdk.abi.wrapper.ABIDefinition@4698e77f
2024-04-21 14:27:28.279 INFO  org.fisco.bcos.sdk.abi.wrapper.ABIDefinitionFactory 64 loadABI --  abiDefinition: org.fisco.bcos.sdk.abi.wrapper.ABIDefinition@4698e77f
2024-04-21 14:27:28.279 INFO  org.fisco.bcos.sdk.abi.wrapper.ContractABIDefinition 86 addFunction --  name: get, methodId: 0x6d4ce63c, methodSignature: get(), abi: org.fisco.bcos.sdk.abi.wrapper.ABIDefinition@7b026e56
2024-04-21 14:27:28.279 INFO  org.fisco.bcos.sdk.abi.wrapper.ABIDefinitionFactory 64 loadABI --  abiDefinition: org.fisco.bcos.sdk.abi.wrapper.ABIDefinition@7b026e56
2024-04-21 14:27:28.279 INFO  org.fisco.bcos.sdk.abi.wrapper.ABIDefinitionFactory 64 loadABI --  abiDefinition: org.fisco.bcos.sdk.abi.wrapper.ABIDefinition@4ec4c50d
2024-04-21 14:27:28.279 INFO  org.fisco.bcos.sdk.abi.wrapper.ABIDefinitionFactory 71 loadABI --  contractABIDefinition org.fisco.bcos.sdk.abi.wrapper.ContractABIDefinition@28486680 
2024-04-21 14:27:28.279 INFO  org.fisco.bcos.sdk.abi.wrapper.ABIObjectFactory 32 createObject --  name: set
2024-04-21 14:27:28.279 INFO  org.fisco.bcos.sdk.abi.wrapper.ContractABIDefinition 86 addFunction --  name: set, methodId: 0x4ed3885e, methodSignature: set(string), abi: org.fisco.bcos.sdk.abi.wrapper.ABIDefinition@4698e77f
2024-04-21 14:27:28.280 INFO  org.fisco.bcos.sdk.abi.wrapper.ABIDefinitionFactory 64 loadABI --  abiDefinition: org.fisco.bcos.sdk.abi.wrapper.ABIDefinition@4698e77f
2024-04-21 14:27:28.280 INFO  org.fisco.bcos.sdk.abi.wrapper.ContractABIDefinition 86 addFunction --  name: get, methodId: 0x6d4ce63c, methodSignature: get(), abi: org.fisco.bcos.sdk.abi.wrapper.ABIDefinition@7b026e56
2024-04-21 14:27:28.280 INFO  org.fisco.bcos.sdk.abi.wrapper.ABIDefinitionFactory 64 loadABI --  abiDefinition: org.fisco.bcos.sdk.abi.wrapper.ABIDefinition@7b026e56
2024-04-21 14:27:28.280 INFO  org.fisco.bcos.sdk.abi.wrapper.ABIDefinitionFactory 64 loadABI --  abiDefinition: org.fisco.bcos.sdk.abi.wrapper.ABIDefinition@4ec4c50d
2024-04-21 14:27:28.280 INFO  org.fisco.bcos.sdk.abi.wrapper.ABIDefinitionFactory 71 loadABI --  contractABIDefinition org.fisco.bcos.sdk.abi.wrapper.ContractABIDefinition@4d7e7435 
2024-04-21 14:27:28.280 INFO  org.fisco.bcos.sdk.abi.wrapper.ABIObjectFactory 32 createObject --  name: set
2024-04-21 14:27:34.032 INFO  org.fisco.bcos.sdk.eventsub.EventSubscribeImp 173 resendWaitingFilters -- Resend waiting filters, size: 0
2024-04-21 14:27:34.033 INFO  org.fisco.bcos.sdk.eventsub.EventSubscribeImp 173 resendWaitingFilters -- Resend waiting filters, size: 0
2024-04-21 14:27:34.034 INFO  org.fisco.bcos.sdk.eventsub.EventSubscribeImp 173 resendWaitingFilters -- Resend waiting filters, size: 0
2024-04-21 14:27:34.035 INFO  org.fisco.bcos.sdk.eventsub.EventSubscribeImp 173 resendWaitingFilters -- Resend waiting filters, size: 0
2024-04-21 14:27:34.036 INFO  org.fisco.bcos.sdk.eventsub.EventSubscribeImp 173 resendWaitingFilters -- Resend waiting filters, size: 0
2024-04-21 14:27:34.038 INFO  org.fisco.bcos.sdk.eventsub.EventSubscribeImp 173 resendWaitingFilters -- Resend waiting filters, size: 0
2024-04-21 14:27:34.040 INFO  org.fisco.bcos.sdk.eventsub.EventSubscribeImp 173 resendWaitingFilters -- Resend waiting filters, size: 0
2024-04-21 14:27:34.046 INFO  org.fisco.bcos.sdk.eventsub.EventSubscribeImp 173 resendWaitingFilters -- Resend waiting filters, size: 0
2024-04-21 14:27:34.047 INFO  org.fisco.bcos.sdk.eventsub.EventSubscribeImp 173 resendWaitingFilters -- Resend waiting filters, size: 0
2024-04-21 14:27:34.052 INFO  org.fisco.bcos.sdk.eventsub.EventSubscribeImp 173 resendWaitingFilters -- Resend waiting filters, size: 0
2024-04-21 14:27:44.032 INFO  org.fisco.bcos.sdk.eventsub.EventSubscribeImp 173 resendWaitingFilters -- Resend waiting filters, size: 0
2024-04-21 14:27:44.033 INFO  org.fisco.bcos.sdk.eventsub.EventSubscribeImp 173 resendWaitingFilters -- Resend waiting filters, size: 0
2024-04-21 14:27:44.034 INFO  org.fisco.bcos.sdk.eventsub.EventSubscribeImp 173 resendWaitingFilters -- Resend waiting filters, size: 0
2024-04-21 14:27:44.035 INFO  org.fisco.bcos.sdk.eventsub.EventSubscribeImp 173 resendWaitingFilters -- Resend waiting filters, size: 0
2024-04-21 14:27:44.036 INFO  org.fisco.bcos.sdk.eventsub.EventSubscribeImp 173 resendWaitingFilters -- Resend waiting filters, size: 0
2024-04-21 14:27:44.038 INFO  org.fisco.bcos.sdk.eventsub.EventSubscribeImp 173 resendWaitingFilters -- Resend waiting filters, size: 0
2024-04-21 14:27:44.040 INFO  org.fisco.bcos.sdk.eventsub.EventSubscribeImp 173 resendWaitingFilters -- Resend waiting filters, size: 0
2024-04-21 14:27:44.046 INFO  org.fisco.bcos.sdk.eventsub.EventSubscribeImp 173 resendWaitingFilters -- Resend waiting filters, size: 0
2024-04-21 14:27:44.047 INFO  org.fisco.bcos.sdk.eventsub.EventSubscribeImp 173 resendWaitingFilters -- Resend waiting filters, size: 0
2024-04-21 14:27:44.052 INFO  org.fisco.bcos.sdk.eventsub.EventSubscribeImp 173 resendWaitingFilters -- Resend waiting filters, size: 0
2024-04-21 14:27:52.457 INFO  org.fisco.bcos.sdk.abi.wrapper.ContractABIDefinition 86 addFunction --  name: set, methodId: 0x4ed3885e, methodSignature: set(string), abi: org.fisco.bcos.sdk.abi.wrapper.ABIDefinition@4698e77f
2024-04-21 14:27:52.457 INFO  org.fisco.bcos.sdk.abi.wrapper.ABIDefinitionFactory 64 loadABI --  abiDefinition: org.fisco.bcos.sdk.abi.wrapper.ABIDefinition@4698e77f
2024-04-21 14:27:52.457 INFO  org.fisco.bcos.sdk.abi.wrapper.ContractABIDefinition 86 addFunction --  name: get, methodId: 0x6d4ce63c, methodSignature: get(), abi: org.fisco.bcos.sdk.abi.wrapper.ABIDefinition@7b026e56
2024-04-21 14:27:52.457 INFO  org.fisco.bcos.sdk.abi.wrapper.ABIDefinitionFactory 64 loadABI --  abiDefinition: org.fisco.bcos.sdk.abi.wrapper.ABIDefinition@7b026e56
2024-04-21 14:27:52.457 INFO  org.fisco.bcos.sdk.abi.wrapper.ABIDefinitionFactory 64 loadABI --  abiDefinition: org.fisco.bcos.sdk.abi.wrapper.ABIDefinition@4ec4c50d
2024-04-21 14:27:52.457 INFO  org.fisco.bcos.sdk.abi.wrapper.ABIDefinitionFactory 71 loadABI --  contractABIDefinition org.fisco.bcos.sdk.abi.wrapper.ContractABIDefinition@4a1e3ac1 
2024-04-21 14:27:52.457 INFO  org.fisco.bcos.sdk.abi.wrapper.ABIObjectFactory 32 createObject --  name: get
2024-04-21 14:27:52.459 INFO  org.fisco.bcos.sdk.abi.wrapper.ContractABIDefinition 86 addFunction --  name: set, methodId: 0x4ed3885e, methodSignature: set(string), abi: org.fisco.bcos.sdk.abi.wrapper.ABIDefinition@4698e77f
2024-04-21 14:27:52.459 INFO  org.fisco.bcos.sdk.abi.wrapper.ABIDefinitionFactory 64 loadABI --  abiDefinition: org.fisco.bcos.sdk.abi.wrapper.ABIDefinition@4698e77f
2024-04-21 14:27:52.460 INFO  org.fisco.bcos.sdk.abi.wrapper.ContractABIDefinition 86 addFunction --  name: get, methodId: 0x6d4ce63c, methodSignature: get(), abi: org.fisco.bcos.sdk.abi.wrapper.ABIDefinition@7b026e56
2024-04-21 14:27:52.460 INFO  org.fisco.bcos.sdk.abi.wrapper.ABIDefinitionFactory 64 loadABI --  abiDefinition: org.fisco.bcos.sdk.abi.wrapper.ABIDefinition@7b026e56
2024-04-21 14:27:52.460 INFO  org.fisco.bcos.sdk.abi.wrapper.ABIDefinitionFactory 64 loadABI --  abiDefinition: org.fisco.bcos.sdk.abi.wrapper.ABIDefinition@4ec4c50d
2024-04-21 14:27:52.460 INFO  org.fisco.bcos.sdk.abi.wrapper.ABIDefinitionFactory 71 loadABI --  contractABIDefinition org.fisco.bcos.sdk.abi.wrapper.ContractABIDefinition@6e78fcf5 
2024-04-21 14:27:52.460 INFO  org.fisco.bcos.sdk.abi.wrapper.ABIObjectFactory 32 createObject --  name: get
2024-04-21 14:27:54.032 INFO  org.fisco.bcos.sdk.eventsub.EventSubscribeImp 173 resendWaitingFilters -- Resend waiting filters, size: 0
2024-04-21 14:27:54.033 INFO  org.fisco.bcos.sdk.eventsub.EventSubscribeImp 173 resendWaitingFilters -- Resend waiting filters, size: 0
2024-04-21 14:27:54.034 INFO  org.fisco.bcos.sdk.eventsub.EventSubscribeImp 173 resendWaitingFilters -- Resend waiting filters, size: 0
2024-04-21 14:27:54.035 INFO  org.fisco.bcos.sdk.eventsub.EventSubscribeImp 173 resendWaitingFilters -- Resend waiting filters, size: 0
2024-04-21 14:27:54.036 INFO  org.fisco.bcos.sdk.eventsub.EventSubscribeImp 173 resendWaitingFilters -- Resend waiting filters, size: 0
2024-04-21 14:27:54.038 INFO  org.fisco.bcos.sdk.eventsub.EventSubscribeImp 173 resendWaitingFilters -- Resend waiting filters, size: 0
2024-04-21 14:27:54.040 INFO  org.fisco.bcos.sdk.eventsub.EventSubscribeImp 173 resendWaitingFilters -- Resend waiting filters, size: 0
2024-04-21 14:27:54.046 INFO  org.fisco.bcos.sdk.eventsub.EventSubscribeImp 173 resendWaitingFilters -- Resend waiting filters, size: 0
2024-04-21 14:27:54.047 INFO  org.fisco.bcos.sdk.eventsub.EventSubscribeImp 173 resendWaitingFilters -- Resend waiting filters, size: 0
2024-04-21 14:27:54.052 INFO  org.fisco.bcos.sdk.eventsub.EventSubscribeImp 173 resendWaitingFilters -- Resend waiting filters, size: 0
2024-04-21 16:12:14.128 INFO  org.fisco.bcos.sdk.BcosSDK 58 build -- create BcosSDK, configPath: /root/fisco/console/conf/config.toml
2024-04-21 16:12:14.257 INFO  org.fisco.bcos.sdk.network.ConnectionManager 88 <init> --  all connections, size: 2, list: [ConnectionInfo{host='127.0.0.1', port=20200}, ConnectionInfo{host='127.0.0.1', port=20201}]
2024-04-21 16:12:14.258 INFO  org.fisco.bcos.sdk.network.NetworkImp 167 start -- 
* TRACE INFORMATION:
----------------------------
====> STEP1: try to connect nodes with ecdsa context...

2024-04-21 16:12:14.258 INFO  org.fisco.bcos.sdk.network.NetworkImp 174 start -- ====> <==== STEP1-1: Load certificates for ecdsa context success..., start connManager with ECDSA sslContext
2024-04-21 16:12:14.285 INFO  org.fisco.bcos.sdk.network.ConnectionManager 238 initSslContext --  build ECDSA ssl context with configured certificates 
2024-04-21 16:12:14.554 INFO  io.netty.handler.ssl.OpenSsl 357 <clinit> -- Using supported configured namedGroups: [SM2, secp256k1, secp256r1, secp384r1, secp521r1]. Unsupported namedGroups: [x25519]. 
2024-04-21 16:12:14.652 INFO  org.fisco.bcos.sdk.network.ChannelHandler 73 userEventTriggered --  handshake success, host: 127.0.0.1, port: 20200, ctx: 1926458793
2024-04-21 16:12:14.655 INFO  org.fisco.bcos.sdk.network.ChannelHandler 73 userEventTriggered --  handshake success, host: 127.0.0.1, port: 20201, ctx: 1089975370
2024-04-21 16:12:14.659 INFO  org.fisco.bcos.sdk.network.ConnectionManager 402 checkConnectionResult --  ssl handshake success 127.0.0.1:20200
2024-04-21 16:12:14.659 INFO  org.fisco.bcos.sdk.network.ConnectionManager 402 checkConnectionResult --  ssl handshake success 127.0.0.1:20201
2024-04-21 16:12:14.720 INFO  org.fisco.bcos.sdk.channel.ChannelMsgHandler$1 225 onResponse --  node: ClientVersion{version='2.9.1', supportedVersion='2.9.1', chainId='1', buildTime='20220922 08:57:35', buildType='Linux/g++/Release', gitBranch='HEAD', gitCommitHash='83a87ad749475c0edcc6d5ce2dabd328a36d3bae'}, content: {"id":1,"jsonrpc":"2.0","result":{"Build Time":"20220922 08:57:35","Build Type":"Linux/g++/Release","Chain Id":"1","FISCO-BCOS Version":"2.9.1","Git Branch":"HEAD","Git Commit Hash":"83a87ad749475c0edcc6d5ce2dabd328a36d3bae","Supported Version":"2.9.1"}}

2024-04-21 16:12:14.720 INFO  org.fisco.bcos.sdk.channel.ChannelMsgHandler$1 233 onResponse --  support channel handshake node
2024-04-21 16:12:14.722 INFO  org.fisco.bcos.sdk.channel.ChannelMsgHandler$1 225 onResponse --  node: ClientVersion{version='2.9.1', supportedVersion='2.9.1', chainId='1', buildTime='20220922 08:57:35', buildType='Linux/g++/Release', gitBranch='HEAD', gitCommitHash='83a87ad749475c0edcc6d5ce2dabd328a36d3bae'}, content: {"id":0,"jsonrpc":"2.0","result":{"Build Time":"20220922 08:57:35","Build Type":"Linux/g++/Release","Chain Id":"1","FISCO-BCOS Version":"2.9.1","Git Branch":"HEAD","Git Commit Hash":"83a87ad749475c0edcc6d5ce2dabd328a36d3bae","Supported Version":"2.9.1"}}

2024-04-21 16:12:14.722 INFO  org.fisco.bcos.sdk.channel.ChannelMsgHandler$1 233 onResponse --  support channel handshake node
2024-04-21 16:12:14.724 INFO  org.fisco.bcos.sdk.channel.ChannelMsgHandler$2 309 onResponse --  channel protocol handshake success, set socket channel protocol, host: 127.0.0.1:20200, channel protocol: ChannelProtocol [protocol=3, nodeVersion=2.9.1, EnumProtocol=VERSION_3]
2024-04-21 16:12:14.725 INFO  org.fisco.bcos.sdk.channel.ChannelMsgHandler$2 309 onResponse --  channel protocol handshake success, set socket channel protocol, host: 127.0.0.1:20201, channel protocol: ChannelProtocol [protocol=3, nodeVersion=2.9.1, EnumProtocol=VERSION_3]
2024-04-21 16:12:14.729 INFO  org.fisco.bcos.sdk.channel.ChannelImp 126 checkConnectionsToStartPeriodTask --  Connect to  nodes: 127.0.0.1:20200, 127.0.0.1:20201, 
2024-04-21 16:12:14.729 INFO  org.fisco.bcos.sdk.BcosSDK 77 <init> -- create BcosSDK, start channel success, cryptoType: 0
2024-04-21 16:12:14.731 INFO  org.fisco.bcos.sdk.BcosSDK 87 <init> -- create BcosSDK, start channel succ, channelProcessorThreadSize: 2, receiptProcessorThreadSize: 2
2024-04-21 16:12:14.737 INFO  org.fisco.bcos.sdk.service.GroupManagerServiceImpl 260 registerBlockNumberNotifyHandler -- registerBlockNumberNotifyHandler
2024-04-21 16:12:14.738 INFO  org.fisco.bcos.sdk.service.GroupManagerServiceImpl 282 registerTransactionNotifyHandler -- registerTransactionNotifyHandler
2024-04-21 16:12:14.762 INFO  org.fisco.bcos.sdk.BcosSDK 98 <init> -- create BcosSDK, create groupManagerService success
2024-04-21 16:12:15.252 INFO  org.fisco.bcos.sdk.amop.AmopImp 216 sendSubscribe -- update subscribe inform 2 peers
2024-04-21 16:12:15.256 INFO  org.fisco.bcos.sdk.amop.AmopImp 216 sendSubscribe -- update subscribe inform 2 peers
2024-04-21 16:12:15.256 INFO  org.fisco.bcos.sdk.amop.AmopImp 188 start -- amop module started
2024-04-21 16:12:15.256 INFO  org.fisco.bcos.sdk.amop.AmopImp 216 sendSubscribe -- update subscribe inform 2 peers
2024-04-21 16:12:15.257 INFO  org.fisco.bcos.sdk.BcosSDK 103 <init> -- create BcosSDK, create Amop success
2024-04-21 16:12:15.288 INFO  org.fisco.bcos.sdk.client.Client 114 build -- build client success for group 1, crypto type 0
2024-04-21 16:12:15.289 INFO  org.fisco.bcos.sdk.BcosSDK 178 getClient -- create client for group 1 success
2024-04-21 16:12:15.303 INFO  org.fisco.bcos.sdk.crypto.CryptoSuite 164 loadAccount -- Load account from /root/fisco/console/account/ecdsa/0x368ec3cb6d0c2aee5b5d111dd38c9529b72f56ee.pem
2024-04-21 16:12:15.320 INFO  org.fisco.bcos.sdk.eventsub.EventSubscribeImp 173 resendWaitingFilters -- Resend waiting filters, size: 0
2024-04-21 16:12:15.321 INFO  org.fisco.bcos.sdk.eventsub.EventSubscribeImp 173 resendWaitingFilters -- Resend waiting filters, size: 0
2024-04-21 16:12:15.323 INFO  org.fisco.bcos.sdk.eventsub.EventSubscribeImp 173 resendWaitingFilters -- Resend waiting filters, size: 0
2024-04-21 16:12:15.323 INFO  org.fisco.bcos.sdk.eventsub.EventSubscribeImp 173 resendWaitingFilters -- Resend waiting filters, size: 0
2024-04-21 16:12:15.325 INFO  org.fisco.bcos.sdk.eventsub.EventSubscribeImp 173 resendWaitingFilters -- Resend waiting filters, size: 0
2024-04-21 16:12:15.330 INFO  org.fisco.bcos.sdk.eventsub.EventSubscribeImp 173 resendWaitingFilters -- Resend waiting filters, size: 0
2024-04-21 16:12:15.336 INFO  org.fisco.bcos.sdk.eventsub.EventSubscribeImp 173 resendWaitingFilters -- Resend waiting filters, size: 0
2024-04-21 16:12:15.338 INFO  org.fisco.bcos.sdk.eventsub.EventSubscribeImp 173 resendWaitingFilters -- Resend waiting filters, size: 0
2024-04-21 16:12:15.341 INFO  org.fisco.bcos.sdk.eventsub.EventSubscribeImp 173 resendWaitingFilters -- Resend waiting filters, size: 0
2024-04-21 16:12:15.354 INFO  org.fisco.bcos.sdk.eventsub.EventSubscribeImp 173 resendWaitingFilters -- Resend waiting filters, size: 0
