info|2024-04-22 18:00:00.021470|[RPC][getConsensusStatus]request,groupID=1
info|2024-04-22 18:00:00.735724|[g:1][CONSENSUS]addRawPrepare,height=107,reqIdx=0,hash=988f50be...,time=0
info|2024-04-22 18:00:00.735960|[g:1][CONSENSUS][PBFT]checkTimeout Succ,view=185,toView=186,nodeIdx=1,changeCycle=1,myNode=9559e1b5...,timecost=0
info|2024-04-22 18:00:00.737635|[g:1][CONSENSUS][PBFT]checkAndChangeView: Reach consensus,org_view=185,cur_changeCycle=1,curView=185,view=186
info|2024-04-22 18:00:01.737581|[g:1][CONSENSUS][SEALER]++++++++++++++++ Generating seal on,blkNum=107,tx=0,nodeIdx=1,hash=507474f0...
info|2024-04-22 18:00:01.738348|[g:1][CONSENSUS][PBFT]checkTimeout Succ,view=186,toView=187,nodeIdx=1,changeCycle=1,myNode=9559e1b5...,timecost=0
info|2024-04-22 18:00:01.739922|[g:1][CONSENSUS][PBFT]checkAndChangeView: Reach consensus,org_view=186,cur_changeCycle=1,curView=186,view=187
info|2024-04-22 18:00:02.741065|[g:1][CONSENSUS]addRawPrepare,height=107,reqIdx=2,hash=e8523cf5...,time=0
info|2024-04-22 18:00:02.741280|[g:1][CONSENSUS][PBFT]checkTimeout Succ,view=187,toView=188,nodeIdx=1,changeCycle=1,myNode=9559e1b5...,timecost=0
info|2024-04-22 18:00:02.742803|[g:1][CONSENSUS][PBFT]checkAndChangeView: Reach consensus,org_view=187,cur_changeCycle=1,curView=187,view=188
info|2024-04-22 18:00:02.792257|[P2P][Service] heartBeat,connected count=2
info|2024-04-22 18:00:03.743167|[g:1][CONSENSUS]addRawPrepare,height=107,reqIdx=0,hash=8a94fad2...,time=0
info|2024-04-22 18:00:03.743365|[g:1][CONSENSUS][PBFT]checkTimeout Succ,view=188,toView=189,nodeIdx=1,changeCycle=1,myNode=9559e1b5...,timecost=0
info|2024-04-22 18:00:03.745008|[g:1][CONSENSUS][PBFT]checkAndChangeView: Reach consensus,org_view=188,cur_changeCycle=1,curView=188,view=189
info|2024-04-22 18:00:04.745195|[g:1][CONSENSUS][SEALER]++++++++++++++++ Generating seal on,blkNum=107,tx=0,nodeIdx=1,hash=5042f113...
info|2024-04-22 18:00:04.745981|[g:1][CONSENSUS][PBFT]checkTimeout Succ,view=189,toView=190,nodeIdx=1,changeCycle=1,myNode=9559e1b5...,timecost=0
info|2024-04-22 18:00:04.747837|[g:1][CONSENSUS][PBFT]checkAndChangeView: Reach consensus,org_view=189,cur_changeCycle=1,curView=189,view=190
info|2024-04-22 18:00:05.748857|[g:1][CONSENSUS]addRawPrepare,height=107,reqIdx=2,hash=e637b38a...,time=0
info|2024-04-22 18:00:05.749056|[g:1][CONSENSUS][PBFT]checkTimeout Succ,view=190,toView=191,nodeIdx=1,changeCycle=1,myNode=9559e1b5...,timecost=1
info|2024-04-22 18:00:05.750389|[g:1][CONSENSUS][PBFT]checkAndChangeView: Reach consensus,org_view=190,cur_changeCycle=1,curView=190,view=191
info|2024-04-22 18:00:06.750734|[g:1][CONSENSUS]addRawPrepare,height=107,reqIdx=0,hash=19241ff5...,time=0
info|2024-04-22 18:00:06.750999|[g:1][CONSENSUS][PBFT]checkTimeout Succ,view=191,toView=192,nodeIdx=1,changeCycle=1,myNode=9559e1b5...,timecost=1
info|2024-04-22 18:00:06.752378|[g:1][CONSENSUS][PBFT]checkAndChangeView: Reach consensus,org_view=191,cur_changeCycle=1,curView=191,view=192
info|2024-04-22 18:00:07.752469|[g:1][CONSENSUS][SEALER]++++++++++++++++ Generating seal on,blkNum=107,tx=0,nodeIdx=1,hash=9f12eb08...
info|2024-04-22 18:00:07.754563|[g:1][CONSENSUS][PBFT]checkTimeout Succ,view=192,toView=193,nodeIdx=1,changeCycle=1,myNode=9559e1b5...,timecost=0
info|2024-04-22 18:00:07.755065|[g:1][CONSENSUS][PBFT]checkAndChangeView: Reach consensus,org_view=192,cur_changeCycle=1,curView=192,view=193
info|2024-04-22 18:00:08.756799|[g:1][CONSENSUS]addRawPrepare,height=107,reqIdx=2,hash=70bd07d7...,time=0
info|2024-04-22 18:00:08.757084|[g:1][CONSENSUS][PBFT]checkTimeout Succ,view=193,toView=194,nodeIdx=1,changeCycle=1,myNode=9559e1b5...,timecost=1
info|2024-04-22 18:00:08.758869|[g:1][CONSENSUS][PBFT]checkAndChangeView: Reach consensus,org_view=193,cur_changeCycle=1,curView=193,view=194
info|2024-04-22 18:00:09.759550|[g:1][CONSENSUS]addRawPrepare,height=107,reqIdx=0,hash=7b14d87f...,time=0
info|2024-04-22 18:00:09.759756|[g:1][CONSENSUS][PBFT]checkTimeout Succ,view=194,toView=195,nodeIdx=1,changeCycle=1,myNode=9559e1b5...,timecost=0
info|2024-04-22 18:00:09.761277|[g:1][CONSENSUS][PBFT]checkAndChangeView: Reach consensus,org_view=194,cur_changeCycle=1,curView=194,view=195
info|2024-04-22 18:00:10.018064|[RPC][getPendingTxSize]request,groupID=1
info|2024-04-22 18:00:10.019545|[RPC][getPbftView]request,groupID=1
info|2024-04-22 18:00:10.761171|[g:1][CONSENSUS][SEALER]++++++++++++++++ Generating seal on,blkNum=107,tx=0,nodeIdx=1,hash=ce52ad81...
info|2024-04-22 18:00:10.763578|[g:1][CONSENSUS][PBFT]checkTimeout Succ,view=195,toView=196,nodeIdx=1,changeCycle=1,myNode=9559e1b5...,timecost=0
info|2024-04-22 18:00:10.764175|[g:1][CONSENSUS][PBFT]checkAndChangeView: Reach consensus,org_view=195,cur_changeCycle=1,curView=195,view=196
info|2024-04-22 18:00:11.766017|[g:1][CONSENSUS]addRawPrepare,height=107,reqIdx=2,hash=9bf2b7ad...,time=0
info|2024-04-22 18:00:11.766224|[g:1][CONSENSUS][PBFT]checkTimeout Succ,view=196,toView=197,nodeIdx=1,changeCycle=1,myNode=9559e1b5...,timecost=0
info|2024-04-22 18:00:11.767926|[g:1][CONSENSUS][PBFT]checkAndChangeView: Reach consensus,org_view=196,cur_changeCycle=1,curView=196,view=197
info|2024-04-22 18:00:12.768566|[g:1][CONSENSUS]addRawPrepare,height=107,reqIdx=0,hash=17d8fb0d...,time=0
info|2024-04-22 18:00:12.768777|[g:1][CONSENSUS][PBFT]checkTimeout Succ,view=197,toView=198,nodeIdx=1,changeCycle=1,myNode=9559e1b5...,timecost=0
info|2024-04-22 18:00:12.769669|[g:1][CONSENSUS][PBFT]checkAndChangeView: Reach consensus,org_view=197,cur_changeCycle=1,curView=197,view=198
info|2024-04-22 18:00:12.792378|[P2P][Service] heartBeat,connected count=2
info|2024-04-22 18:00:13.769067|[g:1][CONSENSUS][SEALER]++++++++++++++++ Generating seal on,blkNum=107,tx=0,nodeIdx=1,hash=31641bc7...
info|2024-04-22 18:00:13.769505|[g:1][CONSENSUS][PBFT]checkTimeout Succ,view=198,toView=199,nodeIdx=1,changeCycle=1,myNode=9559e1b5...,timecost=0
info|2024-04-22 18:00:13.771653|[g:1][CONSENSUS][PBFT]checkAndChangeView: Reach consensus,org_view=198,cur_changeCycle=1,curView=198,view=199
info|2024-04-22 18:00:14.773113|[g:1][CONSENSUS]addRawPrepare,height=107,reqIdx=2,hash=1ba83a21...,time=0
info|2024-04-22 18:00:14.773354|[g:1][CONSENSUS][PBFT]checkTimeout Succ,view=199,toView=200,nodeIdx=1,changeCycle=1,myNode=9559e1b5...,timecost=0
info|2024-04-22 18:00:14.775062|[g:1][CONSENSUS][PBFT]checkAndChangeView: Reach consensus,org_view=199,cur_changeCycle=1,curView=199,view=200
info|2024-04-22 18:00:15.777656|[g:1][CONSENSUS]addRawPrepare,height=107,reqIdx=0,hash=d2dabbf8...,time=0
info|2024-04-22 18:00:15.777866|[g:1][CONSENSUS][PBFT]checkTimeout Succ,view=200,toView=201,nodeIdx=1,changeCycle=1,myNode=9559e1b5...,timecost=0
info|2024-04-22 18:00:15.778378|[g:1][CONSENSUS][PBFT]checkAndChangeView: Reach consensus,org_view=200,cur_changeCycle=1,curView=200,view=201
info|2024-04-22 18:00:16.778152|[g:1][CONSENSUS][SEALER]++++++++++++++++ Generating seal on,blkNum=107,tx=0,nodeIdx=1,hash=7e11eac2...
info|2024-04-22 18:00:16.779859|[g:1][CONSENSUS][PBFT]Trigger fast-viewchange,view=201,toView=201,minView=202,INFO=,reqNum=106,curNum=106,GenIdx=0,Cview=202,view=201,fromIdx=0,fromNode=07db2593...,fromIp=127.0.0.1:30301,hash=d5591c18...,nodeIdx=1,myNode=9559e1b5...
info|2024-04-22 18:00:16.780061|[g:1][CONSENSUS][PBFT]checkTimeout Succ,view=201,toView=202,nodeIdx=1,changeCycle=1,myNode=9559e1b5...,timecost=1
info|2024-04-22 18:00:16.780550|[g:1][CONSENSUS][PBFT]checkAndChangeView: Reach consensus,org_view=201,cur_changeCycle=1,curView=201,view=202
info|2024-04-22 18:00:17.782563|[g:1][CONSENSUS]addRawPrepare,height=107,reqIdx=2,hash=dd43df93...,time=0
info|2024-04-22 18:00:17.782770|[g:1][CONSENSUS][PBFT]checkTimeout Succ,view=202,toView=203,nodeIdx=1,changeCycle=1,myNode=9559e1b5...,timecost=0
info|2024-04-22 18:00:17.783598|[g:1][CONSENSUS][PBFT]checkAndChangeView: Reach consensus,org_view=202,cur_changeCycle=1,curView=202,view=203
info|2024-04-22 18:00:18.785507|[g:1][CONSENSUS]addRawPrepare,height=107,reqIdx=0,hash=6cedc678...,time=0
info|2024-04-22 18:00:18.786046|[g:1][CONSENSUS][PBFT]checkTimeout Succ,view=203,toView=204,nodeIdx=1,changeCycle=1,myNode=9559e1b5...,timecost=1
info|2024-04-22 18:00:18.786653|[g:1][CONSENSUS][PBFT]checkAndChangeView: Reach consensus,org_view=203,cur_changeCycle=1,curView=203,view=204
info|2024-04-22 18:00:19.786922|[g:1][CONSENSUS][SEALER]++++++++++++++++ Generating seal on,blkNum=107,tx=0,nodeIdx=1,hash=b239aa4c...
info|2024-04-22 18:00:19.787502|[g:1][CONSENSUS][PBFT]checkTimeout Succ,view=204,toView=205,nodeIdx=1,changeCycle=1,myNode=9559e1b5...,timecost=0
info|2024-04-22 18:00:19.789398|[g:1][CONSENSUS][PBFT]checkAndChangeView: Reach consensus,org_view=204,cur_changeCycle=1,curView=204,view=205
info|2024-04-22 18:00:20.006993|[RPC][getPendingTxSize]request,groupID=1
info|2024-04-22 18:00:20.792226|[g:1][CONSENSUS]addRawPrepare,height=107,reqIdx=2,hash=dd7b99f0...,time=0
info|2024-04-22 18:00:20.792444|[g:1][CONSENSUS][PBFT]checkTimeout Succ,view=205,toView=206,nodeIdx=1,changeCycle=1,myNode=9559e1b5...,timecost=0
info|2024-04-22 18:00:20.792961|[g:1][CONSENSUS][PBFT]checkAndChangeView: Reach consensus,org_view=205,cur_changeCycle=1,curView=205,view=206
info|2024-04-22 18:00:21.794248|[g:1][CONSENSUS]addRawPrepare,height=107,reqIdx=0,hash=9409ee5b...,time=0
info|2024-04-22 18:00:21.794453|[g:1][CONSENSUS][PBFT]checkTimeout Succ,view=206,toView=207,nodeIdx=1,changeCycle=1,myNode=9559e1b5...,timecost=0
info|2024-04-22 18:00:21.795460|[g:1][CONSENSUS][PBFT]checkAndChangeView: Reach consensus,org_view=206,cur_changeCycle=1,curView=206,view=207
info|2024-04-22 18:00:22.792445|[P2P][Service] heartBeat,connected count=2
info|2024-04-22 18:00:22.795046|[g:1][CONSENSUS][SEALER]++++++++++++++++ Generating seal on,blkNum=107,tx=0,nodeIdx=1,hash=b12d06ac...
info|2024-04-22 18:00:22.795518|[g:1][CONSENSUS][PBFT]checkTimeout Succ,view=207,toView=208,nodeIdx=1,changeCycle=1,myNode=9559e1b5...,timecost=0
info|2024-04-22 18:00:22.797343|[g:1][CONSENSUS][PBFT]checkAndChangeView: Reach consensus,org_view=207,cur_changeCycle=1,curView=207,view=208
info|2024-04-22 18:00:23.798419|[g:1][CONSENSUS]addRawPrepare,height=107,reqIdx=2,hash=caae32da...,time=0
info|2024-04-22 18:00:23.798598|[g:1][CONSENSUS][PBFT]checkTimeout Succ,view=208,toView=209,nodeIdx=1,changeCycle=1,myNode=9559e1b5...,timecost=0
info|2024-04-22 18:00:23.800174|[g:1][CONSENSUS][PBFT]checkAndChangeView: Reach consensus,org_view=208,cur_changeCycle=1,curView=208,view=209
info|2024-04-22 18:00:24.801160|[g:1][CONSENSUS]addRawPrepare,height=107,reqIdx=0,hash=d798159d...,time=0
info|2024-04-22 18:00:24.801374|[g:1][CONSENSUS][PBFT]checkTimeout Succ,view=209,toView=210,nodeIdx=1,changeCycle=1,myNode=9559e1b5...,timecost=0
info|2024-04-22 18:00:24.801935|[g:1][CONSENSUS][PBFT]checkAndChangeView: Reach consensus,org_view=209,cur_changeCycle=1,curView=209,view=210
info|2024-04-22 18:00:25.802792|[g:1][CONSENSUS][SEALER]++++++++++++++++ Generating seal on,blkNum=107,tx=0,nodeIdx=1,hash=51e03f6b...
info|2024-04-22 18:00:25.803270|[g:1][CONSENSUS][PBFT]checkTimeout Succ,view=210,toView=211,nodeIdx=1,changeCycle=1,myNode=9559e1b5...,timecost=0
info|2024-04-22 18:00:25.805467|[g:1][CONSENSUS][PBFT]checkAndChangeView: Reach consensus,org_view=210,cur_changeCycle=1,curView=210,view=211
info|2024-04-22 18:00:26.806971|[g:1][CONSENSUS]addRawPrepare,height=107,reqIdx=2,hash=5eee7bbb...,time=0
info|2024-04-22 18:00:26.807188|[g:1][CONSENSUS][PBFT]checkTimeout Succ,view=211,toView=212,nodeIdx=1,changeCycle=1,myNode=9559e1b5...,timecost=0
info|2024-04-22 18:00:26.808103|[g:1][CONSENSUS][PBFT]checkAndChangeView: Reach consensus,org_view=211,cur_changeCycle=1,curView=211,view=212
info|2024-04-22 18:00:27.809041|[g:1][CONSENSUS]addRawPrepare,height=107,reqIdx=0,hash=8260811e...,time=0
info|2024-04-22 18:00:27.809251|[g:1][CONSENSUS][PBFT]checkTimeout Succ,view=212,toView=213,nodeIdx=1,changeCycle=1,myNode=9559e1b5...,timecost=0
info|2024-04-22 18:00:27.810629|[g:1][CONSENSUS][PBFT]checkAndChangeView: Reach consensus,org_view=212,cur_changeCycle=1,curView=212,view=213
info|2024-04-22 18:00:28.810088|[g:1][CONSENSUS][SEALER]++++++++++++++++ Generating seal on,blkNum=107,tx=0,nodeIdx=1,hash=58da3f86...
info|2024-04-22 18:00:28.810631|[g:1][CONSENSUS][PBFT]checkTimeout Succ,view=213,toView=214,nodeIdx=1,changeCycle=1,myNode=9559e1b5...,timecost=0
info|2024-04-22 18:00:28.812565|[g:1][CONSENSUS][PBFT]checkAndChangeView: Reach consensus,org_view=213,cur_changeCycle=1,curView=213,view=214
info|2024-04-22 18:00:29.814471|[g:1][CONSENSUS]addRawPrepare,height=107,reqIdx=2,hash=1ab154cd...,time=0
info|2024-04-22 18:00:29.814709|[g:1][CONSENSUS][PBFT]checkTimeout Succ,view=214,toView=215,nodeIdx=1,changeCycle=1,myNode=9559e1b5...,timecost=0
info|2024-04-22 18:00:29.815994|[g:1][CONSENSUS][PBFT]checkAndChangeView: Reach consensus,org_view=214,cur_changeCycle=1,curView=214,view=215
info|2024-04-22 18:00:30.021355|[RPC][getPbftView]request,groupID=1
info|2024-04-22 18:00:30.816701|[g:1][CONSENSUS]addRawPrepare,height=107,reqIdx=0,hash=6bc219ac...,time=0
info|2024-04-22 18:00:30.816933|[g:1][CONSENSUS][PBFT]checkTimeout Succ,view=215,toView=216,nodeIdx=1,changeCycle=1,myNode=9559e1b5...,timecost=0
info|2024-04-22 18:00:30.818500|[g:1][CONSENSUS][PBFT]checkAndChangeView: Reach consensus,org_view=215,cur_changeCycle=1,curView=215,view=216
info|2024-04-22 18:00:31.819090|[g:1][CONSENSUS][SEALER]++++++++++++++++ Generating seal on,blkNum=107,tx=0,nodeIdx=1,hash=e4eb7eee...
info|2024-04-22 18:00:31.819873|[g:1][CONSENSUS][PBFT]checkTimeout Succ,view=216,toView=217,nodeIdx=1,changeCycle=1,myNode=9559e1b5...,timecost=0
info|2024-04-22 18:00:31.822183|[g:1][CONSENSUS][PBFT]checkAndChangeView: Reach consensus,org_view=216,cur_changeCycle=1,curView=216,view=217
info|2024-04-22 18:00:32.792520|[P2P][Service] heartBeat,connected count=2
info|2024-04-22 18:00:32.822771|[g:1][CONSENSUS]addRawPrepare,height=107,reqIdx=2,hash=b7e855b3...,time=0
info|2024-04-22 18:00:32.823046|[g:1][CONSENSUS][PBFT]checkTimeout Succ,view=217,toView=218,nodeIdx=1,changeCycle=1,myNode=9559e1b5...,timecost=1
info|2024-04-22 18:00:32.824867|[g:1][CONSENSUS][PBFT]checkAndChangeView: Reach consensus,org_view=217,cur_changeCycle=1,curView=217,view=218
info|2024-04-22 18:00:33.827419|[g:1][CONSENSUS]addRawPrepare,height=107,reqIdx=0,hash=b0404a4c...,time=0
info|2024-04-22 18:00:33.827621|[g:1][CONSENSUS][PBFT]checkTimeout Succ,view=218,toView=219,nodeIdx=1,changeCycle=1,myNode=9559e1b5...,timecost=0
info|2024-04-22 18:00:33.828969|[g:1][CONSENSUS][PBFT]checkAndChangeView: Reach consensus,org_view=218,cur_changeCycle=1,curView=218,view=219
info|2024-04-22 18:00:34.829423|[g:1][CONSENSUS][SEALER]++++++++++++++++ Generating seal on,blkNum=107,tx=0,nodeIdx=1,hash=e05559a4...
info|2024-04-22 18:00:34.830939|[g:1][CONSENSUS][PBFT]Trigger fast-viewchange,view=219,toView=219,minView=220,INFO=,reqNum=106,curNum=106,GenIdx=2,Cview=220,view=219,fromIdx=2,fromNode=bccb4948...,fromIp=127.0.0.1:35112,hash=d5591c18...,nodeIdx=1,myNode=9559e1b5...
info|2024-04-22 18:00:34.831106|[g:1][CONSENSUS][PBFT]checkTimeout Succ,view=219,toView=220,nodeIdx=1,changeCycle=1,myNode=9559e1b5...,timecost=1
info|2024-04-22 18:00:34.831972|[g:1][CONSENSUS][PBFT]checkAndChangeView: Reach consensus,org_view=219,cur_changeCycle=1,curView=219,view=220
info|2024-04-22 18:00:35.832745|[g:1][CONSENSUS]addRawPrepare,height=107,reqIdx=2,hash=f341a067...,time=0
info|2024-04-22 18:00:35.832977|[g:1][CONSENSUS][PBFT]checkTimeout Succ,view=220,toView=221,nodeIdx=1,changeCycle=1,myNode=9559e1b5...,timecost=0
info|2024-04-22 18:00:35.834552|[g:1][CONSENSUS][PBFT]checkAndChangeView: Reach consensus,org_view=220,cur_changeCycle=1,curView=220,view=221
info|2024-04-22 18:00:36.835771|[g:1][CONSENSUS]addRawPrepare,height=107,reqIdx=0,hash=8a344bd3...,time=0
info|2024-04-22 18:00:36.836008|[g:1][CONSENSUS][PBFT]checkTimeout Succ,view=221,toView=222,nodeIdx=1,changeCycle=1,myNode=9559e1b5...,timecost=1
info|2024-04-22 18:00:36.837033|[g:1][CONSENSUS][PBFT]checkAndChangeView: Reach consensus,org_view=221,cur_changeCycle=1,curView=221,view=222
info|2024-04-22 18:00:37.838027|[g:1][CONSENSUS][SEALER]++++++++++++++++ Generating seal on,blkNum=107,tx=0,nodeIdx=1,hash=babc5de0...
info|2024-04-22 18:00:37.838654|[g:1][CONSENSUS][PBFT]checkTimeout Succ,view=222,toView=223,nodeIdx=1,changeCycle=1,myNode=9559e1b5...,timecost=0
info|2024-04-22 18:00:37.841294|[g:1][CONSENSUS][PBFT]checkAndChangeView: Reach consensus,org_view=222,cur_changeCycle=1,curView=222,view=223
info|2024-04-22 18:00:38.841248|[g:1][CONSENSUS]addRawPrepare,height=107,reqIdx=2,hash=e4df4c2b...,time=0
info|2024-04-22 18:00:38.841489|[g:1][CONSENSUS][PBFT]checkTimeout Succ,view=223,toView=224,nodeIdx=1,changeCycle=1,myNode=9559e1b5...,timecost=0
info|2024-04-22 18:00:38.842938|[g:1][CONSENSUS][PBFT]checkAndChangeView: Reach consensus,org_view=223,cur_changeCycle=1,curView=223,view=224
info|2024-04-22 18:00:39.844229|[g:1][CONSENSUS]addRawPrepare,height=107,reqIdx=0,hash=0bcdb043...,time=0
info|2024-04-22 18:00:39.844406|[g:1][CONSENSUS][PBFT]checkTimeout Succ,view=224,toView=225,nodeIdx=1,changeCycle=1,myNode=9559e1b5...,timecost=0
info|2024-04-22 18:00:39.844922|[g:1][CONSENSUS][PBFT]checkAndChangeView: Reach consensus,org_view=224,cur_changeCycle=1,curView=224,view=225
info|2024-04-22 18:00:40.007912|[RPC][getPendingTxSize]request,groupID=1
info|2024-04-22 18:00:40.009803|[RPC][getPbftView]request,groupID=1
info|2024-04-22 18:00:40.845346|[g:1][CONSENSUS][SEALER]++++++++++++++++ Generating seal on,blkNum=107,tx=0,nodeIdx=1,hash=abdaa151...
info|2024-04-22 18:00:40.845807|[g:1][CONSENSUS][PBFT]checkTimeout Succ,view=225,toView=226,nodeIdx=1,changeCycle=1,myNode=9559e1b5...,timecost=0
info|2024-04-22 18:00:40.847605|[g:1][CONSENSUS][PBFT]checkAndChangeView: Reach consensus,org_view=225,cur_changeCycle=1,curView=225,view=226
info|2024-04-22 18:00:41.849117|[g:1][CONSENSUS]addRawPrepare,height=107,reqIdx=2,hash=350cbc95...,time=0
info|2024-04-22 18:00:41.849320|[g:1][CONSENSUS][PBFT]checkTimeout Succ,view=226,toView=227,nodeIdx=1,changeCycle=1,myNode=9559e1b5...,timecost=0
info|2024-04-22 18:00:41.851100|[g:1][CONSENSUS][PBFT]checkAndChangeView: Reach consensus,org_view=226,cur_changeCycle=1,curView=226,view=227
info|2024-04-22 18:00:42.792596|[P2P][Service] heartBeat,connected count=2
info|2024-04-22 18:00:42.876440|[g:1][CONSENSUS][PBFT]Trigger fast-viewchange,view=227,toView=227,minView=228,INFO=,reqNum=106,curNum=106,GenIdx=2,Cview=228,view=227,fromIdx=2,fromNode=bccb4948...,fromIp=127.0.0.1:35112,hash=d5591c18...,nodeIdx=1,myNode=9559e1b5...
info|2024-04-22 18:00:42.876629|[g:1][CONSENSUS][PBFT]checkTimeout Succ,view=227,toView=228,nodeIdx=1,changeCycle=2,myNode=9559e1b5...,timecost=0
info|2024-04-22 18:00:42.876980|[g:1][CONSENSUS][PBFT]checkAndChangeView: Reach consensus,org_view=227,cur_changeCycle=2,curView=227,view=228
info|2024-04-22 18:00:43.877437|[g:1][CONSENSUS][SEALER]++++++++++++++++ Generating seal on,blkNum=107,tx=0,nodeIdx=1,hash=d0f41bbf...
info|2024-04-22 18:00:43.878024|[g:1][CONSENSUS][PBFT]checkTimeout Succ,view=228,toView=229,nodeIdx=1,changeCycle=1,myNode=9559e1b5...,timecost=1
info|2024-04-22 18:00:43.879461|[g:1][CONSENSUS][PBFT]checkAndChangeView: Reach consensus,org_view=228,cur_changeCycle=1,curView=228,view=229
info|2024-04-22 18:00:44.881109|[g:1][CONSENSUS]addRawPrepare,height=107,reqIdx=2,hash=9b3b972f...,time=0
info|2024-04-22 18:00:44.881366|[g:1][CONSENSUS][PBFT]checkTimeout Succ,view=229,toView=230,nodeIdx=1,changeCycle=1,myNode=9559e1b5...,timecost=0
info|2024-04-22 18:00:44.883143|[g:1][CONSENSUS][PBFT]checkAndChangeView: Reach consensus,org_view=229,cur_changeCycle=1,curView=229,view=230
info|2024-04-22 18:00:45.885365|[g:1][CONSENSUS][PBFT]Trigger fast-viewchange,view=230,toView=230,minView=231,INFO=,reqNum=106,curNum=106,GenIdx=0,Cview=231,view=230,fromIdx=0,fromNode=07db2593...,fromIp=127.0.0.1:30301,hash=d5591c18...,nodeIdx=1,myNode=9559e1b5...
info|2024-04-22 18:00:45.885599|[g:1][CONSENSUS][PBFT]checkTimeout Succ,view=230,toView=231,nodeIdx=1,changeCycle=2,myNode=9559e1b5...,timecost=0
info|2024-04-22 18:00:45.885929|[g:1][CONSENSUS][PBFT]checkAndChangeView: Reach consensus,org_view=230,cur_changeCycle=2,curView=230,view=231
info|2024-04-22 18:00:46.886600|[g:1][CONSENSUS][SEALER]++++++++++++++++ Generating seal on,blkNum=107,tx=0,nodeIdx=1,hash=6ed688d7...
info|2024-04-22 18:00:46.887158|[g:1][CONSENSUS][PBFT]checkTimeout Succ,view=231,toView=232,nodeIdx=1,changeCycle=1,myNode=9559e1b5...,timecost=1
info|2024-04-22 18:00:46.888997|[g:1][CONSENSUS][PBFT]checkAndChangeView: Reach consensus,org_view=231,cur_changeCycle=1,curView=231,view=232
info|2024-04-22 18:00:47.890172|[g:1][CONSENSUS]addRawPrepare,height=107,reqIdx=2,hash=ea7e8248...,time=0
info|2024-04-22 18:00:47.890370|[g:1][CONSENSUS][PBFT]checkTimeout Succ,view=232,toView=233,nodeIdx=1,changeCycle=1,myNode=9559e1b5...,timecost=0
info|2024-04-22 18:00:47.891969|[g:1][CONSENSUS][PBFT]checkAndChangeView: Reach consensus,org_view=232,cur_changeCycle=1,curView=232,view=233
info|2024-04-22 18:00:48.892163|[g:1][CONSENSUS]addRawPrepare,height=107,reqIdx=0,hash=166e1949...,time=0
info|2024-04-22 18:00:48.892363|[g:1][CONSENSUS][PBFT]checkTimeout Succ,view=233,toView=234,nodeIdx=1,changeCycle=1,myNode=9559e1b5...,timecost=0
info|2024-04-22 18:00:48.893987|[g:1][CONSENSUS][PBFT]checkAndChangeView: Reach consensus,org_view=233,cur_changeCycle=1,curView=233,view=234
info|2024-04-22 18:00:49.895079|[g:1][CONSENSUS][SEALER]++++++++++++++++ Generating seal on,blkNum=107,tx=0,nodeIdx=1,hash=972fefaa...
info|2024-04-22 18:00:49.895850|[g:1][CONSENSUS][PBFT]checkTimeout Succ,view=234,toView=235,nodeIdx=1,changeCycle=1,myNode=9559e1b5...,timecost=0
info|2024-04-22 18:00:49.897865|[g:1][CONSENSUS][PBFT]checkAndChangeView: Reach consensus,org_view=234,cur_changeCycle=1,curView=234,view=235
info|2024-04-22 18:00:50.899664|[g:1][CONSENSUS]addRawPrepare,height=107,reqIdx=2,hash=2cf8a8ec...,time=0
info|2024-04-22 18:00:50.899933|[g:1][CONSENSUS][PBFT]checkTimeout Succ,view=235,toView=236,nodeIdx=1,changeCycle=1,myNode=9559e1b5...,timecost=0
info|2024-04-22 18:00:50.901161|[g:1][CONSENSUS][PBFT]checkAndChangeView: Reach consensus,org_view=235,cur_changeCycle=1,curView=235,view=236
info|2024-04-22 18:00:51.903039|[g:1][CONSENSUS]addRawPrepare,height=107,reqIdx=0,hash=c33b7117...,time=0
info|2024-04-22 18:00:51.903238|[g:1][CONSENSUS][PBFT]checkTimeout Succ,view=236,toView=237,nodeIdx=1,changeCycle=1,myNode=9559e1b5...,timecost=0
info|2024-04-22 18:00:51.904593|[g:1][CONSENSUS][PBFT]checkAndChangeView: Reach consensus,org_view=236,cur_changeCycle=1,curView=236,view=237
info|2024-04-22 18:00:52.792651|[P2P][Service] heartBeat,connected count=2
info|2024-04-22 18:00:52.904675|[g:1][CONSENSUS][SEALER]++++++++++++++++ Generating seal on,blkNum=107,tx=0,nodeIdx=1,hash=a6b07132...
info|2024-04-22 18:00:52.905278|[g:1][CONSENSUS][PBFT]checkTimeout Succ,view=237,toView=238,nodeIdx=1,changeCycle=1,myNode=9559e1b5...,timecost=0
info|2024-04-22 18:00:52.906697|[g:1][CONSENSUS][PBFT]checkAndChangeView: Reach consensus,org_view=237,cur_changeCycle=1,curView=237,view=238
info|2024-04-22 18:00:53.907628|[g:1][CONSENSUS]addRawPrepare,height=107,reqIdx=2,hash=c8231d57...,time=0
info|2024-04-22 18:00:53.907829|[g:1][CONSENSUS][PBFT]checkTimeout Succ,view=238,toView=239,nodeIdx=1,changeCycle=1,myNode=9559e1b5...,timecost=0
info|2024-04-22 18:00:53.909048|[g:1][CONSENSUS][PBFT]checkAndChangeView: Reach consensus,org_view=238,cur_changeCycle=1,curView=238,view=239
info|2024-04-22 18:00:54.910823|[g:1][CONSENSUS]addRawPrepare,height=107,reqIdx=0,hash=51f05959...,time=0
info|2024-04-22 18:00:54.911066|[g:1][CONSENSUS][PBFT]checkTimeout Succ,view=239,toView=240,nodeIdx=1,changeCycle=1,myNode=9559e1b5...,timecost=1
info|2024-04-22 18:00:54.912571|[g:1][CONSENSUS][PBFT]checkAndChangeView: Reach consensus,org_view=239,cur_changeCycle=1,curView=239,view=240
info|2024-04-22 18:00:55.912078|[g:1][CONSENSUS][SEALER]++++++++++++++++ Generating seal on,blkNum=107,tx=0,nodeIdx=1,hash=50b2ee43...
info|2024-04-22 18:00:55.912829|[g:1][CONSENSUS][PBFT]checkTimeout Succ,view=240,toView=241,nodeIdx=1,changeCycle=1,myNode=9559e1b5...,timecost=0
info|2024-04-22 18:00:55.914594|[g:1][CONSENSUS][PBFT]checkAndChangeView: Reach consensus,org_view=240,cur_changeCycle=1,curView=240,view=241
info|2024-04-22 18:00:56.915982|[g:1][CONSENSUS]addRawPrepare,height=107,reqIdx=2,hash=45464a6e...,time=0
info|2024-04-22 18:00:56.916200|[g:1][CONSENSUS][PBFT]checkTimeout Succ,view=241,toView=242,nodeIdx=1,changeCycle=1,myNode=9559e1b5...,timecost=0
info|2024-04-22 18:00:56.918149|[g:1][CONSENSUS][PBFT]checkAndChangeView: Reach consensus,org_view=241,cur_changeCycle=1,curView=241,view=242
info|2024-04-22 18:00:57.920770|[g:1][CONSENSUS]addRawPrepare,height=107,reqIdx=0,hash=5b08a2fc...,time=0
info|2024-04-22 18:00:57.921075|[g:1][CONSENSUS][PBFT]checkTimeout Succ,view=242,toView=243,nodeIdx=1,changeCycle=1,myNode=9559e1b5...,timecost=1
info|2024-04-22 18:00:57.921716|[g:1][CONSENSUS][PBFT]checkAndChangeView: Reach consensus,org_view=242,cur_changeCycle=1,curView=242,view=243
info|2024-04-22 18:00:58.921748|[g:1][CONSENSUS][SEALER]++++++++++++++++ Generating seal on,blkNum=107,tx=0,nodeIdx=1,hash=ffcb184c...
info|2024-04-22 18:00:58.922471|[g:1][CONSENSUS][PBFT]checkTimeout Succ,view=243,toView=244,nodeIdx=1,changeCycle=1,myNode=9559e1b5...,timecost=0
info|2024-04-22 18:00:58.924509|[g:1][CONSENSUS][PBFT]checkAndChangeView: Reach consensus,org_view=243,cur_changeCycle=1,curView=243,view=244
info|2024-04-22 18:00:59.926274|[g:1][CONSENSUS]addRawPrepare,height=107,reqIdx=2,hash=eb053b3a...,time=0
info|2024-04-22 18:00:59.926494|[g:1][CONSENSUS][PBFT]checkTimeout Succ,view=244,toView=245,nodeIdx=1,changeCycle=1,myNode=9559e1b5...,timecost=0
info|2024-04-22 18:00:59.927799|[g:1][CONSENSUS][PBFT]checkAndChangeView: Reach consensus,org_view=244,cur_changeCycle=1,curView=244,view=245
info|2024-04-22 18:01:00.008136|[RPC][getConsensusStatus]request,groupID=1
info|2024-04-22 18:01:00.049469|[RPC][getGroupPeers]request,groupID=1
info|2024-04-22 18:01:00.928327|[g:1][CONSENSUS]addRawPrepare,height=107,reqIdx=0,hash=7af84c15...,time=0
info|2024-04-22 18:01:00.928539|[g:1][CONSENSUS][PBFT]checkTimeout Succ,view=245,toView=246,nodeIdx=1,changeCycle=1,myNode=9559e1b5...,timecost=0
info|2024-04-22 18:01:00.929543|[g:1][CONSENSUS][PBFT]checkAndChangeView: Reach consensus,org_view=245,cur_changeCycle=1,curView=245,view=246
info|2024-04-22 18:01:01.929564|[g:1][CONSENSUS][SEALER]++++++++++++++++ Generating seal on,blkNum=107,tx=0,nodeIdx=1,hash=9e5abf82...
info|2024-04-22 18:01:01.931412|[g:1][CONSENSUS][PBFT]Trigger fast-viewchange,view=246,toView=246,minView=247,INFO=,reqNum=106,curNum=106,GenIdx=2,Cview=247,view=246,fromIdx=2,fromNode=bccb4948...,fromIp=127.0.0.1:35112,hash=d5591c18...,nodeIdx=1,myNode=9559e1b5...
info|2024-04-22 18:01:01.931579|[g:1][CONSENSUS][PBFT]checkTimeout Succ,view=246,toView=247,nodeIdx=1,changeCycle=1,myNode=9559e1b5...,timecost=0
info|2024-04-22 18:01:01.932054|[g:1][CONSENSUS][PBFT]checkAndChangeView: Reach consensus,org_view=246,cur_changeCycle=1,curView=246,view=247
info|2024-04-22 18:01:02.792716|[P2P][Service] heartBeat,connected count=2
info|2024-04-22 18:01:02.933173|[g:1][CONSENSUS]addRawPrepare,height=107,reqIdx=2,hash=01c6dbd6...,time=0
info|2024-04-22 18:01:02.933420|[g:1][CONSENSUS][PBFT]checkTimeout Succ,view=247,toView=248,nodeIdx=1,changeCycle=1,myNode=9559e1b5...,timecost=0
info|2024-04-22 18:01:02.935159|[g:1][CONSENSUS][PBFT]checkAndChangeView: Reach consensus,org_view=247,cur_changeCycle=1,curView=247,view=248
info|2024-04-22 18:01:03.936001|[g:1][CONSENSUS]addRawPrepare,height=107,reqIdx=0,hash=3f092aae...,time=1
info|2024-04-22 18:01:03.936208|[g:1][CONSENSUS][PBFT]checkTimeout Succ,view=248,toView=249,nodeIdx=1,changeCycle=1,myNode=9559e1b5...,timecost=0
info|2024-04-22 18:01:03.937084|[g:1][CONSENSUS][PBFT]checkAndChangeView: Reach consensus,org_view=248,cur_changeCycle=1,curView=248,view=249
info|2024-04-22 18:01:04.937045|[g:1][CONSENSUS][SEALER]++++++++++++++++ Generating seal on,blkNum=107,tx=0,nodeIdx=1,hash=2d0a64d2...
info|2024-04-22 18:01:04.937599|[g:1][CONSENSUS][PBFT]checkTimeout Succ,view=249,toView=250,nodeIdx=1,changeCycle=1,myNode=9559e1b5...,timecost=0
info|2024-04-22 18:01:04.939222|[g:1][CONSENSUS][PBFT]checkAndChangeView: Reach consensus,org_view=249,cur_changeCycle=1,curView=249,view=250
info|2024-04-22 18:01:05.940846|[g:1][CONSENSUS]addRawPrepare,height=107,reqIdx=2,hash=4f916da7...,time=0
info|2024-04-22 18:01:05.941074|[g:1][CONSENSUS][PBFT]checkTimeout Succ,view=250,toView=251,nodeIdx=1,changeCycle=1,myNode=9559e1b5...,timecost=1
info|2024-04-22 18:01:05.942651|[g:1][CONSENSUS][PBFT]checkAndChangeView: Reach consensus,org_view=250,cur_changeCycle=1,curView=250,view=251
info|2024-04-22 18:01:06.943153|[g:1][CONSENSUS]addRawPrepare,height=107,reqIdx=0,hash=f798d0cf...,time=0
info|2024-04-22 18:01:06.943374|[g:1][CONSENSUS][PBFT]checkTimeout Succ,view=251,toView=252,nodeIdx=1,changeCycle=1,myNode=9559e1b5...,timecost=0
info|2024-04-22 18:01:06.944380|[g:1][CONSENSUS][PBFT]checkAndChangeView: Reach consensus,org_view=251,cur_changeCycle=1,curView=251,view=252
info|2024-04-22 18:01:07.944759|[g:1][CONSENSUS][SEALER]++++++++++++++++ Generating seal on,blkNum=107,tx=0,nodeIdx=1,hash=94963f5b...
info|2024-04-22 18:01:07.945376|[g:1][CONSENSUS][PBFT]checkTimeout Succ,view=252,toView=253,nodeIdx=1,changeCycle=1,myNode=9559e1b5...,timecost=0
info|2024-04-22 18:01:07.947157|[g:1][CONSENSUS][PBFT]checkAndChangeView: Reach consensus,org_view=252,cur_changeCycle=1,curView=252,view=253
info|2024-04-22 18:01:08.948127|[g:1][CONSENSUS]addRawPrepare,height=107,reqIdx=2,hash=7d4b3f30...,time=0
info|2024-04-22 18:01:08.948350|[g:1][CONSENSUS][PBFT]checkTimeout Succ,view=253,toView=254,nodeIdx=1,changeCycle=1,myNode=9559e1b5...,timecost=0
info|2024-04-22 18:01:08.950737|[g:1][CONSENSUS][PBFT]checkAndChangeView: Reach consensus,org_view=253,cur_changeCycle=1,curView=253,view=254
info|2024-04-22 18:01:09.951427|[g:1][CONSENSUS]addRawPrepare,height=107,reqIdx=0,hash=f20b401e...,time=0
info|2024-04-22 18:01:09.951635|[g:1][CONSENSUS][PBFT]checkTimeout Succ,view=254,toView=255,nodeIdx=1,changeCycle=1,myNode=9559e1b5...,timecost=0
info|2024-04-22 18:01:09.953121|[g:1][CONSENSUS][PBFT]checkAndChangeView: Reach consensus,org_view=254,cur_changeCycle=1,curView=254,view=255
info|2024-04-22 18:01:10.010656|[RPC][getPbftView]request,groupID=1
info|2024-04-22 18:01:10.953073|[g:1][CONSENSUS][SEALER]++++++++++++++++ Generating seal on,blkNum=107,tx=0,nodeIdx=1,hash=18c652a8...
info|2024-04-22 18:01:10.953942|[g:1][CONSENSUS][PBFT]checkTimeout Succ,view=255,toView=256,nodeIdx=1,changeCycle=1,myNode=9559e1b5...,timecost=0
info|2024-04-22 18:01:10.955302|[g:1][CONSENSUS][PBFT]checkAndChangeView: Reach consensus,org_view=255,cur_changeCycle=1,curView=255,view=256
info|2024-04-22 18:01:11.956912|[g:1][CONSENSUS]addRawPrepare,height=107,reqIdx=2,hash=1db29cbb...,time=0
info|2024-04-22 18:01:11.957148|[g:1][CONSENSUS][PBFT]checkTimeout Succ,view=256,toView=257,nodeIdx=1,changeCycle=1,myNode=9559e1b5...,timecost=1
info|2024-04-22 18:01:11.958394|[g:1][CONSENSUS][PBFT]checkAndChangeView: Reach consensus,org_view=256,cur_changeCycle=1,curView=256,view=257
info|2024-04-22 18:01:12.792820|[P2P][Service] heartBeat,connected count=2
info|2024-04-22 18:01:12.959258|[g:1][CONSENSUS]addRawPrepare,height=107,reqIdx=0,hash=58af57f8...,time=0
info|2024-04-22 18:01:12.959494|[g:1][CONSENSUS][PBFT]checkTimeout Succ,view=257,toView=258,nodeIdx=1,changeCycle=1,myNode=9559e1b5...,timecost=0
info|2024-04-22 18:01:12.961303|[g:1][CONSENSUS][PBFT]checkAndChangeView: Reach consensus,org_view=257,cur_changeCycle=1,curView=257,view=258
info|2024-04-22 18:01:13.961732|[g:1][CONSENSUS][SEALER]++++++++++++++++ Generating seal on,blkNum=107,tx=0,nodeIdx=1,hash=b4988a6a...
info|2024-04-22 18:01:13.962321|[g:1][CONSENSUS][PBFT]checkTimeout Succ,view=258,toView=259,nodeIdx=1,changeCycle=1,myNode=9559e1b5...,timecost=0
info|2024-04-22 18:01:13.963942|[g:1][CONSENSUS][PBFT]checkAndChangeView: Reach consensus,org_view=258,cur_changeCycle=1,curView=258,view=259
info|2024-04-22 18:01:14.965784|[g:1][CONSENSUS]addRawPrepare,height=107,reqIdx=2,hash=22af734c...,time=0
info|2024-04-22 18:01:14.966040|[g:1][CONSENSUS][PBFT]checkTimeout Succ,view=259,toView=260,nodeIdx=1,changeCycle=1,myNode=9559e1b5...,timecost=1
info|2024-04-22 18:01:14.967737|[g:1][CONSENSUS][PBFT]checkAndChangeView: Reach consensus,org_view=259,cur_changeCycle=1,curView=259,view=260
info|2024-04-22 18:01:15.969339|[g:1][CONSENSUS]addRawPrepare,height=107,reqIdx=0,hash=8e446cff...,time=0
info|2024-04-22 18:01:15.969526|[g:1][CONSENSUS][PBFT]checkTimeout Succ,view=260,toView=261,nodeIdx=1,changeCycle=1,myNode=9559e1b5...,timecost=0
info|2024-04-22 18:01:15.971176|[g:1][CONSENSUS][PBFT]checkAndChangeView: Reach consensus,org_view=260,cur_changeCycle=1,curView=260,view=261
info|2024-04-22 18:01:16.976808|[g:1][CONSENSUS][SEALER]++++++++++++++++ Generating seal on,blkNum=107,tx=0,nodeIdx=1,hash=7dd425fe...
info|2024-04-22 18:01:16.977352|[g:1][CONSENSUS][PBFT]checkTimeout Succ,view=261,toView=262,nodeIdx=1,changeCycle=1,myNode=9559e1b5...,timecost=0
info|2024-04-22 18:01:16.990564|[g:1][CONSENSUS][PBFT]checkAndChangeView: Reach consensus,org_view=261,cur_changeCycle=1,curView=261,view=262
info|2024-04-22 18:01:17.995875|[g:1][CONSENSUS]addRawPrepare,height=107,reqIdx=2,hash=d4884f9a...,time=0
info|2024-04-22 18:01:17.996157|[g:1][CONSENSUS][PBFT]checkTimeout Succ,view=262,toView=263,nodeIdx=1,changeCycle=1,myNode=9559e1b5...,timecost=1
info|2024-04-22 18:01:17.997293|[g:1][CONSENSUS][PBFT]checkAndChangeView: Reach consensus,org_view=262,cur_changeCycle=1,curView=262,view=263
info|2024-04-22 18:01:18.998798|[g:1][CONSENSUS]addRawPrepare,height=107,reqIdx=0,hash=0062f908...,time=0
info|2024-04-22 18:01:18.999030|[g:1][CONSENSUS][PBFT]checkTimeout Succ,view=263,toView=264,nodeIdx=1,changeCycle=1,myNode=9559e1b5...,timecost=1
info|2024-04-22 18:01:19.000071|[g:1][CONSENSUS][PBFT]checkAndChangeView: Reach consensus,org_view=263,cur_changeCycle=1,curView=263,view=264
info|2024-04-22 18:01:20.000157|[g:1][CONSENSUS][SEALER]++++++++++++++++ Generating seal on,blkNum=107,tx=0,nodeIdx=1,hash=cfa8bbde...
info|2024-04-22 18:01:20.001599|[g:1][CONSENSUS][PBFT]checkTimeout Succ,view=264,toView=265,nodeIdx=1,changeCycle=1,myNode=9559e1b5...,timecost=0
info|2024-04-22 18:01:20.003570|[g:1][CONSENSUS][PBFT]checkAndChangeView: Reach consensus,org_view=264,cur_changeCycle=1,curView=264,view=265
info|2024-04-22 18:01:21.005928|[g:1][CONSENSUS][PBFT]Trigger fast-viewchange,view=265,toView=265,minView=266,INFO=,reqNum=106,curNum=106,GenIdx=2,Cview=266,view=265,fromIdx=2,fromNode=bccb4948...,fromIp=127.0.0.1:35112,hash=d5591c18...,nodeIdx=1,myNode=9559e1b5...
info|2024-04-22 18:01:21.006102|[g:1][CONSENSUS][PBFT]checkTimeout Succ,view=265,toView=266,nodeIdx=1,changeCycle=2,myNode=9559e1b5...,timecost=1
info|2024-04-22 18:01:21.006376|[g:1][CONSENSUS][PBFT]checkAndChangeView: Reach consensus,org_view=265,cur_changeCycle=2,curView=265,view=266
info|2024-04-22 18:01:22.007177|[g:1][CONSENSUS]addRawPrepare,height=107,reqIdx=0,hash=b833c775...,time=0
info|2024-04-22 18:01:22.007442|[g:1][CONSENSUS][PBFT]checkTimeout Succ,view=266,toView=267,nodeIdx=1,changeCycle=1,myNode=9559e1b5...,timecost=0
info|2024-04-22 18:01:22.009324|[g:1][CONSENSUS][PBFT]checkAndChangeView: Reach consensus,org_view=266,cur_changeCycle=1,curView=266,view=267
info|2024-04-22 18:01:22.792899|[P2P][Service] heartBeat,connected count=2
info|2024-04-22 18:01:23.009801|[g:1][CONSENSUS][SEALER]++++++++++++++++ Generating seal on,blkNum=107,tx=0,nodeIdx=1,hash=cf65f1b5...
info|2024-04-22 18:01:23.010412|[g:1][CONSENSUS][PBFT]checkTimeout Succ,view=267,toView=268,nodeIdx=1,changeCycle=1,myNode=9559e1b5...,timecost=0
info|2024-04-22 18:01:23.012065|[g:1][CONSENSUS][PBFT]checkAndChangeView: Reach consensus,org_view=267,cur_changeCycle=1,curView=267,view=268
info|2024-04-22 18:01:24.013974|[g:1][CONSENSUS]addRawPrepare,height=107,reqIdx=2,hash=2d57754f...,time=0
info|2024-04-22 18:01:24.014207|[g:1][CONSENSUS][PBFT]checkTimeout Succ,view=268,toView=269,nodeIdx=1,changeCycle=1,myNode=9559e1b5...,timecost=0
info|2024-04-22 18:01:24.015846|[g:1][CONSENSUS][PBFT]checkAndChangeView: Reach consensus,org_view=268,cur_changeCycle=1,curView=268,view=269
info|2024-04-22 18:01:25.016582|[g:1][CONSENSUS]addRawPrepare,height=107,reqIdx=0,hash=c858fa60...,time=0
info|2024-04-22 18:01:25.016849|[g:1][CONSENSUS][PBFT]checkTimeout Succ,view=269,toView=270,nodeIdx=1,changeCycle=1,myNode=9559e1b5...,timecost=0
info|2024-04-22 18:01:25.018529|[g:1][CONSENSUS][PBFT]checkAndChangeView: Reach consensus,org_view=269,cur_changeCycle=1,curView=269,view=270
info|2024-04-22 18:01:26.018093|[g:1][CONSENSUS][SEALER]++++++++++++++++ Generating seal on,blkNum=107,tx=0,nodeIdx=1,hash=5a61c5bf...
info|2024-04-22 18:01:26.018587|[g:1][CONSENSUS][PBFT]checkTimeout Succ,view=270,toView=271,nodeIdx=1,changeCycle=1,myNode=9559e1b5...,timecost=0
info|2024-04-22 18:01:26.020284|[g:1][CONSENSUS][PBFT]checkAndChangeView: Reach consensus,org_view=270,cur_changeCycle=1,curView=270,view=271
info|2024-04-22 18:01:27.021543|[g:1][CONSENSUS]addRawPrepare,height=107,reqIdx=2,hash=820c2d54...,time=0
info|2024-04-22 18:01:27.021762|[g:1][CONSENSUS][PBFT]checkTimeout Succ,view=271,toView=272,nodeIdx=1,changeCycle=1,myNode=9559e1b5...,timecost=0
info|2024-04-22 18:01:27.023446|[g:1][CONSENSUS][PBFT]checkAndChangeView: Reach consensus,org_view=271,cur_changeCycle=1,curView=271,view=272
info|2024-04-22 18:01:28.024535|[g:1][CONSENSUS]addRawPrepare,height=107,reqIdx=0,hash=0a278d6a...,time=0
info|2024-04-22 18:01:28.024961|[g:1][CONSENSUS][PBFT]checkTimeout Succ,view=272,toView=273,nodeIdx=1,changeCycle=1,myNode=9559e1b5...,timecost=0
info|2024-04-22 18:01:28.026297|[g:1][CONSENSUS][PBFT]checkAndChangeView: Reach consensus,org_view=272,cur_changeCycle=1,curView=272,view=273
info|2024-04-22 18:01:29.026774|[g:1][CONSENSUS][SEALER]++++++++++++++++ Generating seal on,blkNum=107,tx=0,nodeIdx=1,hash=fdfb91ba...
info|2024-04-22 18:01:29.027377|[g:1][CONSENSUS][PBFT]checkTimeout Succ,view=273,toView=274,nodeIdx=1,changeCycle=1,myNode=9559e1b5...,timecost=0
info|2024-04-22 18:01:29.029770|[g:1][CONSENSUS][PBFT]checkAndChangeView: Reach consensus,org_view=273,cur_changeCycle=1,curView=273,view=274
info|2024-04-22 18:01:30.031583|[g:1][CONSENSUS]addRawPrepare,height=107,reqIdx=2,hash=5b13f8e7...,time=0
info|2024-04-22 18:01:30.031789|[g:1][CONSENSUS][PBFT]checkTimeout Succ,view=274,toView=275,nodeIdx=1,changeCycle=1,myNode=9559e1b5...,timecost=0
info|2024-04-22 18:01:30.034130|[g:1][CONSENSUS][PBFT]checkAndChangeView: Reach consensus,org_view=274,cur_changeCycle=1,curView=274,view=275
info|2024-04-22 18:01:31.036179|[g:1][CONSENSUS]addRawPrepare,height=107,reqIdx=0,hash=cdedbf21...,time=0
info|2024-04-22 18:01:31.036391|[g:1][CONSENSUS][PBFT]checkTimeout Succ,view=275,toView=276,nodeIdx=1,changeCycle=1,myNode=9559e1b5...,timecost=0
info|2024-04-22 18:01:31.037275|[g:1][CONSENSUS][PBFT]checkAndChangeView: Reach consensus,org_view=275,cur_changeCycle=1,curView=275,view=276
info|2024-04-22 18:01:32.038068|[g:1][CONSENSUS][SEALER]++++++++++++++++ Generating seal on,blkNum=107,tx=0,nodeIdx=1,hash=3b049c26...
info|2024-04-22 18:01:32.038497|[g:1][CONSENSUS][PBFT]checkTimeout Succ,view=276,toView=277,nodeIdx=1,changeCycle=1,myNode=9559e1b5...,timecost=0
info|2024-04-22 18:01:32.040252|[g:1][CONSENSUS][PBFT]checkAndChangeView: Reach consensus,org_view=276,cur_changeCycle=1,curView=276,view=277
info|2024-04-22 18:01:32.792994|[P2P][Service] heartBeat,connected count=2
info|2024-04-22 18:01:33.042815|[g:1][CONSENSUS]addRawPrepare,height=107,reqIdx=2,hash=8f69c679...,time=0
info|2024-04-22 18:01:33.043027|[g:1][CONSENSUS][PBFT]checkTimeout Succ,view=277,toView=278,nodeIdx=1,changeCycle=1,myNode=9559e1b5...,timecost=1
info|2024-04-22 18:01:33.043510|[g:1][CONSENSUS][PBFT]checkAndChangeView: Reach consensus,org_view=277,cur_changeCycle=1,curView=277,view=278
info|2024-04-22 18:01:34.044478|[g:1][CONSENSUS]addRawPrepare,height=107,reqIdx=0,hash=d5b124aa...,time=0
info|2024-04-22 18:01:34.044694|[g:1][CONSENSUS][PBFT]checkTimeout Succ,view=278,toView=279,nodeIdx=1,changeCycle=1,myNode=9559e1b5...,timecost=0
info|2024-04-22 18:01:34.046231|[g:1][CONSENSUS][PBFT]checkAndChangeView: Reach consensus,org_view=278,cur_changeCycle=1,curView=278,view=279
info|2024-04-22 18:01:35.046287|[g:1][CONSENSUS][SEALER]++++++++++++++++ Generating seal on,blkNum=107,tx=0,nodeIdx=1,hash=13a74b9e...
info|2024-04-22 18:01:35.046762|[g:1][CONSENSUS][PBFT]checkTimeout Succ,view=279,toView=280,nodeIdx=1,changeCycle=1,myNode=9559e1b5...,timecost=0
info|2024-04-22 18:01:35.048773|[g:1][CONSENSUS][PBFT]checkAndChangeView: Reach consensus,org_view=279,cur_changeCycle=1,curView=279,view=280
info|2024-04-22 18:01:36.051073|[g:1][CONSENSUS]addRawPrepare,height=107,reqIdx=2,hash=3e53641c...,time=0
info|2024-04-22 18:01:36.051273|[g:1][CONSENSUS][PBFT]checkTimeout Succ,view=280,toView=281,nodeIdx=1,changeCycle=1,myNode=9559e1b5...,timecost=0
info|2024-04-22 18:01:36.051753|[g:1][CONSENSUS][PBFT]checkAndChangeView: Reach consensus,org_view=280,cur_changeCycle=1,curView=280,view=281
info|2024-04-22 18:01:37.052994|[g:1][CONSENSUS]addRawPrepare,height=107,reqIdx=0,hash=135b8681...,time=1
info|2024-04-22 18:01:37.053188|[g:1][CONSENSUS][PBFT]checkTimeout Succ,view=281,toView=282,nodeIdx=1,changeCycle=1,myNode=9559e1b5...,timecost=0
info|2024-04-22 18:01:37.054863|[g:1][CONSENSUS][PBFT]checkAndChangeView: Reach consensus,org_view=281,cur_changeCycle=1,curView=281,view=282
info|2024-04-22 18:01:38.054393|[g:1][CONSENSUS][SEALER]++++++++++++++++ Generating seal on,blkNum=107,tx=0,nodeIdx=1,hash=43741ddc...
info|2024-04-22 18:01:38.054835|[g:1][CONSENSUS][PBFT]checkTimeout Succ,view=282,toView=283,nodeIdx=1,changeCycle=1,myNode=9559e1b5...,timecost=0
info|2024-04-22 18:01:38.057741|[g:1][CONSENSUS][PBFT]checkAndChangeView: Reach consensus,org_view=282,cur_changeCycle=1,curView=282,view=283
info|2024-04-22 18:01:39.057903|[g:1][CONSENSUS]addRawPrepare,height=107,reqIdx=2,hash=30855701...,time=0
info|2024-04-22 18:01:39.058107|[g:1][CONSENSUS][PBFT]checkTimeout Succ,view=283,toView=284,nodeIdx=1,changeCycle=1,myNode=9559e1b5...,timecost=1
info|2024-04-22 18:01:39.058812|[g:1][CONSENSUS][PBFT]checkAndChangeView: Reach consensus,org_view=283,cur_changeCycle=1,curView=283,view=284
info|2024-04-22 18:01:40.061418|[g:1][CONSENSUS]addRawPrepare,height=107,reqIdx=0,hash=cb3ae81b...,time=0
info|2024-04-22 18:01:40.061632|[g:1][CONSENSUS][PBFT]checkTimeout Succ,view=284,toView=285,nodeIdx=1,changeCycle=1,myNode=9559e1b5...,timecost=0
info|2024-04-22 18:01:40.062153|[g:1][CONSENSUS][PBFT]checkAndChangeView: Reach consensus,org_view=284,cur_changeCycle=1,curView=284,view=285
info|2024-04-22 18:01:41.062605|[g:1][CONSENSUS][SEALER]++++++++++++++++ Generating seal on,blkNum=107,tx=0,nodeIdx=1,hash=53bbe673...
info|2024-04-22 18:01:41.063161|[g:1][CONSENSUS][PBFT]checkTimeout Succ,view=285,toView=286,nodeIdx=1,changeCycle=1,myNode=9559e1b5...,timecost=1
info|2024-04-22 18:01:41.065271|[g:1][CONSENSUS][PBFT]checkAndChangeView: Reach consensus,org_view=285,cur_changeCycle=1,curView=285,view=286
info|2024-04-22 18:01:42.065128|[g:1][CONSENSUS]addRawPrepare,height=107,reqIdx=2,hash=e0055964...,time=0
info|2024-04-22 18:01:42.065365|[g:1][CONSENSUS][PBFT]checkTimeout Succ,view=286,toView=287,nodeIdx=1,changeCycle=1,myNode=9559e1b5...,timecost=0
info|2024-04-22 18:01:42.066673|[g:1][CONSENSUS][PBFT]checkAndChangeView: Reach consensus,org_view=286,cur_changeCycle=1,curView=286,view=287
info|2024-04-22 18:01:42.793081|[P2P][Service] heartBeat,connected count=2
info|2024-04-22 18:01:43.068578|[g:1][CONSENSUS]addRawPrepare,height=107,reqIdx=0,hash=4d2cdf43...,time=0
info|2024-04-22 18:01:43.068773|[g:1][CONSENSUS][PBFT]checkTimeout Succ,view=287,toView=288,nodeIdx=1,changeCycle=1,myNode=9559e1b5...,timecost=0
info|2024-04-22 18:01:43.070462|[g:1][CONSENSUS][PBFT]checkAndChangeView: Reach consensus,org_view=287,cur_changeCycle=1,curView=287,view=288
info|2024-04-22 18:01:44.070221|[g:1][CONSENSUS][SEALER]++++++++++++++++ Generating seal on,blkNum=107,tx=0,nodeIdx=1,hash=c339e107...
info|2024-04-22 18:01:44.071920|[g:1][CONSENSUS][PBFT]checkTimeout Succ,view=288,toView=289,nodeIdx=1,changeCycle=1,myNode=9559e1b5...,timecost=0
info|2024-04-22 18:01:44.072423|[g:1][CONSENSUS][PBFT]checkAndChangeView: Reach consensus,org_view=288,cur_changeCycle=1,curView=288,view=289
info|2024-04-22 18:01:45.082986|[g:1][CONSENSUS]addRawPrepare,height=107,reqIdx=2,hash=b53253b3...,time=0
info|2024-04-22 18:01:45.083200|[g:1][CONSENSUS][PBFT]checkTimeout Succ,view=289,toView=290,nodeIdx=1,changeCycle=1,myNode=9559e1b5...,timecost=0
info|2024-04-22 18:01:45.088348|[g:1][CONSENSUS][PBFT]checkAndChangeView: Reach consensus,org_view=289,cur_changeCycle=1,curView=289,view=290
info|2024-04-22 18:01:46.116593|[g:1][CONSENSUS]addRawPrepare,height=107,reqIdx=0,hash=bdad4289...,time=0
info|2024-04-22 18:01:46.116799|[g:1][CONSENSUS][PBFT]checkTimeout Succ,view=290,toView=291,nodeIdx=1,changeCycle=1,myNode=9559e1b5...,timecost=0
info|2024-04-22 18:01:46.118223|[g:1][CONSENSUS][PBFT]checkAndChangeView: Reach consensus,org_view=290,cur_changeCycle=1,curView=290,view=291
info|2024-04-22 18:01:47.118754|[g:1][CONSENSUS][SEALER]++++++++++++++++ Generating seal on,blkNum=107,tx=0,nodeIdx=1,hash=32c2151a...
info|2024-04-22 18:01:47.119353|[g:1][CONSENSUS][PBFT]checkTimeout Succ,view=291,toView=292,nodeIdx=1,changeCycle=1,myNode=9559e1b5...,timecost=0
info|2024-04-22 18:01:47.120836|[g:1][CONSENSUS][PBFT]checkAndChangeView: Reach consensus,org_view=291,cur_changeCycle=1,curView=291,view=292
info|2024-04-22 18:01:48.123253|[g:1][CONSENSUS][PBFT]Trigger fast-viewchange,view=292,toView=292,minView=293,INFO=,reqNum=106,curNum=106,GenIdx=0,Cview=293,view=292,fromIdx=0,fromNode=07db2593...,fromIp=127.0.0.1:30301,hash=d5591c18...,nodeIdx=1,myNode=9559e1b5...
info|2024-04-22 18:01:48.123436|[g:1][CONSENSUS][PBFT]checkTimeout Succ,view=292,toView=293,nodeIdx=1,changeCycle=2,myNode=9559e1b5...,timecost=0
info|2024-04-22 18:01:48.123951|[g:1][CONSENSUS][PBFT]checkAndChangeView: Reach consensus,org_view=292,cur_changeCycle=2,curView=292,view=293
info|2024-04-22 18:01:49.125754|[g:1][CONSENSUS]addRawPrepare,height=107,reqIdx=0,hash=5d22ff87...,time=0
info|2024-04-22 18:01:49.126014|[g:1][CONSENSUS][PBFT]checkTimeout Succ,view=293,toView=294,nodeIdx=1,changeCycle=1,myNode=9559e1b5...,timecost=1
info|2024-04-22 18:01:49.126906|[g:1][CONSENSUS][PBFT]checkAndChangeView: Reach consensus,org_view=293,cur_changeCycle=1,curView=293,view=294
info|2024-04-22 18:01:50.017425|[RPC][getPbftView]request,groupID=1
info|2024-04-22 18:01:50.128002|[g:1][CONSENSUS][SEALER]++++++++++++++++ Generating seal on,blkNum=107,tx=0,nodeIdx=1,hash=987686ce...
info|2024-04-22 18:01:50.128680|[g:1][CONSENSUS][PBFT]checkTimeout Succ,view=294,toView=295,nodeIdx=1,changeCycle=1,myNode=9559e1b5...,timecost=0
info|2024-04-22 18:01:50.130375|[g:1][CONSENSUS][PBFT]checkAndChangeView: Reach consensus,org_view=294,cur_changeCycle=1,curView=294,view=295
info|2024-04-22 18:01:51.157428|[g:1][CONSENSUS][PBFT]Trigger fast-viewchange,view=295,toView=295,minView=296,INFO=,reqNum=106,curNum=106,GenIdx=2,Cview=296,view=295,fromIdx=2,fromNode=bccb4948...,fromIp=127.0.0.1:35112,hash=d5591c18...,nodeIdx=1,myNode=9559e1b5...
info|2024-04-22 18:01:51.157626|[g:1][CONSENSUS][PBFT]checkTimeout Succ,view=295,toView=296,nodeIdx=1,changeCycle=2,myNode=9559e1b5...,timecost=0
info|2024-04-22 18:01:51.159227|[g:1][CONSENSUS][PBFT]checkAndChangeView: Reach consensus,org_view=295,cur_changeCycle=2,curView=295,view=296
info|2024-04-22 18:01:52.159015|[g:1][CONSENSUS]addRawPrepare,height=107,reqIdx=0,hash=6d33e09a...,time=0
info|2024-04-22 18:01:52.159229|[g:1][CONSENSUS][PBFT]checkTimeout Succ,view=296,toView=297,nodeIdx=1,changeCycle=1,myNode=9559e1b5...,timecost=0
info|2024-04-22 18:01:52.160933|[g:1][CONSENSUS][PBFT]checkAndChangeView: Reach consensus,org_view=296,cur_changeCycle=1,curView=296,view=297
info|2024-04-22 18:01:52.793150|[P2P][Service] heartBeat,connected count=2
info|2024-04-22 18:01:53.161496|[g:1][CONSENSUS][SEALER]++++++++++++++++ Generating seal on,blkNum=107,tx=0,nodeIdx=1,hash=f6d49a2e...
info|2024-04-22 18:01:53.162173|[g:1][CONSENSUS][PBFT]checkTimeout Succ,view=297,toView=298,nodeIdx=1,changeCycle=1,myNode=9559e1b5...,timecost=1
info|2024-04-22 18:01:53.164009|[g:1][CONSENSUS][PBFT]checkAndChangeView: Reach consensus,org_view=297,cur_changeCycle=1,curView=297,view=298
info|2024-04-22 18:01:54.166058|[g:1][CONSENSUS]addRawPrepare,height=107,reqIdx=2,hash=7ce86d4f...,time=0
info|2024-04-22 18:01:54.166304|[g:1][CONSENSUS][PBFT]checkTimeout Succ,view=298,toView=299,nodeIdx=1,changeCycle=1,myNode=9559e1b5...,timecost=0
info|2024-04-22 18:01:54.167272|[g:1][CONSENSUS][PBFT]checkAndChangeView: Reach consensus,org_view=298,cur_changeCycle=1,curView=298,view=299
info|2024-04-22 18:01:55.167852|[g:1][CONSENSUS]addRawPrepare,height=107,reqIdx=0,hash=deeffed1...,time=0
info|2024-04-22 18:01:55.168136|[g:1][CONSENSUS][PBFT]checkTimeout Succ,view=299,toView=300,nodeIdx=1,changeCycle=1,myNode=9559e1b5...,timecost=1
info|2024-04-22 18:01:55.169509|[g:1][CONSENSUS][PBFT]checkAndChangeView: Reach consensus,org_view=299,cur_changeCycle=1,curView=299,view=300
info|2024-04-22 18:01:56.169272|[g:1][CONSENSUS][SEALER]++++++++++++++++ Generating seal on,blkNum=107,tx=0,nodeIdx=1,hash=bc1abe73...
info|2024-04-22 18:01:56.169729|[g:1][CONSENSUS][PBFT]checkTimeout Succ,view=300,toView=301,nodeIdx=1,changeCycle=1,myNode=9559e1b5...,timecost=0
info|2024-04-22 18:01:56.171273|[g:1][CONSENSUS][PBFT]checkAndChangeView: Reach consensus,org_view=300,cur_changeCycle=1,curView=300,view=301
info|2024-04-22 18:01:57.173524|[g:1][CONSENSUS]addRawPrepare,height=107,reqIdx=2,hash=062ce7ba...,time=0
info|2024-04-22 18:01:57.173709|[g:1][CONSENSUS][PBFT]checkTimeout Succ,view=301,toView=302,nodeIdx=1,changeCycle=1,myNode=9559e1b5...,timecost=0
info|2024-04-22 18:01:57.174589|[g:1][CONSENSUS][PBFT]checkAndChangeView: Reach consensus,org_view=301,cur_changeCycle=1,curView=301,view=302
info|2024-04-22 18:01:58.175921|[g:1][CONSENSUS]addRawPrepare,height=107,reqIdx=0,hash=16190ab6...,time=0
info|2024-04-22 18:01:58.176165|[g:1][CONSENSUS][PBFT]checkTimeout Succ,view=302,toView=303,nodeIdx=1,changeCycle=1,myNode=9559e1b5...,timecost=1
info|2024-04-22 18:01:58.176746|[g:1][CONSENSUS][PBFT]checkAndChangeView: Reach consensus,org_view=302,cur_changeCycle=1,curView=302,view=303
info|2024-04-22 18:01:59.176454|[g:1][CONSENSUS][SEALER]++++++++++++++++ Generating seal on,blkNum=107,tx=0,nodeIdx=1,hash=ee9198b1...
info|2024-04-22 18:01:59.176987|[g:1][CONSENSUS][PBFT]checkTimeout Succ,view=303,toView=304,nodeIdx=1,changeCycle=1,myNode=9559e1b5...,timecost=0
info|2024-04-22 18:01:59.178803|[g:1][CONSENSUS][PBFT]checkAndChangeView: Reach consensus,org_view=303,cur_changeCycle=1,curView=303,view=304
info|2024-04-22 18:02:00.033276|[RPC][getSyncStatus]request,groupID=1
info|2024-04-22 18:02:00.178979|[g:1][CONSENSUS]addRawPrepare,height=107,reqIdx=2,hash=d0b6db7a...,time=0
info|2024-04-22 18:02:00.179175|[g:1][CONSENSUS][PBFT]checkTimeout Succ,view=304,toView=305,nodeIdx=1,changeCycle=1,myNode=9559e1b5...,timecost=0
info|2024-04-22 18:02:00.180603|[g:1][CONSENSUS][PBFT]checkAndChangeView: Reach consensus,org_view=304,cur_changeCycle=1,curView=304,view=305
info|2024-04-22 18:02:01.182206|[g:1][CONSENSUS]addRawPrepare,height=107,reqIdx=0,hash=af99ae60...,time=0
info|2024-04-22 18:02:01.182447|[g:1][CONSENSUS][PBFT]checkTimeout Succ,view=305,toView=306,nodeIdx=1,changeCycle=1,myNode=9559e1b5...,timecost=0
info|2024-04-22 18:02:01.183745|[g:1][CONSENSUS][PBFT]checkAndChangeView: Reach consensus,org_view=305,cur_changeCycle=1,curView=305,view=306
info|2024-04-22 18:02:02.183120|[g:1][CONSENSUS][SEALER]++++++++++++++++ Generating seal on,blkNum=107,tx=0,nodeIdx=1,hash=dd542e98...
info|2024-04-22 18:02:02.183758|[g:1][CONSENSUS][PBFT]checkTimeout Succ,view=306,toView=307,nodeIdx=1,changeCycle=1,myNode=9559e1b5...,timecost=0
info|2024-04-22 18:02:02.185414|[g:1][CONSENSUS][PBFT]checkAndChangeView: Reach consensus,org_view=306,cur_changeCycle=1,curView=306,view=307
info|2024-04-22 18:02:02.793229|[P2P][Service] heartBeat,connected count=2
info|2024-04-22 18:02:03.187801|[g:1][CONSENSUS][PBFT]Trigger fast-viewchange,view=307,toView=307,minView=308,INFO=,reqNum=106,curNum=106,GenIdx=2,Cview=308,view=307,fromIdx=2,fromNode=bccb4948...,fromIp=127.0.0.1:35112,hash=d5591c18...,nodeIdx=1,myNode=9559e1b5...
info|2024-04-22 18:02:03.188039|[g:1][CONSENSUS][PBFT]checkTimeout Succ,view=307,toView=308,nodeIdx=1,changeCycle=2,myNode=9559e1b5...,timecost=1
info|2024-04-22 18:02:03.188674|[g:1][CONSENSUS][PBFT]checkAndChangeView: Reach consensus,org_view=307,cur_changeCycle=2,curView=307,view=308
info|2024-04-22 18:02:04.188858|[g:1][CONSENSUS]addRawPrepare,height=107,reqIdx=0,hash=0605e61a...,time=0
info|2024-04-22 18:02:04.189097|[g:1][CONSENSUS][PBFT]checkTimeout Succ,view=308,toView=309,nodeIdx=1,changeCycle=1,myNode=9559e1b5...,timecost=1
info|2024-04-22 18:02:04.189974|[g:1][CONSENSUS][PBFT]checkAndChangeView: Reach consensus,org_view=308,cur_changeCycle=1,curView=308,view=309
info|2024-04-22 18:02:05.190171|[g:1][CONSENSUS][SEALER]++++++++++++++++ Generating seal on,blkNum=107,tx=0,nodeIdx=1,hash=5291937a...
info|2024-04-22 18:02:05.190846|[g:1][CONSENSUS][PBFT]checkTimeout Succ,view=309,toView=310,nodeIdx=1,changeCycle=1,myNode=9559e1b5...,timecost=0
info|2024-04-22 18:02:05.193657|[g:1][CONSENSUS][PBFT]checkAndChangeView: Reach consensus,org_view=309,cur_changeCycle=1,curView=309,view=310
info|2024-04-22 18:02:06.193862|[g:1][CONSENSUS]addRawPrepare,height=107,reqIdx=2,hash=785096b6...,time=0
info|2024-04-22 18:02:06.194138|[g:1][CONSENSUS][PBFT]checkTimeout Succ,view=310,toView=311,nodeIdx=1,changeCycle=1,myNode=9559e1b5...,timecost=1
info|2024-04-22 18:02:06.196362|[g:1][CONSENSUS][PBFT]checkAndChangeView: Reach consensus,org_view=310,cur_changeCycle=1,curView=310,view=311
info|2024-04-22 18:02:07.197195|[g:1][CONSENSUS]addRawPrepare,height=107,reqIdx=0,hash=c8dd98e8...,time=0
info|2024-04-22 18:02:07.197414|[g:1][CONSENSUS][PBFT]checkTimeout Succ,view=311,toView=312,nodeIdx=1,changeCycle=1,myNode=9559e1b5...,timecost=0
info|2024-04-22 18:02:07.198328|[g:1][CONSENSUS][PBFT]checkAndChangeView: Reach consensus,org_view=311,cur_changeCycle=1,curView=311,view=312
info|2024-04-22 18:02:08.198495|[g:1][CONSENSUS][SEALER]++++++++++++++++ Generating seal on,blkNum=107,tx=0,nodeIdx=1,hash=65c60f75...
info|2024-04-22 18:02:08.199079|[g:1][CONSENSUS][PBFT]checkTimeout Succ,view=312,toView=313,nodeIdx=1,changeCycle=1,myNode=9559e1b5...,timecost=1
info|2024-04-22 18:02:08.200641|[g:1][CONSENSUS][PBFT]checkAndChangeView: Reach consensus,org_view=312,cur_changeCycle=1,curView=312,view=313
info|2024-04-22 18:02:09.201036|[g:1][CONSENSUS]addRawPrepare,height=107,reqIdx=2,hash=0207ad16...,time=0
info|2024-04-22 18:02:09.201249|[g:1][CONSENSUS][PBFT]checkTimeout Succ,view=313,toView=314,nodeIdx=1,changeCycle=1,myNode=9559e1b5...,timecost=0
info|2024-04-22 18:02:09.202578|[g:1][CONSENSUS][PBFT]checkAndChangeView: Reach consensus,org_view=313,cur_changeCycle=1,curView=313,view=314
info|2024-04-22 18:02:10.014683|[RPC][getPbftView]request,groupID=1
info|2024-04-22 18:02:10.203430|[g:1][CONSENSUS]addRawPrepare,height=107,reqIdx=0,hash=7f4d7b1c...,time=0
info|2024-04-22 18:02:10.203637|[g:1][CONSENSUS][PBFT]checkTimeout Succ,view=314,toView=315,nodeIdx=1,changeCycle=1,myNode=9559e1b5...,timecost=0
info|2024-04-22 18:02:10.205400|[g:1][CONSENSUS][PBFT]checkAndChangeView: Reach consensus,org_view=314,cur_changeCycle=1,curView=314,view=315
info|2024-04-22 18:02:11.205795|[g:1][CONSENSUS][SEALER]++++++++++++++++ Generating seal on,blkNum=107,tx=0,nodeIdx=1,hash=3b232dd4...
info|2024-04-22 18:02:11.206317|[g:1][CONSENSUS][PBFT]checkTimeout Succ,view=315,toView=316,nodeIdx=1,changeCycle=1,myNode=9559e1b5...,timecost=0
info|2024-04-22 18:02:11.208426|[g:1][CONSENSUS][PBFT]checkAndChangeView: Reach consensus,org_view=315,cur_changeCycle=1,curView=315,view=316
info|2024-04-22 18:02:12.209073|[g:1][CONSENSUS]addRawPrepare,height=107,reqIdx=2,hash=6acd1d51...,time=0
info|2024-04-22 18:02:12.209371|[g:1][CONSENSUS][PBFT]checkTimeout Succ,view=316,toView=317,nodeIdx=1,changeCycle=1,myNode=9559e1b5...,timecost=0
info|2024-04-22 18:02:12.211038|[g:1][CONSENSUS][PBFT]checkAndChangeView: Reach consensus,org_view=316,cur_changeCycle=1,curView=316,view=317
info|2024-04-22 18:02:12.793299|[P2P][Service] heartBeat,connected count=2
info|2024-04-22 18:02:13.213266|[g:1][CONSENSUS]addRawPrepare,height=107,reqIdx=0,hash=f6bcb20f...,time=0
info|2024-04-22 18:02:13.213529|[g:1][CONSENSUS][PBFT]checkTimeout Succ,view=317,toView=318,nodeIdx=1,changeCycle=1,myNode=9559e1b5...,timecost=0
info|2024-04-22 18:02:13.214857|[g:1][CONSENSUS][PBFT]checkAndChangeView: Reach consensus,org_view=317,cur_changeCycle=1,curView=317,view=318
info|2024-04-22 18:02:14.214176|[g:1][CONSENSUS][SEALER]++++++++++++++++ Generating seal on,blkNum=107,tx=0,nodeIdx=1,hash=11bd2066...
info|2024-04-22 18:02:14.214574|[g:1][CONSENSUS][PBFT]checkTimeout Succ,view=318,toView=319,nodeIdx=1,changeCycle=1,myNode=9559e1b5...,timecost=0
info|2024-04-22 18:02:14.216543|[g:1][CONSENSUS][PBFT]checkAndChangeView: Reach consensus,org_view=318,cur_changeCycle=1,curView=318,view=319
info|2024-04-22 18:02:15.217161|[g:1][CONSENSUS]addRawPrepare,height=107,reqIdx=2,hash=e7e17081...,time=0
info|2024-04-22 18:02:15.217354|[g:1][CONSENSUS][PBFT]checkTimeout Succ,view=319,toView=320,nodeIdx=1,changeCycle=1,myNode=9559e1b5...,timecost=0
info|2024-04-22 18:02:15.218429|[g:1][CONSENSUS][PBFT]checkAndChangeView: Reach consensus,org_view=319,cur_changeCycle=1,curView=319,view=320
info|2024-04-22 18:02:16.220619|[g:1][CONSENSUS]addRawPrepare,height=107,reqIdx=0,hash=5c462c33...,time=0
info|2024-04-22 18:02:16.220860|[g:1][CONSENSUS][PBFT]checkTimeout Succ,view=320,toView=321,nodeIdx=1,changeCycle=1,myNode=9559e1b5...,timecost=0
info|2024-04-22 18:02:16.222366|[g:1][CONSENSUS][PBFT]checkAndChangeView: Reach consensus,org_view=320,cur_changeCycle=1,curView=320,view=321
info|2024-04-22 18:02:17.222209|[g:1][CONSENSUS][SEALER]++++++++++++++++ Generating seal on,blkNum=107,tx=0,nodeIdx=1,hash=b1837fb9...
info|2024-04-22 18:02:17.222782|[g:1][CONSENSUS][PBFT]checkTimeout Succ,view=321,toView=322,nodeIdx=1,changeCycle=1,myNode=9559e1b5...,timecost=0
info|2024-04-22 18:02:17.224456|[g:1][CONSENSUS][PBFT]checkAndChangeView: Reach consensus,org_view=321,cur_changeCycle=1,curView=321,view=322
info|2024-04-22 18:02:18.226922|[g:1][CONSENSUS]addRawPrepare,height=107,reqIdx=2,hash=ebe8e817...,time=0
info|2024-04-22 18:02:18.227205|[g:1][CONSENSUS][PBFT]checkTimeout Succ,view=322,toView=323,nodeIdx=1,changeCycle=1,myNode=9559e1b5...,timecost=1
info|2024-04-22 18:02:18.228788|[g:1][CONSENSUS][PBFT]checkAndChangeView: Reach consensus,org_view=322,cur_changeCycle=1,curView=322,view=323
info|2024-04-22 18:02:19.229055|[g:1][CONSENSUS]addRawPrepare,height=107,reqIdx=0,hash=f727a5db...,time=0
info|2024-04-22 18:02:19.229253|[g:1][CONSENSUS][PBFT]checkTimeout Succ,view=323,toView=324,nodeIdx=1,changeCycle=1,myNode=9559e1b5...,timecost=0
info|2024-04-22 18:02:19.230995|[g:1][CONSENSUS][PBFT]checkAndChangeView: Reach consensus,org_view=323,cur_changeCycle=1,curView=323,view=324
info|2024-04-22 18:02:20.231972|[g:1][CONSENSUS][SEALER]++++++++++++++++ Generating seal on,blkNum=107,tx=0,nodeIdx=1,hash=bf56a7d8...
info|2024-04-22 18:02:20.232655|[g:1][CONSENSUS][PBFT]checkTimeout Succ,view=324,toView=325,nodeIdx=1,changeCycle=1,myNode=9559e1b5...,timecost=0
info|2024-04-22 18:02:20.234223|[g:1][CONSENSUS][PBFT]checkAndChangeView: Reach consensus,org_view=324,cur_changeCycle=1,curView=324,view=325
info|2024-04-22 18:02:21.235629|[g:1][CONSENSUS]addRawPrepare,height=107,reqIdx=2,hash=d6506da3...,time=0
info|2024-04-22 18:02:21.235916|[g:1][CONSENSUS][PBFT]checkTimeout Succ,view=325,toView=326,nodeIdx=1,changeCycle=1,myNode=9559e1b5...,timecost=0
info|2024-04-22 18:02:21.238061|[g:1][CONSENSUS][PBFT]checkAndChangeView: Reach consensus,org_view=325,cur_changeCycle=1,curView=325,view=326
info|2024-04-22 18:02:22.238061|[g:1][CONSENSUS]addRawPrepare,height=107,reqIdx=0,hash=038b6d1d...,time=0
info|2024-04-22 18:02:22.238303|[g:1][CONSENSUS][PBFT]checkTimeout Succ,view=326,toView=327,nodeIdx=1,changeCycle=1,myNode=9559e1b5...,timecost=0
info|2024-04-22 18:02:22.239973|[g:1][CONSENSUS][PBFT]checkAndChangeView: Reach consensus,org_view=326,cur_changeCycle=1,curView=326,view=327
info|2024-04-22 18:02:22.793350|[P2P][Service] heartBeat,connected count=2
info|2024-04-22 18:02:23.240163|[g:1][CONSENSUS][SEALER]++++++++++++++++ Generating seal on,blkNum=107,tx=0,nodeIdx=1,hash=94961b4f...
info|2024-04-22 18:02:23.241620|[g:1][CONSENSUS][PBFT]checkTimeout Succ,view=327,toView=328,nodeIdx=1,changeCycle=1,myNode=9559e1b5...,timecost=0
info|2024-04-22 18:02:23.242537|[g:1][CONSENSUS][PBFT]checkAndChangeView: Reach consensus,org_view=327,cur_changeCycle=1,curView=327,view=328
info|2024-04-22 18:02:24.244345|[g:1][CONSENSUS]addRawPrepare,height=107,reqIdx=2,hash=f260d491...,time=0
info|2024-04-22 18:02:24.244571|[g:1][CONSENSUS][PBFT]checkTimeout Succ,view=328,toView=329,nodeIdx=1,changeCycle=1,myNode=9559e1b5...,timecost=0
info|2024-04-22 18:02:24.246386|[g:1][CONSENSUS][PBFT]checkAndChangeView: Reach consensus,org_view=328,cur_changeCycle=1,curView=328,view=329
info|2024-04-22 18:02:25.247923|[g:1][CONSENSUS]addRawPrepare,height=107,reqIdx=0,hash=4e747e2e...,time=0
info|2024-04-22 18:02:25.248135|[g:1][CONSENSUS][PBFT]checkTimeout Succ,view=329,toView=330,nodeIdx=1,changeCycle=1,myNode=9559e1b5...,timecost=1
info|2024-04-22 18:02:25.249102|[g:1][CONSENSUS][PBFT]checkAndChangeView: Reach consensus,org_view=329,cur_changeCycle=1,curView=329,view=330
info|2024-04-22 18:02:26.249788|[g:1][CONSENSUS][SEALER]++++++++++++++++ Generating seal on,blkNum=107,tx=0,nodeIdx=1,hash=3e14215e...
info|2024-04-22 18:02:26.250383|[g:1][CONSENSUS][PBFT]checkTimeout Succ,view=330,toView=331,nodeIdx=1,changeCycle=1,myNode=9559e1b5...,timecost=0
info|2024-04-22 18:02:26.252135|[g:1][CONSENSUS][PBFT]checkAndChangeView: Reach consensus,org_view=330,cur_changeCycle=1,curView=330,view=331
info|2024-04-22 18:02:27.254024|[g:1][CONSENSUS]addRawPrepare,height=107,reqIdx=2,hash=1a477b44...,time=0
info|2024-04-22 18:02:27.254226|[g:1][CONSENSUS][PBFT]checkTimeout Succ,view=331,toView=332,nodeIdx=1,changeCycle=1,myNode=9559e1b5...,timecost=0
info|2024-04-22 18:02:27.255022|[g:1][CONSENSUS][PBFT]checkAndChangeView: Reach consensus,org_view=331,cur_changeCycle=1,curView=331,view=332
info|2024-04-22 18:02:28.256922|[g:1][CONSENSUS]addRawPrepare,height=107,reqIdx=0,hash=e3857a29...,time=0
info|2024-04-22 18:02:28.257160|[g:1][CONSENSUS][PBFT]checkTimeout Succ,view=332,toView=333,nodeIdx=1,changeCycle=1,myNode=9559e1b5...,timecost=1
info|2024-04-22 18:02:28.259512|[g:1][CONSENSUS][PBFT]checkAndChangeView: Reach consensus,org_view=332,cur_changeCycle=1,curView=332,view=333
info|2024-04-22 18:02:29.259504|[g:1][CONSENSUS][SEALER]++++++++++++++++ Generating seal on,blkNum=107,tx=0,nodeIdx=1,hash=b7c5566f...
info|2024-04-22 18:02:29.260060|[g:1][CONSENSUS][PBFT]checkTimeout Succ,view=333,toView=334,nodeIdx=1,changeCycle=1,myNode=9559e1b5...,timecost=1
info|2024-04-22 18:02:29.261653|[g:1][CONSENSUS][PBFT]checkAndChangeView: Reach consensus,org_view=333,cur_changeCycle=1,curView=333,view=334
info|2024-04-22 18:02:30.015957|[RPC][getPbftView]request,groupID=1
info|2024-04-22 18:02:30.263497|[g:1][CONSENSUS]addRawPrepare,height=107,reqIdx=2,hash=a3a0bdb7...,time=0
info|2024-04-22 18:02:30.263691|[g:1][CONSENSUS][PBFT]checkTimeout Succ,view=334,toView=335,nodeIdx=1,changeCycle=1,myNode=9559e1b5...,timecost=0
info|2024-04-22 18:02:30.265292|[g:1][CONSENSUS][PBFT]checkAndChangeView: Reach consensus,org_view=334,cur_changeCycle=1,curView=334,view=335
info|2024-04-22 18:02:31.266730|[g:1][CONSENSUS]addRawPrepare,height=107,reqIdx=0,hash=299aed58...,time=0
info|2024-04-22 18:02:31.266989|[g:1][CONSENSUS][PBFT]checkTimeout Succ,view=335,toView=336,nodeIdx=1,changeCycle=1,myNode=9559e1b5...,timecost=0
info|2024-04-22 18:02:31.268088|[g:1][CONSENSUS][PBFT]checkAndChangeView: Reach consensus,org_view=335,cur_changeCycle=1,curView=335,view=336
info|2024-04-22 18:02:32.268637|[g:1][CONSENSUS][SEALER]++++++++++++++++ Generating seal on,blkNum=107,tx=0,nodeIdx=1,hash=b03b17d2...
info|2024-04-22 18:02:32.269124|[g:1][CONSENSUS][PBFT]checkTimeout Succ,view=336,toView=337,nodeIdx=1,changeCycle=1,myNode=9559e1b5...,timecost=1
info|2024-04-22 18:02:32.270952|[g:1][CONSENSUS][PBFT]checkAndChangeView: Reach consensus,org_view=336,cur_changeCycle=1,curView=336,view=337
info|2024-04-22 18:02:32.793409|[P2P][Service] heartBeat,connected count=2
info|2024-04-22 18:02:33.272592|[g:1][CONSENSUS]addRawPrepare,height=107,reqIdx=2,hash=8a71baf0...,time=0
info|2024-04-22 18:02:33.272815|[g:1][CONSENSUS][PBFT]checkTimeout Succ,view=337,toView=338,nodeIdx=1,changeCycle=1,myNode=9559e1b5...,timecost=0
info|2024-04-22 18:02:33.274495|[g:1][CONSENSUS][PBFT]checkAndChangeView: Reach consensus,org_view=337,cur_changeCycle=1,curView=337,view=338
info|2024-04-22 18:02:34.274804|[g:1][CONSENSUS]addRawPrepare,height=107,reqIdx=0,hash=d86af783...,time=0
info|2024-04-22 18:02:34.275050|[g:1][CONSENSUS][PBFT]checkTimeout Succ,view=338,toView=339,nodeIdx=1,changeCycle=1,myNode=9559e1b5...,timecost=1
info|2024-04-22 18:02:34.276884|[g:1][CONSENSUS][PBFT]checkAndChangeView: Reach consensus,org_view=338,cur_changeCycle=1,curView=338,view=339
info|2024-04-22 18:02:35.277575|[g:1][CONSENSUS][SEALER]++++++++++++++++ Generating seal on,blkNum=107,tx=0,nodeIdx=1,hash=2738b6c4...
info|2024-04-22 18:02:35.278099|[g:1][CONSENSUS][PBFT]checkTimeout Succ,view=339,toView=340,nodeIdx=1,changeCycle=1,myNode=9559e1b5...,timecost=1
info|2024-04-22 18:02:35.280027|[g:1][CONSENSUS][PBFT]checkAndChangeView: Reach consensus,org_view=339,cur_changeCycle=1,curView=339,view=340
info|2024-04-22 18:02:36.280858|[g:1][CONSENSUS]addRawPrepare,height=107,reqIdx=2,hash=0f9fa28b...,time=0
info|2024-04-22 18:02:36.281111|[g:1][CONSENSUS][PBFT]checkTimeout Succ,view=340,toView=341,nodeIdx=1,changeCycle=1,myNode=9559e1b5...,timecost=1
info|2024-04-22 18:02:36.282533|[g:1][CONSENSUS][PBFT]checkAndChangeView: Reach consensus,org_view=340,cur_changeCycle=1,curView=340,view=341
info|2024-04-22 18:02:37.284291|[g:1][CONSENSUS]addRawPrepare,height=107,reqIdx=0,hash=d2a55dc6...,time=0
info|2024-04-22 18:02:37.284522|[g:1][CONSENSUS][PBFT]checkTimeout Succ,view=341,toView=342,nodeIdx=1,changeCycle=1,myNode=9559e1b5...,timecost=0
info|2024-04-22 18:02:37.285569|[g:1][CONSENSUS][PBFT]checkAndChangeView: Reach consensus,org_view=341,cur_changeCycle=1,curView=341,view=342
info|2024-04-22 18:02:38.285259|[g:1][CONSENSUS][SEALER]++++++++++++++++ Generating seal on,blkNum=107,tx=0,nodeIdx=1,hash=87982416...
info|2024-04-22 18:02:38.285739|[g:1][CONSENSUS][PBFT]checkTimeout Succ,view=342,toView=343,nodeIdx=1,changeCycle=1,myNode=9559e1b5...,timecost=0
info|2024-04-22 18:02:38.287292|[g:1][CONSENSUS][PBFT]checkAndChangeView: Reach consensus,org_view=342,cur_changeCycle=1,curView=342,view=343
info|2024-04-22 18:02:39.289037|[g:1][CONSENSUS]addRawPrepare,height=107,reqIdx=2,hash=66407221...,time=0
info|2024-04-22 18:02:39.289236|[g:1][CONSENSUS][PBFT]checkTimeout Succ,view=343,toView=344,nodeIdx=1,changeCycle=1,myNode=9559e1b5...,timecost=0
info|2024-04-22 18:02:39.290156|[g:1][CONSENSUS][PBFT]checkAndChangeView: Reach consensus,org_view=343,cur_changeCycle=1,curView=343,view=344
info|2024-04-22 18:02:40.013958|[RPC][getPbftView]request,groupID=1
info|2024-04-22 18:02:40.291428|[g:1][CONSENSUS]addRawPrepare,height=107,reqIdx=0,hash=2d780c0b...,time=0
info|2024-04-22 18:02:40.291663|[g:1][CONSENSUS][PBFT]checkTimeout Succ,view=344,toView=345,nodeIdx=1,changeCycle=1,myNode=9559e1b5...,timecost=0
info|2024-04-22 18:02:40.293281|[g:1][CONSENSUS][PBFT]checkAndChangeView: Reach consensus,org_view=344,cur_changeCycle=1,curView=344,view=345
info|2024-04-22 18:02:41.293778|[g:1][CONSENSUS][SEALER]++++++++++++++++ Generating seal on,blkNum=107,tx=0,nodeIdx=1,hash=b78b5c55...
info|2024-04-22 18:02:41.294319|[g:1][CONSENSUS][PBFT]checkTimeout Succ,view=345,toView=346,nodeIdx=1,changeCycle=1,myNode=9559e1b5...,timecost=0
info|2024-04-22 18:02:41.296140|[g:1][CONSENSUS][PBFT]checkAndChangeView: Reach consensus,org_view=345,cur_changeCycle=1,curView=345,view=346
info|2024-04-22 18:02:42.298819|[g:1][CONSENSUS]addRawPrepare,height=107,reqIdx=2,hash=d49c899a...,time=0
info|2024-04-22 18:02:42.299064|[g:1][CONSENSUS][PBFT]checkTimeout Succ,view=346,toView=347,nodeIdx=1,changeCycle=1,myNode=9559e1b5...,timecost=1
info|2024-04-22 18:02:42.299579|[g:1][CONSENSUS][PBFT]checkAndChangeView: Reach consensus,org_view=346,cur_changeCycle=1,curView=346,view=347
info|2024-04-22 18:02:42.793526|[P2P][Service] heartBeat,connected count=2
info|2024-04-22 18:02:43.300386|[g:1][CONSENSUS]addRawPrepare,height=107,reqIdx=0,hash=863239b9...,time=0
info|2024-04-22 18:02:43.300609|[g:1][CONSENSUS][PBFT]checkTimeout Succ,view=347,toView=348,nodeIdx=1,changeCycle=1,myNode=9559e1b5...,timecost=0
info|2024-04-22 18:02:43.302583|[g:1][CONSENSUS][PBFT]checkAndChangeView: Reach consensus,org_view=347,cur_changeCycle=1,curView=347,view=348
info|2024-04-22 18:02:44.302606|[g:1][CONSENSUS][SEALER]++++++++++++++++ Generating seal on,blkNum=107,tx=0,nodeIdx=1,hash=21985568...
info|2024-04-22 18:02:44.303222|[g:1][CONSENSUS][PBFT]checkTimeout Succ,view=348,toView=349,nodeIdx=1,changeCycle=1,myNode=9559e1b5...,timecost=0
info|2024-04-22 18:02:44.305817|[g:1][CONSENSUS][PBFT]checkAndChangeView: Reach consensus,org_view=348,cur_changeCycle=1,curView=348,view=349
info|2024-04-22 18:02:45.307064|[g:1][CONSENSUS]addRawPrepare,height=107,reqIdx=2,hash=69cbf425...,time=0
info|2024-04-22 18:02:45.307259|[g:1][CONSENSUS][PBFT]checkTimeout Succ,view=349,toView=350,nodeIdx=1,changeCycle=1,myNode=9559e1b5...,timecost=0
info|2024-04-22 18:02:45.309165|[g:1][CONSENSUS][PBFT]checkAndChangeView: Reach consensus,org_view=349,cur_changeCycle=1,curView=349,view=350
info|2024-04-22 18:02:46.310074|[g:1][CONSENSUS]addRawPrepare,height=107,reqIdx=0,hash=e9a4c8c0...,time=0
info|2024-04-22 18:02:46.310281|[g:1][CONSENSUS][PBFT]checkTimeout Succ,view=350,toView=351,nodeIdx=1,changeCycle=1,myNode=9559e1b5...,timecost=0
info|2024-04-22 18:02:46.311765|[g:1][CONSENSUS][PBFT]checkAndChangeView: Reach consensus,org_view=350,cur_changeCycle=1,curView=350,view=351
info|2024-04-22 18:02:47.311686|[g:1][CONSENSUS][SEALER]++++++++++++++++ Generating seal on,blkNum=107,tx=0,nodeIdx=1,hash=451f938c...
info|2024-04-22 18:02:47.312183|[g:1][CONSENSUS][PBFT]checkTimeout Succ,view=351,toView=352,nodeIdx=1,changeCycle=1,myNode=9559e1b5...,timecost=0
info|2024-04-22 18:02:47.314975|[g:1][CONSENSUS][PBFT]checkAndChangeView: Reach consensus,org_view=351,cur_changeCycle=1,curView=351,view=352
info|2024-04-22 18:02:48.315234|[g:1][CONSENSUS]addRawPrepare,height=107,reqIdx=2,hash=06b46dec...,time=0
info|2024-04-22 18:02:48.315469|[g:1][CONSENSUS][PBFT]checkTimeout Succ,view=352,toView=353,nodeIdx=1,changeCycle=1,myNode=9559e1b5...,timecost=0
info|2024-04-22 18:02:48.317382|[g:1][CONSENSUS][PBFT]checkAndChangeView: Reach consensus,org_view=352,cur_changeCycle=1,curView=352,view=353
info|2024-04-22 18:02:49.317708|[g:1][CONSENSUS]addRawPrepare,height=107,reqIdx=0,hash=d4d513d3...,time=0
info|2024-04-22 18:02:49.317989|[g:1][CONSENSUS][PBFT]checkTimeout Succ,view=353,toView=354,nodeIdx=1,changeCycle=1,myNode=9559e1b5...,timecost=0
info|2024-04-22 18:02:49.319702|[g:1][CONSENSUS][PBFT]checkAndChangeView: Reach consensus,org_view=353,cur_changeCycle=1,curView=353,view=354
info|2024-04-22 18:02:50.319083|[g:1][CONSENSUS][SEALER]++++++++++++++++ Generating seal on,blkNum=107,tx=0,nodeIdx=1,hash=6e68420e...
info|2024-04-22 18:02:50.321178|[g:1][CONSENSUS][PBFT]Trigger fast-viewchange,view=354,toView=354,minView=355,INFO=,reqNum=106,curNum=106,GenIdx=0,Cview=355,view=354,fromIdx=0,fromNode=07db2593...,fromIp=127.0.0.1:30301,hash=d5591c18...,nodeIdx=1,myNode=9559e1b5...
info|2024-04-22 18:02:50.321392|[g:1][CONSENSUS][PBFT]checkTimeout Succ,view=354,toView=355,nodeIdx=1,changeCycle=1,myNode=9559e1b5...,timecost=0
info|2024-04-22 18:02:50.321635|[g:1][CONSENSUS][PBFT]checkAndChangeView: Reach consensus,org_view=354,cur_changeCycle=1,curView=354,view=355
info|2024-04-22 18:02:51.323993|[g:1][CONSENSUS]addRawPrepare,height=107,reqIdx=2,hash=abb33869...,time=1
info|2024-04-22 18:02:51.324311|[g:1][CONSENSUS][PBFT]checkTimeout Succ,view=355,toView=356,nodeIdx=1,changeCycle=1,myNode=9559e1b5...,timecost=0
info|2024-04-22 18:02:51.326415|[g:1][CONSENSUS][PBFT]checkAndChangeView: Reach consensus,org_view=355,cur_changeCycle=1,curView=355,view=356
info|2024-04-22 18:02:52.326285|[g:1][CONSENSUS]addRawPrepare,height=107,reqIdx=0,hash=2ad4ce45...,time=0
info|2024-04-22 18:02:52.326627|[g:1][CONSENSUS][PBFT]checkTimeout Succ,view=356,toView=357,nodeIdx=1,changeCycle=1,myNode=9559e1b5...,timecost=0
info|2024-04-22 18:02:52.328628|[g:1][CONSENSUS][PBFT]checkAndChangeView: Reach consensus,org_view=356,cur_changeCycle=1,curView=356,view=357
info|2024-04-22 18:02:52.793584|[P2P][Service] heartBeat,connected count=2
info|2024-04-22 18:02:53.328749|[g:1][CONSENSUS][SEALER]++++++++++++++++ Generating seal on,blkNum=107,tx=0,nodeIdx=1,hash=f020df7d...
info|2024-04-22 18:02:53.329320|[g:1][CONSENSUS][PBFT]checkTimeout Succ,view=357,toView=358,nodeIdx=1,changeCycle=1,myNode=9559e1b5...,timecost=0
info|2024-04-22 18:02:53.331681|[g:1][CONSENSUS][PBFT]checkAndChangeView: Reach consensus,org_view=357,cur_changeCycle=1,curView=357,view=358
info|2024-04-22 18:02:54.229829|[LEDGER]stop sealer,groupID=1
info|2024-04-22 18:02:54.229857|[CONSENSUS][SEALER]Stop sealer module...
info|2024-04-22 18:02:54.231634|[CONSENSUS][ConsensusEngine][Stop ConsensusEngineBase]
info|2024-04-22 18:02:54.233020|[CONSENSUS][ConsensusEngine]ConsensusEngineBase stopped
info|2024-04-22 18:02:54.233038|[LEDGER]sealer stopped. stop sync,groupID=1
info|2024-04-22 18:02:54.233289|[g:1] [SYNC][id:9559e1b5...]SyncMsgEngine stopped
info|2024-04-22 18:02:54.242283|[GossipBlockStatus]stop GossipBlockStatus succ
info|2024-04-22 18:02:55.133256|[SYNC][id:9559e1b5...][g:1]SyncMaster stopped
info|2024-04-22 18:02:55.133273|[LEDGER]sync stopped. stop event filter manager,groupID=1
info|2024-04-22 18:02:55.198178|[EVENT][EventLogFilterManager]stop
info|2024-04-22 18:02:55.198197|[LEDGER]event filter manager stopped. stop tx pool,groupID=1
info|2024-04-22 18:02:55.198318|[LEDGER]removeNetworkStatHandlerByGroupID and removeGroupBandwidthLimiter for service,groupID=1
info|2024-04-22 18:02:55.198329|[CHANNEL]removeSDKAllowListByGroupId,groupId=1
info|2024-04-22 18:02:55.198334|[INITIALIZER]ledgerInitializer stopped
warning|2024-04-22 18:02:56.180758|[NETWORK][Session]doRead error,endpoint=127.0.0.1:35112,message=short read
info|2024-04-22 18:02:56.180779|[NETWORK][Session]drop, call and erase all callbackFunc in this session!,endpoint=127.0.0.1:35112
warning|2024-04-22 18:02:56.180789|[NETWORK][Session][drop] closing remote 127.0.0.1:35112,reason=Low-level TCP communication error.,endpoint=127.0.0.1:35112
error|2024-04-22 18:02:56.180841|[NETWORK][Session]Session inactived
error|2024-04-22 18:02:56.180847|[NETWORK][Session]Session inactived
warning|2024-04-22 18:02:56.180854|[P2P][Service] disconnect error P2PSession,nodeID=bccb4948...,endpoint=127.0.0.1:35112,errorCode=3,what=Disconnect
warning|2024-04-22 18:02:56.180863|[NETWORK][Session][drop] shutdown failed ,errorValue=9,message=Bad file descriptor
warning|2024-04-22 18:02:56.180906|[P2P][Service] onDisconnect,errorCode=3,what=Dynamic exception type: dev::network::NetworkException
std::exception::what: Disconnect

warning|2024-04-22 18:02:56.195484|[NETWORK][Session]doRead error,endpoint=127.0.0.1:30301,message=short read
info|2024-04-22 18:02:56.195507|[NETWORK][Session]drop, call and erase all callbackFunc in this session!,endpoint=127.0.0.1:30301
warning|2024-04-22 18:02:56.195521|[NETWORK][Session][drop] closing remote 127.0.0.1:30301,reason=Low-level TCP communication error.,endpoint=127.0.0.1:30301
error|2024-04-22 18:02:56.195576|[NETWORK][Session]Session inactived
error|2024-04-22 18:02:56.195581|[NETWORK][Session]Session inactived
warning|2024-04-22 18:02:56.195584|[NETWORK][Session][drop] shutdown failed ,errorValue=9,message=Bad file descriptor
warning|2024-04-22 18:02:56.195601|[P2P][Service] disconnect error P2PSession,nodeID=07db2593...,endpoint=127.0.0.1:30301,errorCode=3,what=Disconnect
warning|2024-04-22 18:02:56.195620|[P2P][Service] onDisconnect,errorCode=3,what=Dynamic exception type: dev::network::NetworkException
std::exception::what: Disconnect

info|2024-04-22 18:02:56.198552|[INITIALIZER]ChannelRPCHttpServer deleted.
info|2024-04-22 18:02:56.199015|[INITIALIZER]JsonrpcHttpServer deleted.
info|2024-04-22 18:02:56.199029|[INITIALIZER]RPCInitializer stopped
info|2024-04-22 18:02:56.199055|[NETWORK][Host]Host exit
info|2024-04-22 18:02:56.199345|[INITIALIZER]P2PInitializer stopped
info|2024-04-22 18:02:56.199365|[LEDGER]stop sealer,groupID=1
info|2024-04-22 18:02:56.199370|[LEDGER]sealer stopped. stop sync,groupID=1
info|2024-04-22 18:02:56.199377|[g:1] [SYNC][id:9559e1b5...]SyncMsgEngine stopped
info|2024-04-22 18:02:56.199386|[GossipBlockStatus]GossipBlockStatus already stopped
info|2024-04-22 18:02:56.199390|[SYNC][id:9559e1b5...][g:1]SyncMaster stopped
info|2024-04-22 18:02:56.199395|[LEDGER]sync stopped. stop event filter manager,groupID=1
info|2024-04-22 18:02:56.199398|[LEDGER]event filter manager stopped. stop tx pool,groupID=1
info|2024-04-22 18:02:56.199404|[LEDGER]removeNetworkStatHandlerByGroupID and removeGroupBandwidthLimiter for service,groupID=1
info|2024-04-22 18:02:56.199412|[g:1][STORAGE][CachedStorage]Stopping flushStorage thread
info|2024-04-22 18:02:57.113938|[g:1][STORAGE][CachedStorage]flushStorage thread stopped.
info|2024-04-22 18:02:57.113964|[DBINITIALIZER] storage stopped
info|2024-04-22 18:02:57.114864|[g:1] [SYNC][id:9559e1b5...]SyncMsgEngine stopped
info|2024-04-22 18:02:57.114917|[GossipBlockStatus]GossipBlockStatus already stopped
info|2024-04-22 18:02:57.114921|[SYNC][id:9559e1b5...][g:1]SyncMaster stopped
info|2024-04-22 18:02:57.114935|[g:1] [SYNC][id:9559e1b5...]SyncMsgEngine stopped
